==26216== Helgrind, a thread error detector
==26216== Copyright (C) 2007-2015, and GNU GPL'd, by OpenWorks LLP et al.
==26216== Using Valgrind-3.11.0 and LibVEX; rerun with -h for copyright info
==26216== Command: bin/memoria
==26216== Parent PID: 26215
==26216== 
==26216== ---Thread-Announcement------------------------------------------
==26216== 
==26216== Thread #2 was created
==26216==    at 0x4165091: clone (clone.S:88)
==26216==    by 0x40661AD: create_thread (createthread.c:102)
==26216==    by 0x406799E: pthread_create@@GLIBC_2.1 (pthread_create.c:679)
==26216==    by 0x4032043: ??? (in /usr/lib/valgrind/vgpreload_helgrind-x86-linux.so)
==26216==    by 0x804AB39: iniciar_servidor (servidor.c:40)
==26216==    by 0x8049A0A: main (main.c:23)
==26216== 
==26216== ---Thread-Announcement------------------------------------------
==26216== 
==26216== Thread #1 is the program's root thread
==26216== 
==26216== ----------------------------------------------------------------
==26216== 
==26216==  Lock at 0x8050130 was first observed
==26216==    at 0x4032F68: pthread_mutex_init (in /usr/lib/valgrind/vgpreload_helgrind-x86-linux.so)
==26216==    by 0x804BA98: manejar_test_swap (swap.c:277)
==26216==    by 0x804B0C5: iniciar_swap (servidor.c:151)
==26216==    by 0x8049A4D: main (main.c:27)
==26216==  Address 0x8050130 is 0 bytes inside data symbol "mutex_movimientos"
==26216== 
==26216== Possible data race during read of size 4 at 0x8050160 by thread #2
==26216== Locks held: 1, at address 0x8050130
==26216==    at 0x804B4DB: crear_movimiento_swap (swap.c:112)
==26216==    by 0x804AD1B: rutina_creador_movimientos (servidor.c:79)
==26216==    by 0x40321E2: ??? (in /usr/lib/valgrind/vgpreload_helgrind-x86-linux.so)
==26216==    by 0x4067294: start_thread (pthread_create.c:333)
==26216==    by 0x41650AD: clone (clone.S:114)
==26216== 
==26216== This conflicts with a previous write of size 4 by thread #1
==26216== Locks held: none
==26216==    at 0x804BA85: manejar_test_swap (swap.c:276)
==26216==    by 0x804B0C5: iniciar_swap (servidor.c:151)
==26216==    by 0x8049A4D: main (main.c:27)
==26216==  Address 0x8050160 is 0 bytes inside data symbol "movimientos_pendientes"
==26216== 
==26216== ----------------------------------------------------------------
==26216== 
==26216==  Lock at 0x8050130 was first observed
==26216==    at 0x4032F68: pthread_mutex_init (in /usr/lib/valgrind/vgpreload_helgrind-x86-linux.so)
==26216==    by 0x804BA98: manejar_test_swap (swap.c:277)
==26216==    by 0x804B0C5: iniciar_swap (servidor.c:151)
==26216==    by 0x8049A4D: main (main.c:27)
==26216==  Address 0x8050130 is 0 bytes inside data symbol "mutex_movimientos"
==26216== 
==26216== Possible data race during read of size 4 at 0x423DB40 by thread #2
==26216== Locks held: 1, at address 0x8050130
==26216==    at 0x405A321: queue_push (queue.c:47)
==26216==    by 0x804B4EB: crear_movimiento_swap (swap.c:112)
==26216==    by 0x804AD1B: rutina_creador_movimientos (servidor.c:79)
==26216==    by 0x40321E2: ??? (in /usr/lib/valgrind/vgpreload_helgrind-x86-linux.so)
==26216==    by 0x4067294: start_thread (pthread_create.c:333)
==26216==    by 0x41650AD: clone (clone.S:114)
==26216==  Address 0x423db40 is 0 bytes inside a block of size 4 alloc'd
==26216==    at 0x402D36C: malloc (in /usr/lib/valgrind/vgpreload_helgrind-x86-linux.so)
==26216==    by 0x405A226: queue_create (queue.c:22)
==26216==    by 0x804BA84: manejar_test_swap (swap.c:276)
==26216==    by 0x804B0C5: iniciar_swap (servidor.c:151)
==26216==    by 0x8049A4D: main (main.c:27)
==26216==  Block was alloc'd by thread #1
==26216== 
==26216== ----------------------------------------------------------------
==26216== 
==26216==  Lock at 0x8050130 was first observed
==26216==    at 0x4032F68: pthread_mutex_init (in /usr/lib/valgrind/vgpreload_helgrind-x86-linux.so)
==26216==    by 0x804BA98: manejar_test_swap (swap.c:277)
==26216==    by 0x804B0C5: iniciar_swap (servidor.c:151)
==26216==    by 0x8049A4D: main (main.c:27)
==26216==  Address 0x8050130 is 0 bytes inside data symbol "mutex_movimientos"
==26216== 
==26216== Possible data race during read of size 4 at 0x423DB78 by thread #2
==26216== Locks held: 1, at address 0x8050130
==26216==    at 0x405B72F: list_add_element (list.c:434)
==26216==    by 0x405A4A6: list_add (list.c:44)
==26216==    by 0x405A330: queue_push (queue.c:47)
==26216==    by 0x804B4EB: crear_movimiento_swap (swap.c:112)
==26216==    by 0x804AD1B: rutina_creador_movimientos (servidor.c:79)
==26216==    by 0x40321E2: ??? (in /usr/lib/valgrind/vgpreload_helgrind-x86-linux.so)
==26216==    by 0x4067294: start_thread (pthread_create.c:333)
==26216==    by 0x41650AD: clone (clone.S:114)
==26216==  Address 0x423db78 is 0 bytes inside a block of size 8 alloc'd
==26216==    at 0x402D36C: malloc (in /usr/lib/valgrind/vgpreload_helgrind-x86-linux.so)
==26216==    by 0x405A3FE: list_create (list.c:32)
==26216==    by 0x405A231: queue_create (queue.c:23)
==26216==    by 0x804BA84: manejar_test_swap (swap.c:276)
==26216==    by 0x804B0C5: iniciar_swap (servidor.c:151)
==26216==    by 0x8049A4D: main (main.c:27)
==26216==  Block was alloc'd by thread #1
==26216== 
==26216== ----------------------------------------------------------------
==26216== 
==26216==  Lock at 0x8050130 was first observed
==26216==    at 0x4032F68: pthread_mutex_init (in /usr/lib/valgrind/vgpreload_helgrind-x86-linux.so)
==26216==    by 0x804BA98: manejar_test_swap (swap.c:277)
==26216==    by 0x804B0C5: iniciar_swap (servidor.c:151)
==26216==    by 0x8049A4D: main (main.c:27)
==26216==  Address 0x8050130 is 0 bytes inside data symbol "mutex_movimientos"
==26216== 
==26216== Possible data race during write of size 4 at 0x423DB78 by thread #2
==26216== Locks held: 1, at address 0x8050130
==26216==    at 0x405B5DC: list_link_element (list.c:385)
==26216==    by 0x405B778: list_add_element (list.c:442)
==26216==    by 0x405A4A6: list_add (list.c:44)
==26216==    by 0x405A330: queue_push (queue.c:47)
==26216==    by 0x804B4EB: crear_movimiento_swap (swap.c:112)
==26216==    by 0x804AD1B: rutina_creador_movimientos (servidor.c:79)
==26216==    by 0x40321E2: ??? (in /usr/lib/valgrind/vgpreload_helgrind-x86-linux.so)
==26216==    by 0x4067294: start_thread (pthread_create.c:333)
==26216==    by 0x41650AD: clone (clone.S:114)
==26216==  Address 0x423db78 is 0 bytes inside a block of size 8 alloc'd
==26216==    at 0x402D36C: malloc (in /usr/lib/valgrind/vgpreload_helgrind-x86-linux.so)
==26216==    by 0x405A3FE: list_create (list.c:32)
==26216==    by 0x405A231: queue_create (queue.c:23)
==26216==    by 0x804BA84: manejar_test_swap (swap.c:276)
==26216==    by 0x804B0C5: iniciar_swap (servidor.c:151)
==26216==    by 0x8049A4D: main (main.c:27)
==26216==  Block was alloc'd by thread #1
==26216== 
==26216== ----------------------------------------------------------------
==26216== 
==26216==  Lock at 0x8050130 was first observed
==26216==    at 0x4032F68: pthread_mutex_init (in /usr/lib/valgrind/vgpreload_helgrind-x86-linux.so)
==26216==    by 0x804BA98: manejar_test_swap (swap.c:277)
==26216==    by 0x804B0C5: iniciar_swap (servidor.c:151)
==26216==    by 0x8049A4D: main (main.c:27)
==26216==  Address 0x8050130 is 0 bytes inside data symbol "mutex_movimientos"
==26216== 
==26216== Possible data race during read of size 4 at 0x423DB7C by thread #2
==26216== Locks held: 1, at address 0x8050130
==26216==    at 0x405B5F8: list_link_element (list.c:390)
==26216==    by 0x405B778: list_add_element (list.c:442)
==26216==    by 0x405A4A6: list_add (list.c:44)
==26216==    by 0x405A330: queue_push (queue.c:47)
==26216==    by 0x804B4EB: crear_movimiento_swap (swap.c:112)
==26216==    by 0x804AD1B: rutina_creador_movimientos (servidor.c:79)
==26216==    by 0x40321E2: ??? (in /usr/lib/valgrind/vgpreload_helgrind-x86-linux.so)
==26216==    by 0x4067294: start_thread (pthread_create.c:333)
==26216==    by 0x41650AD: clone (clone.S:114)
==26216==  Address 0x423db7c is 4 bytes inside a block of size 8 alloc'd
==26216==    at 0x402D36C: malloc (in /usr/lib/valgrind/vgpreload_helgrind-x86-linux.so)
==26216==    by 0x405A3FE: list_create (list.c:32)
==26216==    by 0x405A231: queue_create (queue.c:23)
==26216==    by 0x804BA84: manejar_test_swap (swap.c:276)
==26216==    by 0x804B0C5: iniciar_swap (servidor.c:151)
==26216==    by 0x8049A4D: main (main.c:27)
==26216==  Block was alloc'd by thread #1
==26216== 
==26216== ----------------------------------------------------------------
==26216== 
==26216==  Lock at 0x8050130 was first observed
==26216==    at 0x4032F68: pthread_mutex_init (in /usr/lib/valgrind/vgpreload_helgrind-x86-linux.so)
==26216==    by 0x804BA98: manejar_test_swap (swap.c:277)
==26216==    by 0x804B0C5: iniciar_swap (servidor.c:151)
==26216==    by 0x8049A4D: main (main.c:27)
==26216==  Address 0x8050130 is 0 bytes inside data symbol "mutex_movimientos"
==26216== 
==26216== Possible data race during write of size 4 at 0x423DB7C by thread #2
==26216== Locks held: 1, at address 0x8050130
==26216==    at 0x405B601: list_link_element (list.c:390)
==26216==    by 0x405B778: list_add_element (list.c:442)
==26216==    by 0x405A4A6: list_add (list.c:44)
==26216==    by 0x405A330: queue_push (queue.c:47)
==26216==    by 0x804B4EB: crear_movimiento_swap (swap.c:112)
==26216==    by 0x804AD1B: rutina_creador_movimientos (servidor.c:79)
==26216==    by 0x40321E2: ??? (in /usr/lib/valgrind/vgpreload_helgrind-x86-linux.so)
==26216==    by 0x4067294: start_thread (pthread_create.c:333)
==26216==    by 0x41650AD: clone (clone.S:114)
==26216==  Address 0x423db7c is 4 bytes inside a block of size 8 alloc'd
==26216==    at 0x402D36C: malloc (in /usr/lib/valgrind/vgpreload_helgrind-x86-linux.so)
==26216==    by 0x405A3FE: list_create (list.c:32)
==26216==    by 0x405A231: queue_create (queue.c:23)
==26216==    by 0x804BA84: manejar_test_swap (swap.c:276)
==26216==    by 0x804B0C5: iniciar_swap (servidor.c:151)
==26216==    by 0x8049A4D: main (main.c:27)
==26216==  Block was alloc'd by thread #1
==26216== 
==26216== ----------------------------------------------------------------
==26216== 
==26216== Possible data race during read of size 4 at 0x8050124 by thread #2
==26216== Locks held: none
==26216==    at 0x804B515: crear_movimiento_swap (swap.c:117)
==26216==    by 0x804AD1B: rutina_creador_movimientos (servidor.c:79)
==26216==    by 0x40321E2: ??? (in /usr/lib/valgrind/vgpreload_helgrind-x86-linux.so)
==26216==    by 0x4067294: start_thread (pthread_create.c:333)
==26216==    by 0x41650AD: clone (clone.S:114)
==26216== 
==26216== This conflicts with a previous write of size 4 by thread #1
==26216== Locks held: none
==26216==    at 0x804BA3F: manejar_test_swap (swap.c:272)
==26216==    by 0x804B0C5: iniciar_swap (servidor.c:151)
==26216==    by 0x8049A4D: main (main.c:27)
==26216==  Address 0x8050124 is 0 bytes inside data symbol "sem_movimiento"
==26216== 
==26216== ----------------------------------------------------------------
==26216== 
==26216== Possible data race during read of size 4 at 0x8050128 by thread #2
==26216== Locks held: none
==26216==    at 0x804B53C: crear_movimiento_swap (swap.c:121)
==26216==    by 0x804AD1B: rutina_creador_movimientos (servidor.c:79)
==26216==    by 0x40321E2: ??? (in /usr/lib/valgrind/vgpreload_helgrind-x86-linux.so)
==26216==    by 0x4067294: start_thread (pthread_create.c:333)
==26216==    by 0x41650AD: clone (clone.S:114)
==26216== 
==26216== This conflicts with a previous write of size 4 by thread #1
==26216== Locks held: none
==26216==    at 0x804BA51: manejar_test_swap (swap.c:273)
==26216==    by 0x804B0C5: iniciar_swap (servidor.c:151)
==26216==    by 0x8049A4D: main (main.c:27)
==26216==  Address 0x8050128 is 0 bytes inside data symbol "sem_respuesta"
==26216== 
==26216== 
==26216== Process terminating with default action of signal 11 (SIGSEGV)
==26216==  Access not within mapped region at address 0x0
==26216==    at 0x405A5CC: list_get (list.c:61)
==26216==    by 0x804B047: rutina_creador_movimientos (servidor.c:135)
==26216==    by 0x40321E2: ??? (in /usr/lib/valgrind/vgpreload_helgrind-x86-linux.so)
==26216==    by 0x4067294: start_thread (pthread_create.c:333)
==26216==    by 0x41650AD: clone (clone.S:114)
==26216==  If you believe this happened as a result of a stack
==26216==  overflow in your program's main thread (unlikely but
==26216==  possible), you can try to increase the size of the
==26216==  main thread stack using the --main-stacksize= flag.
==26216==  The main thread stack size used in this run was 8388608.
==26216== 
==26216== For counts of detected and suppressed errors, rerun with: -v
==26216== Use --history-level=approx or =none to gain increased speed, at
==26216== the cost of reduced accuracy of conflicting-access information
==26216== ERROR SUMMARY: 8 errors from 8 contexts (suppressed: 12089 from 91)
