[INFO] 12:18:53:678 memoria/(6873:6873): Estoy en paginación, con entrada valida. Nro marcos: 128. Tamaño marco: 32 bytes
[INFO] 12:18:53:679 memoria/(6873:6873): TLB inicializada. Nro de entradas: 4096
[INFO] 12:18:53:679 memoria/(6873:6873): Creo socket de escucha para recibir los carpinchos
[WARNING] 12:18:53:679 memoria/(6873:6874): El socket no está iniciado
[INFO] 12:18:53:680 memoria/(6873:6873): Servidor listo
[INFO] 12:18:53:680 memoria/(6873:6873): Espero a que llegue un nuevo carpincho
[WARNING] 12:18:53:680 memoria/(6873:6874): El socket no está conectado a un socket remoto
[INFO] 12:18:53:680 memoria/(6873:6874): Espero nuevo movimiento
[INFO] 12:21:32:809 memoria/(7098:7098): Estoy en paginación, con entrada valida. Nro marcos: 128. Tamaño marco: 32 bytes
[INFO] 12:21:32:810 memoria/(7098:7098): TLB inicializada. Nro de entradas: 4096
[INFO] 12:21:32:810 memoria/(7098:7098): Creo socket de escucha para recibir los carpinchos
[INFO] 12:21:32:810 memoria/(7098:7098): Servidor listo
[INFO] 12:21:32:810 memoria/(7098:7098): Espero a que llegue un nuevo carpincho
[INFO] 12:21:32:810 memoria/(7098:7099): Dirección local: 127.0.0.1:51608
[INFO] 12:21:32:811 memoria/(7098:7099): Dirección remota: 127.0.0.1:10072
[INFO] 12:21:32:811 memoria/(7098:7099): Espero nuevo movimiento
[INFO] 12:25:14:373 memoria/(7098:7098): Creo un nuevo carpincho
[INFO] 12:25:14:373 memoria/(7098:7098): Creo carpincho
[INFO] 12:25:14:374 memoria/(7098:7098): Se admitio correctamente el carpincho #1
[INFO] 12:25:14:374 memoria/(7098:7098): Dirección local: 127.0.0.1:37792
[WARNING] 12:25:14:374 memoria/(7098:7098): El socket no está conectado a un socket remoto
[INFO] 12:25:14:375 memoria/(7098:7098): Comunico al caprincho 1 el nuevo puerto con el cual se debe comunicar.
[INFO] 12:25:14:375 memoria/(7098:7098): Espero a que llegue un nuevo carpincho
[INFO] 12:25:14:375 memoria/(7098:7914): Nace un nuevo carpincho
[INFO] 12:31:36:661 memoria/(7098:7098): Cantidad de TLB Hit totales: 0
[INFO] 12:31:36:661 memoria/(7098:7098): Cantidad de TLB Miss totales: 0
[INFO] 12:31:39:044 memoria/(7098:7098): Cantidad de TLB Hit totales: 0
[INFO] 12:31:39:044 memoria/(7098:7098): Cantidad de TLB Miss totales: 0
[INFO] 12:31:39:547 memoria/(7098:7098): Cantidad de TLB Hit totales: 0
[INFO] 12:31:39:547 memoria/(7098:7098): Cantidad de TLB Miss totales: 0
[INFO] 12:31:39:908 memoria/(7098:7098): Cantidad de TLB Hit totales: 0
[INFO] 12:31:39:908 memoria/(7098:7098): Cantidad de TLB Miss totales: 0
[INFO] 12:31:40:316 memoria/(7098:7098): Cantidad de TLB Hit totales: 0
[INFO] 12:31:40:316 memoria/(7098:7098): Cantidad de TLB Miss totales: 0
[INFO] 12:31:40:675 memoria/(7098:7098): Cantidad de TLB Hit totales: 0
[INFO] 12:31:40:677 memoria/(7098:7098): Cantidad de TLB Miss totales: 0
[INFO] 12:31:41:035 memoria/(7098:7098): Cantidad de TLB Hit totales: 0
[INFO] 12:31:41:035 memoria/(7098:7098): Cantidad de TLB Miss totales: 0
[INFO] 12:31:41:371 memoria/(7098:7098): Cantidad de TLB Hit totales: 0
[INFO] 12:31:41:371 memoria/(7098:7098): Cantidad de TLB Miss totales: 0
[INFO] 12:31:41:796 memoria/(7098:7098): Cantidad de TLB Hit totales: 0
[INFO] 12:31:41:796 memoria/(7098:7098): Cantidad de TLB Miss totales: 0
[INFO] 12:31:42:147 memoria/(7098:7098): Cantidad de TLB Hit totales: 0
[INFO] 12:31:42:147 memoria/(7098:7098): Cantidad de TLB Miss totales: 0
[INFO] 12:31:42:515 memoria/(7098:7098): Cantidad de TLB Hit totales: 0
[INFO] 12:31:42:515 memoria/(7098:7098): Cantidad de TLB Miss totales: 0
[INFO] 12:31:42:915 memoria/(7098:7098): Cantidad de TLB Hit totales: 0
[INFO] 12:31:42:915 memoria/(7098:7098): Cantidad de TLB Miss totales: 0
[INFO] 12:31:43:331 memoria/(7098:7098): Cantidad de TLB Hit totales: 0
[INFO] 12:31:43:332 memoria/(7098:7098): Cantidad de TLB Miss totales: 0
[INFO] 12:32:45:541 memoria/(8034:8034): Estoy en paginación, con entrada valida. Nro marcos: 128. Tamaño marco: 32 bytes
[INFO] 12:32:45:542 memoria/(8034:8034): TLB inicializada. Nro de entradas: 4096
[INFO] 12:32:45:542 memoria/(8034:8034): Creo socket de escucha para recibir los carpinchos
[INFO] 12:32:45:542 memoria/(8034:8034): Servidor listo
[INFO] 12:32:45:542 memoria/(8034:8034): Espero a que llegue un nuevo carpincho
[INFO] 12:32:45:542 memoria/(8034:8035): Dirección local: 127.0.0.1:51654
[INFO] 12:32:45:542 memoria/(8034:8035): Dirección remota: 127.0.0.1:10072
[INFO] 12:32:45:542 memoria/(8034:8035): Espero nuevo movimiento
[INFO] 12:33:03:242 memoria/(8034:8034): Creo un nuevo carpincho
[INFO] 12:33:03:242 memoria/(8034:8034): Creo carpincho
[INFO] 12:33:03:242 memoria/(8034:8034): Se admitio correctamente el carpincho #1
[INFO] 12:33:03:243 memoria/(8034:8034): Dirección local: 127.0.0.1:42427
[WARNING] 12:33:03:243 memoria/(8034:8034): El socket no está conectado a un socket remoto
[INFO] 12:33:03:243 memoria/(8034:8034): Comunico al caprincho 1 el nuevo puerto con el cual se debe comunicar.
[INFO] 12:33:03:243 memoria/(8034:8034): Espero a que llegue un nuevo carpincho
[INFO] 12:33:03:244 memoria/(8034:8275): Nace un nuevo carpincho
[INFO] 12:35:38:639 memoria/(8303:8303): Estoy en paginación, con entrada valida. Nro marcos: 128. Tamaño marco: 32 bytes
[INFO] 12:35:38:640 memoria/(8303:8303): TLB inicializada. Nro de entradas: 4096
[INFO] 12:35:38:640 memoria/(8303:8303): Creo socket de escucha para recibir los carpinchos
[INFO] 12:35:38:640 memoria/(8303:8303): Servidor listo
[INFO] 12:35:38:640 memoria/(8303:8303): Espero a que llegue un nuevo carpincho
[WARNING] 12:35:38:641 memoria/(8303:8304): El socket no está iniciado
[WARNING] 12:35:38:641 memoria/(8303:8304): El socket no está conectado a un socket remoto
[INFO] 12:35:38:641 memoria/(8303:8304): Espero nuevo movimiento
[INFO] 12:36:03:399 memoria/(8303:8303): Creo un nuevo carpincho
[INFO] 12:36:03:399 memoria/(8303:8303): Creo carpincho
[INFO] 12:36:03:400 memoria/(8303:8303): Se admitio correctamente el carpincho #1
[INFO] 12:36:03:400 memoria/(8303:8303): Dirección local: 127.0.0.1:41036
[WARNING] 12:36:03:400 memoria/(8303:8303): El socket no está conectado a un socket remoto
[INFO] 12:36:03:400 memoria/(8303:8303): Comunico al caprincho 1 el nuevo puerto con el cual se debe comunicar.
[INFO] 12:36:03:400 memoria/(8303:8303): Espero a que llegue un nuevo carpincho
[INFO] 12:36:03:400 memoria/(8303:8436): Nace un nuevo carpincho
[INFO] 12:40:46:744 memoria/(8731:8731): Estoy en paginación, con entrada valida. Nro marcos: 128. Tamaño marco: 32 bytes
[INFO] 12:40:46:745 memoria/(8731:8731): TLB inicializada. Nro de entradas: 4096
[INFO] 12:40:46:745 memoria/(8731:8731): Creo socket de escucha para recibir los carpinchos
[INFO] 12:40:46:745 memoria/(8731:8731): Servidor listo
[INFO] 12:40:46:746 memoria/(8731:8731): Espero a que llegue un nuevo carpincho
[INFO] 12:40:46:746 memoria/(8731:8732): Dirección local: 127.0.0.1:51678
[INFO] 12:40:46:746 memoria/(8731:8732): Dirección remota: 127.0.0.1:10072
[INFO] 12:40:46:746 memoria/(8731:8732): Espero nuevo movimiento
[INFO] 12:40:50:527 memoria/(8731:8731): Creo un nuevo carpincho
[INFO] 12:40:50:528 memoria/(8731:8731): Creo carpincho
[INFO] 12:40:50:528 memoria/(8731:8731): Se admitio correctamente el carpincho #1
[INFO] 12:40:50:528 memoria/(8731:8731): Dirección local: 127.0.0.1:39209
[WARNING] 12:40:50:528 memoria/(8731:8731): El socket no está conectado a un socket remoto
[INFO] 12:40:50:528 memoria/(8731:8731): Comunico al caprincho 1 el nuevo puerto con el cual se debe comunicar.
[INFO] 12:40:50:528 memoria/(8731:8731): Espero a que llegue un nuevo carpincho
[INFO] 12:40:50:528 memoria/(8731:8733): Nace un nuevo carpincho
[INFO] 12:42:09:850 memoria/(8731:8731): Creo un nuevo carpincho
[INFO] 12:42:09:851 memoria/(8731:8731): Creo carpincho
[INFO] 12:42:09:851 memoria/(8731:8731): Se admitio correctamente el carpincho #2
[INFO] 12:42:09:851 memoria/(8731:8731): Dirección local: 127.0.0.1:43266
[WARNING] 12:42:09:851 memoria/(8731:8731): El socket no está conectado a un socket remoto
[INFO] 12:42:09:852 memoria/(8731:8731): Comunico al caprincho 2 el nuevo puerto con el cual se debe comunicar.
[INFO] 12:42:09:852 memoria/(8731:8731): Espero a que llegue un nuevo carpincho
[INFO] 12:42:09:852 memoria/(8731:8754): Nace un nuevo carpincho
