[INFO] 01:20:34:731 memoria/(6266:6266): Estoy en paginación, con entrada valida. Nro marcos: 128. Tamaño marco: 32 bytes
[INFO] 01:33:54:860 memoria/(6929:6929): Estoy en paginación, con entrada valida. Nro marcos: 128. Tamaño marco: 32 bytes
[INFO] 01:33:54:863 memoria/(6929:6929): Creo socket de escucha para recibir los carpinchos
[INFO] 01:33:54:865 memoria/(6929:6929): Servidor listo
[INFO] 01:33:54:866 memoria/(6929:6929): Espero a que llegue un nuevo carpincho
[INFO] 01:50:19:939 memoria/(9036:9036): Estoy en paginación, con entrada valida. Nro marcos: 128. Tamaño marco: 32 bytes
[INFO] 01:50:19:943 memoria/(9036:9036): Creo socket de escucha para recibir los carpinchos
[INFO] 01:50:19:944 memoria/(9036:9036): Servidor listo
[INFO] 01:50:19:945 memoria/(9036:9036): Espero a que llegue un nuevo carpincho
[INFO] 01:50:28:674 memoria/(9036:9036): Creo carpincho
[INFO] 01:50:28:675 memoria/(9036:9036): Asigno frame. Cant marcos del carpincho #1: 1
[INFO] 01:50:28:675 memoria/(9036:9036): Datos pagina. Marco:0 P:1 M:0 U:1
[INFO] 01:50:28:676 memoria/(9036:9036): Asigno frame. Cant marcos del carpincho #1: 2
[INFO] 01:50:28:676 memoria/(9036:9036): Datos pagina. Marco:1 P:1 M:0 U:1
[INFO] 01:50:28:676 memoria/(9036:9036): Asigno frame. Cant marcos del carpincho #1: 3
[INFO] 01:50:28:677 memoria/(9036:9036): Datos pagina. Marco:2 P:1 M:0 U:1
[INFO] 01:50:28:677 memoria/(9036:9036): Asigno frame. Cant marcos del carpincho #1: 4
[INFO] 01:50:28:678 memoria/(9036:9036): Datos pagina. Marco:3 P:1 M:0 U:1
[INFO] 01:50:28:678 memoria/(9036:9036): Se admitio correctamente el carpincho #1
[INFO] 01:50:28:678 memoria/(9036:9036): Comunico al caprincho 1 el nuevo puerto con el cual se debe comunicar.
[INFO] 01:50:28:678 memoria/(9036:9036): Espero a que llegue un nuevo carpincho
[INFO] 01:52:07:316 memoria/(9459:9459): Estoy en paginación, con entrada valida. Nro marcos: 128. Tamaño marco: 32 bytes
[INFO] 01:52:07:323 memoria/(9459:9459): Creo socket de escucha para recibir los carpinchos
[INFO] 01:52:07:325 memoria/(9459:9459): Servidor listo
[INFO] 01:52:07:325 memoria/(9459:9459): Espero a que llegue un nuevo carpincho
[INFO] 01:52:13:680 memoria/(9459:9459): Creo carpincho
[INFO] 01:52:13:681 memoria/(9459:9459): Asigno frame. Cant marcos del carpincho #1: 1
[INFO] 01:52:13:682 memoria/(9459:9459): Datos pagina. Marco:0 P:1 M:0 U:1
[INFO] 01:52:13:682 memoria/(9459:9459): Asigno frame. Cant marcos del carpincho #1: 2
[INFO] 01:52:13:683 memoria/(9459:9459): Datos pagina. Marco:1 P:1 M:0 U:1
[INFO] 01:52:13:684 memoria/(9459:9459): Asigno frame. Cant marcos del carpincho #1: 3
[INFO] 01:52:13:684 memoria/(9459:9459): Datos pagina. Marco:2 P:1 M:0 U:1
[INFO] 01:52:13:685 memoria/(9459:9459): Asigno frame. Cant marcos del carpincho #1: 4
[INFO] 01:52:13:686 memoria/(9459:9459): Datos pagina. Marco:3 P:1 M:0 U:1
[INFO] 01:52:13:687 memoria/(9459:9459): Se admitio correctamente el carpincho #1
[INFO] 01:52:13:688 memoria/(9459:9459): Comunico al caprincho 1 el nuevo puerto con el cual se debe comunicar.
[INFO] 01:52:13:689 memoria/(9459:9459): Espero a que llegue un nuevo carpincho
[INFO] 15:39:01:403 memoria/(7480:7480): Estoy en paginación, con entrada valida. Nro marcos: 128. Tamaño marco: 32 bytes
[INFO] 15:39:01:425 memoria/(7480:7480): Creo socket de escucha para recibir los carpinchos
[INFO] 15:39:01:425 memoria/(7480:7480): Servidor listo
[INFO] 15:39:01:426 memoria/(7480:7480): Espero a que llegue un nuevo carpincho
[INFO] 15:39:06:818 memoria/(7480:7480): Creo un nuevo carpincho
[INFO] 15:39:06:818 memoria/(7480:7480): Creo carpincho
[INFO] 15:39:06:819 memoria/(7480:7480): Asigno frame. Cant marcos del carpincho #1: 1
[INFO] 15:39:06:819 memoria/(7480:7480): Datos pagina. Marco:0 P:1 M:0 U:1
[INFO] 15:39:06:819 memoria/(7480:7480): Asigno frame. Cant marcos del carpincho #1: 2
[INFO] 15:39:06:819 memoria/(7480:7480): Datos pagina. Marco:1 P:1 M:0 U:1
[INFO] 15:39:06:819 memoria/(7480:7480): Asigno frame. Cant marcos del carpincho #1: 3
[INFO] 15:39:06:820 memoria/(7480:7480): Datos pagina. Marco:2 P:1 M:0 U:1
[INFO] 15:39:06:820 memoria/(7480:7480): Asigno frame. Cant marcos del carpincho #1: 4
[INFO] 15:39:06:820 memoria/(7480:7480): Datos pagina. Marco:3 P:1 M:0 U:1
[INFO] 15:39:06:820 memoria/(7480:7480): Se admitio correctamente el carpincho #1
[WARNING] 15:39:06:821 memoria/(7480:7480): El socket no está iniciado
[WARNING] 15:39:06:821 memoria/(7480:7480): El socket no está conectado a un socket remoto
[INFO] 15:39:06:821 memoria/(7480:7480): Comunico al caprincho 1 el nuevo puerto con el cual se debe comunicar.
[INFO] 15:39:06:821 memoria/(7480:7480): Espero a que llegue un nuevo carpincho
[INFO] 15:39:06:821 memoria/(7480:7485): Nace un nuevo carpincho
[INFO] 15:39:06:822 memoria/(7480:7485): Dirección local: 127.0.0.1:40317
[INFO] 15:39:06:822 memoria/(7480:7485): Dirección remota: 127.0.0.1:36076
[INFO] 15:45:31:695 memoria/(7480:7485): Me llego un mem_read para la posicion 4
[INFO] 15:50:35:892 memoria/(7480:7485): Murio el carpincho, nos vemos.
[INFO] 15:50:49:696 memoria/(7480:7480): Creo un nuevo carpincho
[INFO] 15:50:49:697 memoria/(7480:7480): Creo carpincho
[INFO] 15:50:49:697 memoria/(7480:7480): Asigno frame. Cant marcos del carpincho #2: 1
[INFO] 15:50:49:698 memoria/(7480:7480): Datos pagina. Marco:4 P:1 M:0 U:1
[INFO] 15:50:49:698 memoria/(7480:7480): Asigno frame. Cant marcos del carpincho #2: 2
[INFO] 15:50:49:698 memoria/(7480:7480): Datos pagina. Marco:5 P:1 M:0 U:1
[INFO] 15:50:49:699 memoria/(7480:7480): Asigno frame. Cant marcos del carpincho #2: 3
[INFO] 15:50:49:699 memoria/(7480:7480): Datos pagina. Marco:6 P:1 M:0 U:1
[INFO] 15:50:49:699 memoria/(7480:7480): Asigno frame. Cant marcos del carpincho #2: 4
[INFO] 15:50:49:700 memoria/(7480:7480): Datos pagina. Marco:7 P:1 M:0 U:1
[INFO] 15:50:49:700 memoria/(7480:7480): Se admitio correctamente el carpincho #2
[WARNING] 15:50:49:701 memoria/(7480:7480): El socket no está iniciado
[WARNING] 15:50:49:701 memoria/(7480:7480): El socket no está conectado a un socket remoto
[INFO] 15:50:49:701 memoria/(7480:7480): Comunico al caprincho 2 el nuevo puerto con el cual se debe comunicar.
[INFO] 15:50:49:702 memoria/(7480:7480): Espero a que llegue un nuevo carpincho
[INFO] 15:50:49:702 memoria/(7480:7720): Nace un nuevo carpincho
[INFO] 15:50:49:703 memoria/(7480:7720): Dirección local: 127.0.0.1:44951
[INFO] 15:50:49:704 memoria/(7480:7720): Dirección remota: 127.0.0.1:34226
[INFO] 15:50:54:668 memoria/(7480:7720): Me llego un mem_alloc de tamanio 4
[INFO] 15:51:08:427 memoria/(7480:7720): Me llego un mem_alloc de tamanio 6
[INFO] 15:51:13:807 memoria/(7480:7720): Me llego un mem_free para la posicion 56
[INFO] 15:52:40:965 memoria/(7480:7720): Me llego un mem_read para la posicion 23
[INFO] 15:53:03:316 memoria/(7480:7720): Murio el carpincho, nos vemos.
[INFO] 15:53:13:170 memoria/(7480:7480): Creo un nuevo carpincho
[INFO] 15:53:13:171 memoria/(7480:7480): Creo carpincho
[INFO] 15:53:13:171 memoria/(7480:7480): Asigno frame. Cant marcos del carpincho #3: 1
[INFO] 15:53:13:172 memoria/(7480:7480): Datos pagina. Marco:8 P:1 M:0 U:1
[INFO] 15:53:13:172 memoria/(7480:7480): Asigno frame. Cant marcos del carpincho #3: 2
[INFO] 15:53:13:173 memoria/(7480:7480): Datos pagina. Marco:9 P:1 M:0 U:1
[INFO] 15:53:13:173 memoria/(7480:7480): Asigno frame. Cant marcos del carpincho #3: 3
[INFO] 15:53:13:174 memoria/(7480:7480): Datos pagina. Marco:10 P:1 M:0 U:1
[INFO] 15:53:13:174 memoria/(7480:7480): Asigno frame. Cant marcos del carpincho #3: 4
[INFO] 15:53:13:174 memoria/(7480:7480): Datos pagina. Marco:11 P:1 M:0 U:1
[INFO] 15:53:13:175 memoria/(7480:7480): Se admitio correctamente el carpincho #3
[WARNING] 15:53:13:175 memoria/(7480:7480): El socket no está iniciado
[WARNING] 15:53:13:175 memoria/(7480:7480): El socket no está conectado a un socket remoto
[INFO] 15:53:13:176 memoria/(7480:7480): Comunico al caprincho 3 el nuevo puerto con el cual se debe comunicar.
[INFO] 15:53:13:176 memoria/(7480:7480): Espero a que llegue un nuevo carpincho
[INFO] 15:53:13:176 memoria/(7480:7849): Nace un nuevo carpincho
[INFO] 15:53:13:178 memoria/(7480:7849): Dirección local: 127.0.0.1:45938
[INFO] 15:53:13:179 memoria/(7480:7849): Dirección remota: 127.0.0.1:43034
[INFO] 15:53:28:990 memoria/(7480:7849): Me llego un mem_write para la posicion 23
[INFO] 15:53:28:991 memoria/(7480:7849): El contenido es Te_la_comiste_toda
[INFO] 15:53:39:808 memoria/(7480:7849): Me llego un mem_read para la posicion 34
[INFO] 15:54:02:917 memoria/(7480:7849): Murio el carpincho, nos vemos.
[INFO] 15:56:29:661 memoria/(8698:8698): Estoy en paginación, con entrada valida. Nro marcos: 128. Tamaño marco: 32 bytes
[INFO] 15:56:29:663 memoria/(8698:8698): Creo socket de escucha para recibir los carpinchos
[INFO] 15:56:29:665 memoria/(8698:8698): Servidor listo
[INFO] 15:56:29:666 memoria/(8698:8698): Espero a que llegue un nuevo carpincho
[INFO] 15:56:36:617 memoria/(8698:8698): Creo un nuevo carpincho
[INFO] 15:56:36:618 memoria/(8698:8698): Creo carpincho
[INFO] 15:56:36:618 memoria/(8698:8698): Asigno frame. Cant marcos del carpincho #1: 1
[INFO] 15:56:36:619 memoria/(8698:8698): Datos pagina. Marco:0 P:1 M:0 U:1
[INFO] 15:56:36:619 memoria/(8698:8698): Asigno frame. Cant marcos del carpincho #1: 2
[INFO] 15:56:36:620 memoria/(8698:8698): Datos pagina. Marco:1 P:1 M:0 U:1
[INFO] 15:56:36:620 memoria/(8698:8698): Asigno frame. Cant marcos del carpincho #1: 3
[INFO] 15:56:36:621 memoria/(8698:8698): Datos pagina. Marco:2 P:1 M:0 U:1
[INFO] 15:56:36:621 memoria/(8698:8698): Asigno frame. Cant marcos del carpincho #1: 4
[INFO] 15:56:36:622 memoria/(8698:8698): Datos pagina. Marco:3 P:1 M:0 U:1
[INFO] 15:56:36:622 memoria/(8698:8698): Se admitio correctamente el carpincho #1
[WARNING] 15:56:36:623 memoria/(8698:8698): El socket no está iniciado
[WARNING] 15:56:36:623 memoria/(8698:8698): El socket no está conectado a un socket remoto
[INFO] 15:56:36:624 memoria/(8698:8698): Comunico al caprincho 1 el nuevo puerto con el cual se debe comunicar.
[INFO] 15:56:36:624 memoria/(8698:8698): Espero a que llegue un nuevo carpincho
[INFO] 15:56:36:624 memoria/(8698:8701): Nace un nuevo carpincho
[INFO] 15:56:36:631 memoria/(8698:8701): Dirección local: 127.0.0.1:44100
[INFO] 15:56:36:631 memoria/(8698:8701): Dirección remota: 127.0.0.1:59240
[INFO] 15:56:40:924 memoria/(8698:8701): Me llego un mem_read para la posicion 4
[INFO] 15:56:40:925 memoria/(8698:8701): Creo mensaje
[INFO] 15:56:40:925 memoria/(8698:8701): Envío mensaje
[INFO] 15:57:23:586 memoria/(8698:8701): Murio el carpincho, nos vemos.
[INFO] 15:58:59:908 memoria/(8698:8698): Creo un nuevo carpincho
[INFO] 15:58:59:908 memoria/(8698:8698): Creo carpincho
[INFO] 15:58:59:908 memoria/(8698:8698): Asigno frame. Cant marcos del carpincho #2: 1
[INFO] 15:58:59:909 memoria/(8698:8698): Datos pagina. Marco:4 P:1 M:0 U:1
[INFO] 15:58:59:909 memoria/(8698:8698): Asigno frame. Cant marcos del carpincho #2: 2
[INFO] 15:58:59:910 memoria/(8698:8698): Datos pagina. Marco:5 P:1 M:0 U:1
[INFO] 15:58:59:910 memoria/(8698:8698): Asigno frame. Cant marcos del carpincho #2: 3
[INFO] 15:58:59:910 memoria/(8698:8698): Datos pagina. Marco:6 P:1 M:0 U:1
[INFO] 15:58:59:910 memoria/(8698:8698): Asigno frame. Cant marcos del carpincho #2: 4
[INFO] 15:58:59:911 memoria/(8698:8698): Datos pagina. Marco:7 P:1 M:0 U:1
[INFO] 15:58:59:911 memoria/(8698:8698): Se admitio correctamente el carpincho #2
[WARNING] 15:58:59:911 memoria/(8698:8698): El socket no está iniciado
[WARNING] 15:58:59:911 memoria/(8698:8698): El socket no está conectado a un socket remoto
[INFO] 15:58:59:912 memoria/(8698:8698): Comunico al caprincho 2 el nuevo puerto con el cual se debe comunicar.
[INFO] 15:58:59:912 memoria/(8698:8698): Espero a que llegue un nuevo carpincho
[INFO] 15:58:59:912 memoria/(8698:8757): Nace un nuevo carpincho
[INFO] 15:58:59:914 memoria/(8698:8757): Dirección local: 127.0.0.1:37535
[INFO] 15:58:59:914 memoria/(8698:8757): Dirección remota: 127.0.0.1:41336
[INFO] 15:59:02:190 memoria/(8698:8757): Murio el carpincho, nos vemos.
[INFO] 15:59:16:787 memoria/(8698:8698): Creo un nuevo carpincho
[INFO] 15:59:16:788 memoria/(8698:8698): Creo carpincho
[INFO] 15:59:16:788 memoria/(8698:8698): Asigno frame. Cant marcos del carpincho #3: 1
[INFO] 15:59:16:788 memoria/(8698:8698): Datos pagina. Marco:8 P:1 M:0 U:1
[INFO] 15:59:16:788 memoria/(8698:8698): Asigno frame. Cant marcos del carpincho #3: 2
[INFO] 15:59:16:788 memoria/(8698:8698): Datos pagina. Marco:9 P:1 M:0 U:1
[INFO] 15:59:16:789 memoria/(8698:8698): Asigno frame. Cant marcos del carpincho #3: 3
[INFO] 15:59:16:789 memoria/(8698:8698): Datos pagina. Marco:10 P:1 M:0 U:1
[INFO] 15:59:16:789 memoria/(8698:8698): Asigno frame. Cant marcos del carpincho #3: 4
[INFO] 15:59:16:789 memoria/(8698:8698): Datos pagina. Marco:11 P:1 M:0 U:1
[INFO] 15:59:16:789 memoria/(8698:8698): Se admitio correctamente el carpincho #3
[WARNING] 15:59:16:790 memoria/(8698:8698): El socket no está iniciado
[WARNING] 15:59:16:790 memoria/(8698:8698): El socket no está conectado a un socket remoto
[INFO] 15:59:16:790 memoria/(8698:8698): Comunico al caprincho 3 el nuevo puerto con el cual se debe comunicar.
[INFO] 15:59:16:790 memoria/(8698:8698): Espero a que llegue un nuevo carpincho
[INFO] 15:59:16:790 memoria/(8698:9156): Nace un nuevo carpincho
[INFO] 15:59:16:791 memoria/(8698:9156): Dirección local: 127.0.0.1:39598
[INFO] 15:59:16:791 memoria/(8698:9156): Dirección remota: 127.0.0.1:39408
[INFO] 15:59:18:443 memoria/(8698:9156): Murio el carpincho, nos vemos.
[INFO] 15:59:54:432 memoria/(8698:8698): Creo un nuevo carpincho
[INFO] 15:59:54:432 memoria/(8698:8698): Creo carpincho
[INFO] 15:59:54:432 memoria/(8698:8698): Asigno frame. Cant marcos del carpincho #4: 1
[INFO] 15:59:54:433 memoria/(8698:8698): Datos pagina. Marco:12 P:1 M:0 U:1
[INFO] 15:59:54:433 memoria/(8698:8698): Asigno frame. Cant marcos del carpincho #4: 2
[INFO] 15:59:54:433 memoria/(8698:8698): Datos pagina. Marco:13 P:1 M:0 U:1
[INFO] 15:59:54:434 memoria/(8698:8698): Asigno frame. Cant marcos del carpincho #4: 3
[INFO] 15:59:54:434 memoria/(8698:8698): Datos pagina. Marco:14 P:1 M:0 U:1
[INFO] 15:59:54:434 memoria/(8698:8698): Asigno frame. Cant marcos del carpincho #4: 4
[INFO] 15:59:54:434 memoria/(8698:8698): Datos pagina. Marco:15 P:1 M:0 U:1
[INFO] 15:59:54:435 memoria/(8698:8698): Se admitio correctamente el carpincho #4
[WARNING] 15:59:54:435 memoria/(8698:8698): El socket no está iniciado
[WARNING] 15:59:54:435 memoria/(8698:8698): El socket no está conectado a un socket remoto
[INFO] 15:59:54:435 memoria/(8698:8698): Comunico al caprincho 4 el nuevo puerto con el cual se debe comunicar.
[INFO] 15:59:54:436 memoria/(8698:8698): Espero a que llegue un nuevo carpincho
[INFO] 15:59:54:435 memoria/(8698:9476): Nace un nuevo carpincho
[INFO] 15:59:54:437 memoria/(8698:9476): Dirección local: 127.0.0.1:35468
[INFO] 15:59:54:437 memoria/(8698:9476): Dirección remota: 127.0.0.1:58388
[INFO] 16:00:00:668 memoria/(8698:9476): Murio el carpincho, nos vemos.
[INFO] 16:01:58:080 memoria/(8698:8698): Creo un nuevo carpincho
[INFO] 16:01:58:081 memoria/(8698:8698): Creo carpincho
[INFO] 16:01:58:081 memoria/(8698:8698): Asigno frame. Cant marcos del carpincho #5: 1
[INFO] 16:01:58:081 memoria/(8698:8698): Datos pagina. Marco:16 P:1 M:0 U:1
[INFO] 16:01:58:082 memoria/(8698:8698): Asigno frame. Cant marcos del carpincho #5: 2
[INFO] 16:01:58:082 memoria/(8698:8698): Datos pagina. Marco:17 P:1 M:0 U:1
[INFO] 16:01:58:082 memoria/(8698:8698): Asigno frame. Cant marcos del carpincho #5: 3
[INFO] 16:01:58:083 memoria/(8698:8698): Datos pagina. Marco:18 P:1 M:0 U:1
[INFO] 16:01:58:083 memoria/(8698:8698): Asigno frame. Cant marcos del carpincho #5: 4
[INFO] 16:01:58:084 memoria/(8698:8698): Datos pagina. Marco:19 P:1 M:0 U:1
[INFO] 16:01:58:084 memoria/(8698:8698): Se admitio correctamente el carpincho #5
[WARNING] 16:01:58:085 memoria/(8698:8698): El socket no está iniciado
[WARNING] 16:01:58:085 memoria/(8698:8698): El socket no está conectado a un socket remoto
[INFO] 16:01:58:085 memoria/(8698:8698): Comunico al caprincho 5 el nuevo puerto con el cual se debe comunicar.
[INFO] 16:01:58:085 memoria/(8698:8698): Espero a que llegue un nuevo carpincho
[INFO] 16:01:58:085 memoria/(8698:9621): Nace un nuevo carpincho
[INFO] 16:01:58:087 memoria/(8698:9621): Dirección local: 127.0.0.1:37952
[INFO] 16:01:58:087 memoria/(8698:9621): Dirección remota: 127.0.0.1:44570
[INFO] 16:01:59:850 memoria/(8698:9621): Murio el carpincho, nos vemos.
[INFO] 16:02:29:394 memoria/(8698:8698): Creo un nuevo carpincho
[INFO] 16:02:29:394 memoria/(8698:8698): Creo carpincho
[INFO] 16:02:29:395 memoria/(8698:8698): Asigno frame. Cant marcos del carpincho #6: 1
[INFO] 16:02:29:395 memoria/(8698:8698): Datos pagina. Marco:20 P:1 M:0 U:1
[INFO] 16:02:29:396 memoria/(8698:8698): Asigno frame. Cant marcos del carpincho #6: 2
[INFO] 16:02:29:396 memoria/(8698:8698): Datos pagina. Marco:21 P:1 M:0 U:1
[INFO] 16:02:29:397 memoria/(8698:8698): Asigno frame. Cant marcos del carpincho #6: 3
[INFO] 16:02:29:397 memoria/(8698:8698): Datos pagina. Marco:22 P:1 M:0 U:1
[INFO] 16:02:29:400 memoria/(8698:8698): Asigno frame. Cant marcos del carpincho #6: 4
[INFO] 16:02:29:401 memoria/(8698:8698): Datos pagina. Marco:23 P:1 M:0 U:1
[INFO] 16:02:29:401 memoria/(8698:8698): Se admitio correctamente el carpincho #6
[WARNING] 16:02:29:401 memoria/(8698:8698): El socket no está iniciado
[WARNING] 16:02:29:402 memoria/(8698:8698): El socket no está conectado a un socket remoto
[INFO] 16:02:29:403 memoria/(8698:8698): Comunico al caprincho 6 el nuevo puerto con el cual se debe comunicar.
[INFO] 16:02:29:404 memoria/(8698:8698): Espero a que llegue un nuevo carpincho
[INFO] 16:02:29:407 memoria/(8698:9726): Nace un nuevo carpincho
[INFO] 16:02:29:407 memoria/(8698:9726): Dirección local: 127.0.0.1:43412
[INFO] 16:02:29:408 memoria/(8698:9726): Dirección remota: 127.0.0.1:56572
[INFO] 16:02:46:223 memoria/(8698:8698): Creo un nuevo carpincho
[INFO] 16:02:46:224 memoria/(8698:8698): Creo carpincho
[INFO] 16:02:46:224 memoria/(8698:8698): Asigno frame. Cant marcos del carpincho #7: 1
[INFO] 16:02:46:225 memoria/(8698:8698): Datos pagina. Marco:24 P:1 M:0 U:1
[INFO] 16:02:46:225 memoria/(8698:8698): Asigno frame. Cant marcos del carpincho #7: 2
[INFO] 16:02:46:225 memoria/(8698:8698): Datos pagina. Marco:25 P:1 M:0 U:1
[INFO] 16:02:46:226 memoria/(8698:8698): Asigno frame. Cant marcos del carpincho #7: 3
[INFO] 16:02:46:227 memoria/(8698:8698): Datos pagina. Marco:26 P:1 M:0 U:1
[INFO] 16:02:46:227 memoria/(8698:8698): Asigno frame. Cant marcos del carpincho #7: 4
[INFO] 16:02:46:228 memoria/(8698:8698): Datos pagina. Marco:27 P:1 M:0 U:1
[INFO] 16:02:46:228 memoria/(8698:8698): Se admitio correctamente el carpincho #7
[WARNING] 16:02:46:229 memoria/(8698:8698): El socket no está iniciado
[WARNING] 16:02:46:229 memoria/(8698:8698): El socket no está conectado a un socket remoto
[INFO] 16:02:46:230 memoria/(8698:8698): Comunico al caprincho 7 el nuevo puerto con el cual se debe comunicar.
[INFO] 16:02:46:230 memoria/(8698:8698): Espero a que llegue un nuevo carpincho
[INFO] 16:02:46:230 memoria/(8698:9824): Nace un nuevo carpincho
[INFO] 16:02:46:232 memoria/(8698:9824): Dirección local: 127.0.0.1:45902
[INFO] 16:02:46:232 memoria/(8698:9824): Dirección remota: 127.0.0.1:57264
[INFO] 16:02:58:392 memoria/(8698:9824): Me llego un mem_alloc de tamanio 7
[INFO] 16:03:04:881 memoria/(8698:9824): Me llego un mem_free para la posicion 5
[INFO] 16:03:10:007 memoria/(8698:9726): Me llego un mem_free para la posicion 4
[INFO] 16:03:19:459 memoria/(8698:9824): Me llego un mem_read para la posicion 5
[INFO] 16:03:19:460 memoria/(8698:9824): Creo mensaje
[INFO] 16:03:19:461 memoria/(8698:9824): Envío mensaje
[INFO] 16:03:28:049 memoria/(8698:9726): Me llego un mem_read para la posicion 7
[INFO] 16:03:28:049 memoria/(8698:9726): Creo mensaje
[INFO] 16:03:28:050 memoria/(8698:9726): Envío mensaje
[INFO] 16:03:47:778 memoria/(8698:9824): Me llego un mem_write para la posicion 4
[INFO] 16:03:47:779 memoria/(8698:9824): El contenido es "Tu
[INFO] 16:05:03:552 memoria/(8698:9726): Me llego un mem_write para la posicion 5
[INFO] 16:05:03:553 memoria/(8698:9726): El contenido es narigonigarcagadoleri
[INFO] 16:05:12:304 memoria/(8698:9726): Murio el carpincho, nos vemos.
[INFO] 16:05:14:258 memoria/(8698:9824): Murio el carpincho, nos vemos.
