[ERROR] 18:24:34:831 MATELIB/(24431:24431): Error al crear socket. Fallo al conectarse al servidor
[ERROR] 18:40:04:770 MATELIB/(24899:24899): Error al crear socket. Fallo al conectarse al servidor
[ERROR] 18:47:27:262 MATELIB/(24899:24899): Error al crear socket. Fallo al conectarse al servidor
[INFO] 18:56:21:943 MATELIB/(26627:26627): Socket auxiliar funcionando
[INFO] 18:56:21:943 MATELIB/(26627:26627): Puerto recibido
[INFO] 18:59:37:279 MATELIB/(26804:26804): Socket auxiliar funcionando
[INFO] 18:59:37:280 MATELIB/(26804:26804): Puerto recibido
[INFO] 19:00:01:310 MATELIB/(26804:26804): Socket auxiliar funcionando
[INFO] 19:00:01:310 MATELIB/(26804:26804): Puerto recibido
[INFO] 19:00:05:584 MATELIB/(26804:26804): Socket auxiliar funcionando
[INFO] 19:00:05:584 MATELIB/(26804:26804): Puerto recibido
[INFO] 19:00:06:592 MATELIB/(26804:26804): Socket auxiliar funcionando
[INFO] 19:00:06:592 MATELIB/(26804:26804): Puerto recibido
[INFO] 19:00:07:208 MATELIB/(26804:26804): Socket auxiliar funcionando
[INFO] 19:00:07:209 MATELIB/(26804:26804): Puerto recibido
[INFO] 19:00:07:801 MATELIB/(26804:26804): Socket auxiliar funcionando
[INFO] 19:00:07:801 MATELIB/(26804:26804): Puerto recibido
[INFO] 19:00:08:498 MATELIB/(26804:26804): Socket auxiliar funcionando
[INFO] 19:00:08:498 MATELIB/(26804:26804): Puerto recibido
[INFO] 19:00:09:218 MATELIB/(26804:26804): Socket auxiliar funcionando
[INFO] 19:00:09:218 MATELIB/(26804:26804): Puerto recibido
[INFO] 19:00:19:446 MATELIB/(26804:26804): Socket auxiliar funcionando
[INFO] 19:00:19:447 MATELIB/(26804:26804): Puerto recibido
[INFO] 19:00:20:831 MATELIB/(26804:26804): Socket auxiliar funcionando
[INFO] 19:00:20:831 MATELIB/(26804:26804): Puerto recibido
[INFO] 19:00:21:663 MATELIB/(26804:26804): Socket auxiliar funcionando
[INFO] 19:00:21:663 MATELIB/(26804:26804): Puerto recibido
[INFO] 19:00:22:503 MATELIB/(26804:26804): Socket auxiliar funcionando
[INFO] 19:00:22:503 MATELIB/(26804:26804): Puerto recibido
[INFO] 19:00:23:200 MATELIB/(26804:26804): Socket auxiliar funcionando
[INFO] 19:00:23:200 MATELIB/(26804:26804): Puerto recibido
[INFO] 19:00:23:848 MATELIB/(26804:26804): Socket auxiliar funcionando
[INFO] 19:00:23:848 MATELIB/(26804:26804): Puerto recibido
[INFO] 19:00:24:537 MATELIB/(26804:26804): Socket auxiliar funcionando
[INFO] 19:00:24:537 MATELIB/(26804:26804): Puerto recibido
[INFO] 19:00:25:233 MATELIB/(26804:26804): Socket auxiliar funcionando
[INFO] 19:00:25:233 MATELIB/(26804:26804): Puerto recibido
[INFO] 19:00:25:857 MATELIB/(26804:26804): Socket auxiliar funcionando
[INFO] 19:00:25:857 MATELIB/(26804:26804): Puerto recibido
[INFO] 19:02:32:899 MATELIB/(26811:26811): Socket auxiliar funcionando
[INFO] 19:02:32:899 MATELIB/(26811:26811): Puerto recibido
[INFO] 19:02:47:594 MATELIB/(26811:26811): Socket auxiliar funcionando
[INFO] 19:02:47:594 MATELIB/(26811:26811): Puerto recibido
[INFO] 19:02:58:010 MATELIB/(26974:26974): Socket auxiliar funcionando
[INFO] 19:02:58:010 MATELIB/(26974:26974): Puerto recibido
[INFO] 19:02:58:618 MATELIB/(26974:26974): Socket auxiliar funcionando
[INFO] 19:02:58:618 MATELIB/(26974:26974): Puerto recibido
[INFO] 19:02:59:386 MATELIB/(26974:26974): Socket auxiliar funcionando
[INFO] 19:02:59:386 MATELIB/(26974:26974): Puerto recibido
[INFO] 19:02:59:882 MATELIB/(26974:26974): Socket auxiliar funcionando
[INFO] 19:02:59:882 MATELIB/(26974:26974): Puerto recibido
[INFO] 19:03:00:345 MATELIB/(26974:26974): Socket auxiliar funcionando
[INFO] 19:03:00:346 MATELIB/(26974:26974): Puerto recibido
[INFO] 19:03:00:818 MATELIB/(26974:26974): Socket auxiliar funcionando
[INFO] 19:03:00:818 MATELIB/(26974:26974): Puerto recibido
[INFO] 19:03:01:282 MATELIB/(26974:26974): Socket auxiliar funcionando
[INFO] 19:03:01:282 MATELIB/(26974:26974): Puerto recibido
[INFO] 19:03:01:722 MATELIB/(26974:26974): Socket auxiliar funcionando
[INFO] 19:03:01:722 MATELIB/(26974:26974): Puerto recibido
[INFO] 19:03:02:210 MATELIB/(26974:26974): Socket auxiliar funcionando
[INFO] 19:03:02:210 MATELIB/(26974:26974): Puerto recibido
[INFO] 19:03:02:674 MATELIB/(26974:26974): Socket auxiliar funcionando
[INFO] 19:03:02:674 MATELIB/(26974:26974): Puerto recibido
[INFO] 19:03:03:121 MATELIB/(26974:26974): Socket auxiliar funcionando
[INFO] 19:03:03:122 MATELIB/(26974:26974): Puerto recibido
[INFO] 19:03:03:609 MATELIB/(26974:26974): Socket auxiliar funcionando
[INFO] 19:03:03:610 MATELIB/(26974:26974): Puerto recibido
[INFO] 19:03:04:074 MATELIB/(26974:26974): Socket auxiliar funcionando
[INFO] 19:03:04:074 MATELIB/(26974:26974): Puerto recibido
[INFO] 19:03:04:537 MATELIB/(26974:26974): Socket auxiliar funcionando
[INFO] 19:03:04:537 MATELIB/(26974:26974): Puerto recibido
[INFO] 19:03:04:986 MATELIB/(26974:26974): Socket auxiliar funcionando
[INFO] 19:03:04:986 MATELIB/(26974:26974): Puerto recibido
[INFO] 19:03:05:418 MATELIB/(26974:26974): Socket auxiliar funcionando
[INFO] 19:03:05:418 MATELIB/(26974:26974): Puerto recibido
[INFO] 19:03:05:826 MATELIB/(26974:26974): Socket auxiliar funcionando
[INFO] 19:03:05:826 MATELIB/(26974:26974): Puerto recibido
[INFO] 19:03:07:002 MATELIB/(26974:26974): Socket auxiliar funcionando
[INFO] 19:03:07:002 MATELIB/(26974:26974): Puerto recibido
[INFO] 19:03:07:577 MATELIB/(26974:26974): Socket auxiliar funcionando
[INFO] 19:03:07:577 MATELIB/(26974:26974): Puerto recibido
[INFO] 19:03:08:145 MATELIB/(26974:26974): Socket auxiliar funcionando
[INFO] 19:03:08:145 MATELIB/(26974:26974): Puerto recibido
[INFO] 19:03:08:689 MATELIB/(26974:26974): Socket auxiliar funcionando
[INFO] 19:03:08:690 MATELIB/(26974:26974): Puerto recibido
[INFO] 19:03:09:153 MATELIB/(26974:26974): Socket auxiliar funcionando
[INFO] 19:03:09:154 MATELIB/(26974:26974): Puerto recibido
[INFO] 19:03:09:577 MATELIB/(26974:26974): Socket auxiliar funcionando
[INFO] 19:03:09:577 MATELIB/(26974:26974): Puerto recibido
[INFO] 19:03:10:017 MATELIB/(26974:26974): Socket auxiliar funcionando
[INFO] 19:03:10:017 MATELIB/(26974:26974): Puerto recibido
[INFO] 19:03:10:434 MATELIB/(26974:26974): Socket auxiliar funcionando
[INFO] 19:03:10:434 MATELIB/(26974:26974): Puerto recibido
[INFO] 19:03:10:841 MATELIB/(26974:26974): Socket auxiliar funcionando
[INFO] 19:03:10:841 MATELIB/(26974:26974): Puerto recibido
[INFO] 19:03:11:257 MATELIB/(26974:26974): Socket auxiliar funcionando
[INFO] 19:03:11:257 MATELIB/(26974:26974): Puerto recibido
[INFO] 19:03:11:713 MATELIB/(26974:26974): Socket auxiliar funcionando
[INFO] 19:03:11:713 MATELIB/(26974:26974): Puerto recibido
[INFO] 19:03:12:202 MATELIB/(26974:26974): Socket auxiliar funcionando
[INFO] 19:03:12:202 MATELIB/(26974:26974): Puerto recibido
[INFO] 19:03:12:601 MATELIB/(26974:26974): Socket auxiliar funcionando
[INFO] 19:03:12:601 MATELIB/(26974:26974): Puerto recibido
[INFO] 19:03:12:969 MATELIB/(26974:26974): Socket auxiliar funcionando
[INFO] 19:03:12:969 MATELIB/(26974:26974): Puerto recibido
[INFO] 19:03:13:361 MATELIB/(26974:26974): Socket auxiliar funcionando
[INFO] 19:03:13:361 MATELIB/(26974:26974): Puerto recibido
[INFO] 19:03:13:729 MATELIB/(26974:26974): Socket auxiliar funcionando
[INFO] 19:03:13:729 MATELIB/(26974:26974): Puerto recibido
[INFO] 19:03:14:089 MATELIB/(26974:26974): Socket auxiliar funcionando
[INFO] 19:03:14:089 MATELIB/(26974:26974): Puerto recibido
[INFO] 19:03:14:441 MATELIB/(26974:26974): Socket auxiliar funcionando
[INFO] 19:03:14:441 MATELIB/(26974:26974): Puerto recibido
[INFO] 19:03:14:953 MATELIB/(26974:26974): Socket auxiliar funcionando
[INFO] 19:03:14:953 MATELIB/(26974:26974): Puerto recibido
[INFO] 19:03:15:409 MATELIB/(26974:26974): Socket auxiliar funcionando
[INFO] 19:03:15:409 MATELIB/(26974:26974): Puerto recibido
[INFO] 19:03:15:817 MATELIB/(26974:26974): Socket auxiliar funcionando
[INFO] 19:03:15:817 MATELIB/(26974:26974): Puerto recibido
[INFO] 19:09:30:946 MATELIB/(27202:27202): Socket auxiliar funcionando
[INFO] 19:09:30:946 MATELIB/(27202:27202): Puerto recibido
[INFO] 19:14:43:734 MATELIB/(27202:27202): Socket auxiliar funcionando
[INFO] 19:14:43:734 MATELIB/(27202:27202): Puerto recibido
[INFO] 19:16:14:125 MATELIB/(27202:27202): Socket auxiliar funcionando
[INFO] 19:16:14:125 MATELIB/(27202:27202): Puerto recibido
[INFO] 19:20:15:186 MATELIB/(27202:27202): Socket auxiliar funcionando
[INFO] 19:20:15:187 MATELIB/(27202:27202): Puerto recibido
[INFO] 19:24:33:138 MATELIB/(28087:28087): Socket auxiliar funcionando
[INFO] 19:24:33:138 MATELIB/(28087:28087): Puerto recibido
[INFO] 19:25:30:728 MATELIB/(28207:28207): Socket auxiliar funcionando
[INFO] 19:25:30:728 MATELIB/(28207:28207): Puerto recibido
[INFO] 19:25:30:728 MATELIB/(28207:28207): Enviando mensaje prueba
[INFO] 19:25:43:343 MATELIB/(28207:28207): Socket auxiliar funcionando
[INFO] 19:25:43:343 MATELIB/(28207:28207): Puerto recibido
[INFO] 19:25:43:344 MATELIB/(28207:28207): Enviando mensaje prueba
[INFO] 19:27:48:481 MATELIB/(28207:28207): Socket auxiliar funcionando
[INFO] 19:27:48:482 MATELIB/(28207:28207): Puerto recibido
[INFO] 19:27:48:482 MATELIB/(28207:28207): Enviando mensaje prueba
[INFO] 19:27:53:625 MATELIB/(28207:28207): Socket auxiliar funcionando
[INFO] 19:27:53:625 MATELIB/(28207:28207): Puerto recibido
[INFO] 19:27:53:626 MATELIB/(28207:28207): Enviando mensaje prueba
[INFO] 19:27:55:793 MATELIB/(28207:28207): Socket auxiliar funcionando
[INFO] 19:27:55:794 MATELIB/(28207:28207): Puerto recibido
[INFO] 19:27:55:794 MATELIB/(28207:28207): Enviando mensaje prueba
[INFO] 19:29:25:590 MATELIB/(28207:28207): Socket auxiliar funcionando
[INFO] 19:29:25:590 MATELIB/(28207:28207): Puerto recibido
[INFO] 19:29:25:590 MATELIB/(28207:28207): Enviando mensaje prueba
[INFO] 19:34:45:471 MATELIB/(28207:28207): Socket auxiliar funcionando
[INFO] 19:34:45:471 MATELIB/(28207:28207): Puerto recibido
[INFO] 19:34:45:472 MATELIB/(28207:28207): Enviando mensaje prueba
[INFO] 19:36:24:203 MATELIB/(28207:28207): Socket auxiliar funcionando
[INFO] 19:36:24:203 MATELIB/(28207:28207): Puerto recibido
[INFO] 19:36:24:203 MATELIB/(28207:28207): Enviando mensaje prueba
[INFO] 19:39:28:764 MATELIB/(29022:29022): Socket auxiliar funcionando
[INFO] 19:39:28:764 MATELIB/(29022:29022): Puerto recibido
[INFO] 19:39:28:764 MATELIB/(29022:29022): Enviando mensaje prueba
[INFO] 19:54:22:197 MATELIB/(29886:29886): Socket auxiliar funcionando
[INFO] 19:54:22:197 MATELIB/(29886:29886): Puerto recibido
[INFO] 19:54:22:198 MATELIB/(29886:29886): Enviando mensaje prueba
[INFO] 19:55:13:381 MATELIB/(29886:29886): Socket auxiliar funcionando
[INFO] 19:55:13:381 MATELIB/(29886:29886): Puerto recibido
[INFO] 19:55:13:382 MATELIB/(29886:29886): Enviando mensaje prueba
[INFO] 09:48:19:128 MATELIB/(29886:29886): Socket auxiliar funcionando
[INFO] 09:48:19:129 MATELIB/(29886:29886): Puerto recibido
[INFO] 09:48:19:129 MATELIB/(29886:29886): Enviando mensaje prueba
[INFO] 09:48:28:223 MATELIB/(29886:29886): Socket auxiliar funcionando
[INFO] 09:48:28:224 MATELIB/(29886:29886): Puerto recibido
[INFO] 09:48:28:224 MATELIB/(29886:29886): Enviando mensaje prueba
[INFO] 09:48:35:360 MATELIB/(29886:29886): Socket auxiliar funcionando
[INFO] 09:48:35:360 MATELIB/(29886:29886): Puerto recibido
[INFO] 09:48:35:360 MATELIB/(29886:29886): Enviando mensaje prueba
[INFO] 09:48:40:111 MATELIB/(29886:29886): Socket auxiliar funcionando
[INFO] 09:48:40:111 MATELIB/(29886:29886): Puerto recibido
[INFO] 09:48:40:111 MATELIB/(29886:29886): Enviando mensaje prueba
[INFO] 09:48:40:887 MATELIB/(29886:29886): Socket auxiliar funcionando
[INFO] 09:48:40:887 MATELIB/(29886:29886): Puerto recibido
[INFO] 09:48:40:888 MATELIB/(29886:29886): Enviando mensaje prueba
[INFO] 09:48:41:399 MATELIB/(29886:29886): Socket auxiliar funcionando
[INFO] 09:48:41:400 MATELIB/(29886:29886): Puerto recibido
[INFO] 09:48:41:400 MATELIB/(29886:29886): Enviando mensaje prueba
[INFO] 09:48:41:919 MATELIB/(29886:29886): Socket auxiliar funcionando
[INFO] 09:48:41:919 MATELIB/(29886:29886): Puerto recibido
[INFO] 09:48:41:919 MATELIB/(29886:29886): Enviando mensaje prueba
[INFO] 09:48:52:343 MATELIB/(29886:29886): Socket auxiliar funcionando
[INFO] 09:48:52:343 MATELIB/(29886:29886): Puerto recibido
[INFO] 09:48:52:343 MATELIB/(29886:29886): Enviando mensaje prueba
[INFO] 09:50:02:732 MATELIB/(29886:29886): Socket auxiliar funcionando
[INFO] 09:50:02:732 MATELIB/(29886:29886): Puerto recibido
[INFO] 09:50:02:732 MATELIB/(29886:29886): Enviando mensaje prueba
[INFO] 10:06:15:429 MATELIB/(29886:29886): Socket auxiliar funcionando
[INFO] 10:06:15:429 MATELIB/(29886:29886): Puerto recibido
[INFO] 10:06:15:429 MATELIB/(29886:29886): Enviando mensaje prueba
[INFO] 10:06:25:316 MATELIB/(29886:29886): Socket auxiliar funcionando
[INFO] 10:06:25:317 MATELIB/(29886:29886): Puerto recibido
[INFO] 10:06:25:317 MATELIB/(29886:29886): Enviando mensaje prueba
[INFO] 10:06:27:828 MATELIB/(29886:29886): Socket auxiliar funcionando
[INFO] 10:06:27:828 MATELIB/(29886:29886): Puerto recibido
[INFO] 10:06:27:828 MATELIB/(29886:29886): Enviando mensaje prueba
[INFO] 10:06:28:395 MATELIB/(29886:29886): Socket auxiliar funcionando
[INFO] 10:06:28:395 MATELIB/(29886:29886): Puerto recibido
[INFO] 10:06:28:396 MATELIB/(29886:29886): Enviando mensaje prueba
[INFO] 10:06:28:804 MATELIB/(29886:29886): Socket auxiliar funcionando
[INFO] 10:06:28:804 MATELIB/(29886:29886): Puerto recibido
[INFO] 10:06:28:804 MATELIB/(29886:29886): Enviando mensaje prueba
[INFO] 10:06:29:140 MATELIB/(29886:29886): Socket auxiliar funcionando
[INFO] 10:06:29:140 MATELIB/(29886:29886): Puerto recibido
[INFO] 10:06:29:140 MATELIB/(29886:29886): Enviando mensaje prueba
[INFO] 10:06:29:523 MATELIB/(29886:29886): Socket auxiliar funcionando
[INFO] 10:06:29:524 MATELIB/(29886:29886): Puerto recibido
[INFO] 10:06:29:524 MATELIB/(29886:29886): Enviando mensaje prueba
[INFO] 10:06:29:876 MATELIB/(29886:29886): Socket auxiliar funcionando
[INFO] 10:06:29:876 MATELIB/(29886:29886): Puerto recibido
[INFO] 10:06:29:876 MATELIB/(29886:29886): Enviando mensaje prueba
[INFO] 10:06:30:244 MATELIB/(29886:29886): Socket auxiliar funcionando
[INFO] 10:06:30:244 MATELIB/(29886:29886): Puerto recibido
[INFO] 10:06:30:244 MATELIB/(29886:29886): Enviando mensaje prueba
[INFO] 10:06:30:547 MATELIB/(29886:29886): Socket auxiliar funcionando
[INFO] 10:06:30:547 MATELIB/(29886:29886): Puerto recibido
[INFO] 10:06:30:547 MATELIB/(29886:29886): Enviando mensaje prueba
[INFO] 10:06:30:932 MATELIB/(29886:29886): Socket auxiliar funcionando
[INFO] 10:06:30:932 MATELIB/(29886:29886): Puerto recibido
[INFO] 10:06:30:932 MATELIB/(29886:29886): Enviando mensaje prueba
[INFO] 10:06:31:251 MATELIB/(29886:29886): Socket auxiliar funcionando
[INFO] 10:06:31:251 MATELIB/(29886:29886): Puerto recibido
[INFO] 10:06:31:252 MATELIB/(29886:29886): Enviando mensaje prueba
[INFO] 10:07:23:609 MATELIB/(31672:31672): Socket auxiliar funcionando
[INFO] 10:07:23:609 MATELIB/(31672:31672): Puerto recibido
[INFO] 10:07:23:610 MATELIB/(31672:31672): Enviando mensaje prueba
[INFO] 10:07:35:209 MATELIB/(31672:31672): Socket auxiliar funcionando
[INFO] 10:07:35:209 MATELIB/(31672:31672): Puerto recibido
[INFO] 10:07:35:210 MATELIB/(31672:31672): Enviando mensaje prueba
[INFO] 10:09:41:684 MATELIB/(31824:31824): Socket auxiliar funcionando
[INFO] 10:09:41:684 MATELIB/(31824:31824): Puerto recibido
[INFO] 10:10:47:858 MATELIB/(31960:31960): Socket auxiliar funcionando
[INFO] 10:10:47:858 MATELIB/(31960:31960): Puerto recibido
[INFO] 10:10:57:377 MATELIB/(31962:31962): Socket auxiliar funcionando
[INFO] 10:10:57:378 MATELIB/(31962:31962): Puerto recibido
[INFO] 10:12:16:310 MATELIB/(32100:32100): Socket auxiliar funcionando
[INFO] 10:12:16:311 MATELIB/(32100:32100): Puerto recibido
[INFO] 10:12:18:926 MATELIB/(32100:32100): Buscando carpincho 1 para enviar mensaje 1
[INFO] 10:13:20:131 MATELIB/(32225:32225): Socket auxiliar funcionando
[INFO] 10:13:20:132 MATELIB/(32225:32225): Puerto recibido
[INFO] 10:13:23:803 MATELIB/(32225:32225): Buscando carpincho 1 para enviar mensaje 1 - Cantidad de carpinchos iniciados 0
[INFO] 10:14:55:512 MATELIB/(32368:32368): Socket auxiliar funcionando
[INFO] 10:14:55:512 MATELIB/(32368:32368): Puerto recibido
[INFO] 10:14:55:512 MATELIB/(32368:32368): Cantidad de carpinchos iniciados 1 - ID proximo carpincho 1
[INFO] 10:14:58:208 MATELIB/(32368:32368): Socket auxiliar funcionando
[INFO] 10:14:58:208 MATELIB/(32368:32368): Puerto recibido
[INFO] 10:14:58:208 MATELIB/(32368:32368): Cantidad de carpinchos iniciados 1 - ID proximo carpincho 1
[INFO] 10:14:59:312 MATELIB/(32368:32368): Socket auxiliar funcionando
[INFO] 10:14:59:312 MATELIB/(32368:32368): Puerto recibido
[INFO] 10:14:59:312 MATELIB/(32368:32368): Cantidad de carpinchos iniciados 1 - ID proximo carpincho 1
[INFO] 10:15:00:151 MATELIB/(32368:32368): Socket auxiliar funcionando
[INFO] 10:15:00:151 MATELIB/(32368:32368): Puerto recibido
[INFO] 10:15:00:152 MATELIB/(32368:32368): Cantidad de carpinchos iniciados 1 - ID proximo carpincho 1
[INFO] 10:15:00:975 MATELIB/(32368:32368): Socket auxiliar funcionando
[INFO] 10:15:00:976 MATELIB/(32368:32368): Puerto recibido
[INFO] 10:15:00:976 MATELIB/(32368:32368): Cantidad de carpinchos iniciados 1 - ID proximo carpincho 1
[INFO] 10:15:01:831 MATELIB/(32368:32368): Socket auxiliar funcionando
[INFO] 10:15:01:831 MATELIB/(32368:32368): Puerto recibido
[INFO] 10:15:01:831 MATELIB/(32368:32368): Cantidad de carpinchos iniciados 1 - ID proximo carpincho 1
[INFO] 10:15:02:736 MATELIB/(32368:32368): Socket auxiliar funcionando
[INFO] 10:15:02:736 MATELIB/(32368:32368): Puerto recibido
[INFO] 10:15:02:736 MATELIB/(32368:32368): Cantidad de carpinchos iniciados 1 - ID proximo carpincho 1
[INFO] 10:15:03:431 MATELIB/(32368:32368): Socket auxiliar funcionando
[INFO] 10:15:03:431 MATELIB/(32368:32368): Puerto recibido
[INFO] 10:15:03:431 MATELIB/(32368:32368): Cantidad de carpinchos iniciados 1 - ID proximo carpincho 1
[INFO] 10:15:04:239 MATELIB/(32368:32368): Socket auxiliar funcionando
[INFO] 10:15:04:240 MATELIB/(32368:32368): Puerto recibido
[INFO] 10:15:04:240 MATELIB/(32368:32368): Cantidad de carpinchos iniciados 1 - ID proximo carpincho 1
[INFO] 10:15:05:023 MATELIB/(32368:32368): Socket auxiliar funcionando
[INFO] 10:15:05:024 MATELIB/(32368:32368): Puerto recibido
[INFO] 10:15:05:024 MATELIB/(32368:32368): Cantidad de carpinchos iniciados 1 - ID proximo carpincho 1
[INFO] 10:15:07:263 MATELIB/(32368:32368): Buscando carpincho 1 para enviar mensaje 1 - Cantidad de carpinchos iniciados 0
[INFO] 10:15:47:702 MATELIB/(32490:32490): Socket auxiliar funcionando
[INFO] 10:15:47:702 MATELIB/(32490:32490): Puerto recibido
[INFO] 10:15:47:702 MATELIB/(32490:32490): Cantidad de carpinchos iniciados 1 - ID proximo carpincho 1
[INFO] 10:15:48:406 MATELIB/(32490:32490): Buscando carpincho 0 para enviar mensaje (null) - Cantidad de carpinchos iniciados 1
[INFO] 10:15:48:406 MATELIB/(32490:32490): Carpincho 0 obtenido
[INFO] 10:15:56:173 MATELIB/(32492:32492): Socket auxiliar funcionando
[INFO] 10:15:56:174 MATELIB/(32492:32492): Puerto recibido
[INFO] 10:15:56:174 MATELIB/(32492:32492): Cantidad de carpinchos iniciados 1 - ID proximo carpincho 1
[INFO] 10:15:57:045 MATELIB/(32492:32492): Socket auxiliar funcionando
[INFO] 10:15:57:046 MATELIB/(32492:32492): Puerto recibido
[INFO] 10:15:57:046 MATELIB/(32492:32492): Cantidad de carpinchos iniciados 2 - ID proximo carpincho 2
[INFO] 10:15:58:509 MATELIB/(32492:32492): Socket auxiliar funcionando
[INFO] 10:15:58:509 MATELIB/(32492:32492): Puerto recibido
[INFO] 10:15:58:510 MATELIB/(32492:32492): Cantidad de carpinchos iniciados 3 - ID proximo carpincho 3
[INFO] 10:16:02:549 MATELIB/(32492:32492): Buscando carpincho 1 para enviar mensaje 1 - Cantidad de carpinchos iniciados 3
[INFO] 10:16:02:549 MATELIB/(32492:32492): Carpincho 1 obtenido
[INFO] 10:16:02:549 MATELIB/(32492:32492): mensaje a enviar 1 (10)
[ERROR] 10:17:21:402 MATELIB/(32514:32514): Error al crear socket. Fallo al conectarse al servidor
[INFO] 10:17:26:985 MATELIB/(32514:32514): Socket auxiliar funcionando
[INFO] 10:17:26:986 MATELIB/(32514:32514): Puerto recibido
[INFO] 10:17:26:986 MATELIB/(32514:32514): Cantidad de carpinchos iniciados 1 - ID proximo carpincho 1
[INFO] 10:17:31:417 MATELIB/(32514:32514): Buscando carpincho 1 para enviar mensaje 1 - Cantidad de carpinchos iniciados 1
[INFO] 10:18:10:288 MATELIB/(32661:32661): Socket auxiliar funcionando
[INFO] 10:18:10:288 MATELIB/(32661:32661): Puerto recibido
[INFO] 10:18:10:289 MATELIB/(32661:32661): Cantidad de carpinchos iniciados 1 - ID proximo carpincho 1
[INFO] 10:18:15:103 MATELIB/(32661:32661): Mensaje a enviar 1 (posicion en la lista de strings10)
[INFO] 10:18:18:783 MATELIB/(32661:32661): Mensaje a enviar 1 (posicion en la lista de strings10)
[INFO] 10:18:22:415 MATELIB/(32661:32661): Mensaje a enviar 1 (posicion en la lista de strings10)
[INFO] 10:18:25:552 MATELIB/(32661:32661): Mensaje a enviar 1 (posicion en la lista de strings10)
[INFO] 10:19:02:389 MATELIB/(32661:32661): Socket auxiliar funcionando
[INFO] 10:19:02:389 MATELIB/(32661:32661): Puerto recibido
[INFO] 10:19:02:390 MATELIB/(32661:32661): Cantidad de carpinchos iniciados 2 - ID proximo carpincho 2
[INFO] 10:19:05:373 MATELIB/(32661:32661): Mensaje a enviar 1 (posicion en la lista de strings10)
[INFO] 10:19:08:254 MATELIB/(32661:32661): Mensaje a enviar 1 (posicion en la lista de strings10)
[INFO] 10:19:11:494 MATELIB/(32661:32661): Mensaje a enviar 1 (posicion en la lista de strings10)
[INFO] 10:19:15:285 MATELIB/(32661:32661): Mensaje a enviar 1 (posicion en la lista de strings10)
[INFO] 10:19:24:605 MATELIB/(32689:32689): Socket auxiliar funcionando
[INFO] 10:19:24:605 MATELIB/(32689:32689): Puerto recibido
[INFO] 10:19:24:605 MATELIB/(32689:32689): Cantidad de carpinchos iniciados 1 - ID proximo carpincho 1
[INFO] 10:19:26:117 MATELIB/(32689:32689): Socket auxiliar funcionando
[INFO] 10:19:26:117 MATELIB/(32689:32689): Puerto recibido
[INFO] 10:19:26:117 MATELIB/(32689:32689): Cantidad de carpinchos iniciados 2 - ID proximo carpincho 2
[INFO] 10:19:26:830 MATELIB/(32689:32689): Socket auxiliar funcionando
[INFO] 10:19:26:830 MATELIB/(32689:32689): Puerto recibido
[INFO] 10:19:26:830 MATELIB/(32689:32689): Cantidad de carpinchos iniciados 3 - ID proximo carpincho 3
[INFO] 10:19:28:069 MATELIB/(32689:32689): Socket auxiliar funcionando
[INFO] 10:19:28:069 MATELIB/(32689:32689): Puerto recibido
[INFO] 10:19:28:069 MATELIB/(32689:32689): Cantidad de carpinchos iniciados 4 - ID proximo carpincho 4
[INFO] 10:19:29:045 MATELIB/(32689:32689): Socket auxiliar funcionando
[INFO] 10:19:29:045 MATELIB/(32689:32689): Puerto recibido
[INFO] 10:19:29:045 MATELIB/(32689:32689): Cantidad de carpinchos iniciados 5 - ID proximo carpincho 5
[INFO] 10:19:30:124 MATELIB/(32689:32689): Socket auxiliar funcionando
[INFO] 10:19:30:125 MATELIB/(32689:32689): Puerto recibido
[INFO] 10:19:30:125 MATELIB/(32689:32689): Cantidad de carpinchos iniciados 6 - ID proximo carpincho 6
[INFO] 10:19:30:997 MATELIB/(32689:32689): Socket auxiliar funcionando
[INFO] 10:19:30:997 MATELIB/(32689:32689): Puerto recibido
[INFO] 10:19:30:997 MATELIB/(32689:32689): Cantidad de carpinchos iniciados 7 - ID proximo carpincho 7
[INFO] 10:19:32:029 MATELIB/(32689:32689): Socket auxiliar funcionando
[INFO] 10:19:32:029 MATELIB/(32689:32689): Puerto recibido
[INFO] 10:19:32:029 MATELIB/(32689:32689): Cantidad de carpinchos iniciados 8 - ID proximo carpincho 8
[INFO] 10:19:33:061 MATELIB/(32689:32689): Socket auxiliar funcionando
[INFO] 10:19:33:061 MATELIB/(32689:32689): Puerto recibido
[INFO] 10:19:33:061 MATELIB/(32689:32689): Cantidad de carpinchos iniciados 9 - ID proximo carpincho 9
[INFO] 10:19:36:637 MATELIB/(32689:32689): Socket auxiliar funcionando
[INFO] 10:19:36:637 MATELIB/(32689:32689): Puerto recibido
[INFO] 10:19:36:637 MATELIB/(32689:32689): Cantidad de carpinchos iniciados 10 - ID proximo carpincho 10
[INFO] 10:19:37:396 MATELIB/(32689:32689): Socket auxiliar funcionando
[INFO] 10:19:37:396 MATELIB/(32689:32689): Puerto recibido
[INFO] 10:19:37:396 MATELIB/(32689:32689): Cantidad de carpinchos iniciados 11 - ID proximo carpincho 11
[INFO] 10:19:41:180 MATELIB/(32689:32689): Mensaje a enviar 1 (posicion en la lista de strings10)
[INFO] 10:19:44:036 MATELIB/(32689:32689): Mensaje a enviar 1 (posicion en la lista de strings10)
[INFO] 10:19:45:764 MATELIB/(32689:32689): Mensaje a enviar 1 (posicion en la lista de strings10)
[INFO] 10:19:47:524 MATELIB/(32689:32689): Mensaje a enviar 1 (posicion en la lista de strings10)
[INFO] 10:19:49:492 MATELIB/(32689:32689): Mensaje a enviar 1 (posicion en la lista de strings10)
[INFO] 10:19:51:355 MATELIB/(32689:32689): Mensaje a enviar 1 (posicion en la lista de strings10)
[INFO] 10:19:53:444 MATELIB/(32689:32689): Mensaje a enviar 1 (posicion en la lista de strings10)
[INFO] 10:19:55:588 MATELIB/(32689:32689): Mensaje a enviar 1 (posicion en la lista de strings10)
[INFO] 10:19:57:675 MATELIB/(32689:32689): Mensaje a enviar 1 (posicion en la lista de strings10)
[INFO] 10:20:05:531 MATELIB/(32689:32689): Mensaje a enviar 1 (posicion en la lista de strings10)
[INFO] 10:20:08:971 MATELIB/(32689:32689): Mensaje a enviar 1 (posicion en la lista de strings10)
[INFO] 10:24:20:410 MATELIB/(454:454): Socket auxiliar funcionando
[INFO] 10:24:20:410 MATELIB/(454:454): Puerto recibido
[INFO] 10:24:20:410 MATELIB/(454:454): Cantidad de carpinchos iniciados 1 - ID proximo carpincho 1
[INFO] 10:24:21:122 MATELIB/(454:454): Socket auxiliar funcionando
[INFO] 10:24:21:123 MATELIB/(454:454): Puerto recibido
[INFO] 10:24:21:123 MATELIB/(454:454): Cantidad de carpinchos iniciados 2 - ID proximo carpincho 2
[INFO] 10:24:21:954 MATELIB/(454:454): Socket auxiliar funcionando
[INFO] 10:24:21:954 MATELIB/(454:454): Puerto recibido
[INFO] 10:24:21:954 MATELIB/(454:454): Cantidad de carpinchos iniciados 3 - ID proximo carpincho 3
[INFO] 10:24:22:642 MATELIB/(454:454): Socket auxiliar funcionando
[INFO] 10:24:22:643 MATELIB/(454:454): Puerto recibido
[INFO] 10:24:22:643 MATELIB/(454:454): Cantidad de carpinchos iniciados 4 - ID proximo carpincho 4
[INFO] 10:24:23:282 MATELIB/(454:454): Socket auxiliar funcionando
[INFO] 10:24:23:282 MATELIB/(454:454): Puerto recibido
[INFO] 10:24:23:282 MATELIB/(454:454): Cantidad de carpinchos iniciados 5 - ID proximo carpincho 5
[INFO] 10:24:24:122 MATELIB/(454:454): Socket auxiliar funcionando
[INFO] 10:24:24:122 MATELIB/(454:454): Puerto recibido
[INFO] 10:24:24:122 MATELIB/(454:454): Cantidad de carpinchos iniciados 6 - ID proximo carpincho 6
[INFO] 10:24:24:786 MATELIB/(454:454): Socket auxiliar funcionando
[INFO] 10:24:24:786 MATELIB/(454:454): Puerto recibido
[INFO] 10:24:24:787 MATELIB/(454:454): Cantidad de carpinchos iniciados 7 - ID proximo carpincho 7
[INFO] 10:24:25:426 MATELIB/(454:454): Socket auxiliar funcionando
[INFO] 10:24:25:426 MATELIB/(454:454): Puerto recibido
[INFO] 10:24:25:426 MATELIB/(454:454): Cantidad de carpinchos iniciados 8 - ID proximo carpincho 8
[INFO] 10:24:26:306 MATELIB/(454:454): Socket auxiliar funcionando
[INFO] 10:24:26:306 MATELIB/(454:454): Puerto recibido
[INFO] 10:24:26:306 MATELIB/(454:454): Cantidad de carpinchos iniciados 9 - ID proximo carpincho 9
[INFO] 10:24:28:074 MATELIB/(454:454): Socket auxiliar funcionando
[INFO] 10:24:28:074 MATELIB/(454:454): Puerto recibido
[INFO] 10:24:28:074 MATELIB/(454:454): Cantidad de carpinchos iniciados 10 - ID proximo carpincho 10
[INFO] 10:24:31:481 MATELIB/(454:454): Mensaje a enviar 1 (posicion en la lista de strings10)
[INFO] 10:24:40:729 MATELIB/(454:454): Mensaje a enviar 1 (posicion en la lista de strings10)
[INFO] 10:24:44:745 MATELIB/(454:454): Mensaje a enviar 1 (posicion en la lista de strings10)
[INFO] 10:24:48:114 MATELIB/(454:454): Mensaje a enviar 1 (posicion en la lista de strings10)
[INFO] 10:24:50:866 MATELIB/(454:454): Mensaje a enviar 1 (posicion en la lista de strings10)
[INFO] 10:24:53:929 MATELIB/(454:454): Mensaje a enviar 1 (posicion en la lista de strings10)
[INFO] 10:24:56:017 MATELIB/(454:454): Mensaje a enviar 1 (posicion en la lista de strings10)
[INFO] 10:24:58:201 MATELIB/(454:454): Mensaje a enviar 1 (posicion en la lista de strings10)
[ERROR] 10:30:42:764 MATELIB/(865:865): Error al crear socket. Fallo al conectarse al servidor
[INFO] 10:30:51:748 MATELIB/(883:883): Socket auxiliar funcionando
[INFO] 10:30:51:749 MATELIB/(883:883): Puerto recibido
[INFO] 10:30:51:749 MATELIB/(883:883): Cantidad de carpinchos iniciados 1 - ID proximo carpincho 2
[INFO] 10:31:33:811 MATELIB/(1014:1014): Socket auxiliar funcionando
[INFO] 10:31:33:811 MATELIB/(1014:1014): Puerto recibido
[INFO] 10:31:33:811 MATELIB/(1014:1014): Cantidad de carpinchos iniciados 1 - ID proximo carpincho 2
[INFO] 10:32:13:953 MATELIB/(1145:1145): Socket auxiliar funcionando
[INFO] 10:32:13:954 MATELIB/(1145:1145): Puerto recibido
[INFO] 10:32:13:954 MATELIB/(1145:1145): Cantidad de carpinchos iniciados 1 - ID proximo carpincho 2
[INFO] 10:32:16:034 MATELIB/(1145:1145): Socket auxiliar funcionando
[INFO] 10:32:16:034 MATELIB/(1145:1145): Puerto recibido
[INFO] 10:32:16:034 MATELIB/(1145:1145): Cantidad de carpinchos iniciados 2 - ID proximo carpincho 3
[INFO] 10:32:16:929 MATELIB/(1145:1145): Socket auxiliar funcionando
[INFO] 10:32:16:929 MATELIB/(1145:1145): Puerto recibido
[INFO] 10:32:16:930 MATELIB/(1145:1145): Cantidad de carpinchos iniciados 3 - ID proximo carpincho 4
[INFO] 10:32:52:024 MATELIB/(1272:1272): Socket auxiliar funcionando
[INFO] 10:32:52:024 MATELIB/(1272:1272): Puerto recibido
[INFO] 10:32:52:024 MATELIB/(1272:1272): Cantidad de carpinchos iniciados 1 - ID proximo carpincho 2
[INFO] 10:32:54:592 MATELIB/(1272:1272): Socket auxiliar funcionando
[INFO] 10:32:54:592 MATELIB/(1272:1272): Puerto recibido
[INFO] 10:32:54:592 MATELIB/(1272:1272): Cantidad de carpinchos iniciados 2 - ID proximo carpincho 3
[INFO] 10:32:56:648 MATELIB/(1272:1272): Socket auxiliar funcionando
[INFO] 10:32:56:648 MATELIB/(1272:1272): Puerto recibido
[INFO] 10:32:56:648 MATELIB/(1272:1272): Cantidad de carpinchos iniciados 3 - ID proximo carpincho 4
[INFO] 10:33:00:664 MATELIB/(1272:1272): Mensaje a enviar 1 (posicion en la lista de strings 10)
[INFO] 10:33:06:423 MATELIB/(1272:1272): Mensaje a enviar 1 (posicion en la lista de strings 10)
[INFO] 10:33:09:943 MATELIB/(1272:1272): Mensaje a enviar 1 (posicion en la lista de strings 10)
[INFO] 10:33:13:063 MATELIB/(1272:1272): Mensaje a enviar 1 (posicion en la lista de strings 10)
[INFO] 10:33:18:007 MATELIB/(1272:1272): Mensaje a enviar 1 (posicion en la lista de strings 10)
[INFO] 10:33:29:351 MATELIB/(1272:1272): Socket auxiliar funcionando
[INFO] 10:33:29:351 MATELIB/(1272:1272): Puerto recibido
[INFO] 10:33:29:351 MATELIB/(1272:1272): Cantidad de carpinchos iniciados 1 - ID proximo carpincho 2
[INFO] 10:35:15:059 MATELIB/(1469:1469): Socket auxiliar funcionando
[INFO] 10:35:15:059 MATELIB/(1469:1469): Puerto recibido
[INFO] 10:35:15:059 MATELIB/(1469:1469): Cantidad de carpinchos iniciados 1 - ID proximo carpincho 2
[INFO] 10:35:15:619 MATELIB/(1469:1469): Socket auxiliar funcionando
[INFO] 10:35:15:619 MATELIB/(1469:1469): Puerto recibido
[INFO] 10:35:15:619 MATELIB/(1469:1469): Cantidad de carpinchos iniciados 2 - ID proximo carpincho 3
[INFO] 10:35:16:123 MATELIB/(1469:1469): Socket auxiliar funcionando
[INFO] 10:35:16:123 MATELIB/(1469:1469): Puerto recibido
[INFO] 10:35:16:123 MATELIB/(1469:1469): Cantidad de carpinchos iniciados 3 - ID proximo carpincho 4
[INFO] 10:35:54:137 MATELIB/(1596:1596): Socket auxiliar funcionando
[INFO] 10:35:54:138 MATELIB/(1596:1596): Puerto recibido
[INFO] 10:35:54:138 MATELIB/(1596:1596): Cantidad de carpinchos iniciados 1 - ID proximo carpincho 2
[INFO] 10:35:54:473 MATELIB/(1596:1596): Socket auxiliar funcionando
[INFO] 10:35:54:473 MATELIB/(1596:1596): Puerto recibido
[INFO] 10:35:54:473 MATELIB/(1596:1596): Cantidad de carpinchos iniciados 2 - ID proximo carpincho 3
[INFO] 10:35:54:833 MATELIB/(1596:1596): Socket auxiliar funcionando
[INFO] 10:35:54:833 MATELIB/(1596:1596): Puerto recibido
[INFO] 10:35:54:834 MATELIB/(1596:1596): Cantidad de carpinchos iniciados 3 - ID proximo carpincho 4
[INFO] 10:35:59:745 MATELIB/(1596:1596): Socket auxiliar funcionando
[INFO] 10:35:59:746 MATELIB/(1596:1596): Puerto recibido
[INFO] 10:35:59:746 MATELIB/(1596:1596): Cantidad de carpinchos iniciados 1 - ID proximo carpincho 2
[INFO] 10:36:00:105 MATELIB/(1596:1596): Socket auxiliar funcionando
[INFO] 10:36:00:105 MATELIB/(1596:1596): Puerto recibido
[INFO] 10:36:00:105 MATELIB/(1596:1596): Cantidad de carpinchos iniciados 2 - ID proximo carpincho 3
[INFO] 10:36:00:553 MATELIB/(1596:1596): Socket auxiliar funcionando
[INFO] 10:36:00:554 MATELIB/(1596:1596): Puerto recibido
[INFO] 10:36:00:554 MATELIB/(1596:1596): Cantidad de carpinchos iniciados 3 - ID proximo carpincho 4
[INFO] 10:36:08:905 MATELIB/(1596:1596): Socket auxiliar funcionando
[INFO] 10:36:08:905 MATELIB/(1596:1596): Puerto recibido
[INFO] 10:36:08:905 MATELIB/(1596:1596): Cantidad de carpinchos iniciados 1 - ID proximo carpincho 2
[INFO] 10:36:09:345 MATELIB/(1596:1596): Socket auxiliar funcionando
[INFO] 10:36:09:345 MATELIB/(1596:1596): Puerto recibido
[INFO] 10:36:09:345 MATELIB/(1596:1596): Cantidad de carpinchos iniciados 2 - ID proximo carpincho 3
[INFO] 10:36:10:049 MATELIB/(1596:1596): Socket auxiliar funcionando
[INFO] 10:36:10:049 MATELIB/(1596:1596): Puerto recibido
[INFO] 10:36:10:049 MATELIB/(1596:1596): Cantidad de carpinchos iniciados 3 - ID proximo carpincho 4
[INFO] 10:36:12:752 MATELIB/(1596:1596): Socket auxiliar funcionando
[INFO] 10:36:12:753 MATELIB/(1596:1596): Puerto recibido
[INFO] 10:36:12:753 MATELIB/(1596:1596): Cantidad de carpinchos iniciados 1 - ID proximo carpincho 2
[INFO] 10:36:13:128 MATELIB/(1596:1596): Socket auxiliar funcionando
[INFO] 10:36:13:129 MATELIB/(1596:1596): Puerto recibido
[INFO] 10:36:13:129 MATELIB/(1596:1596): Cantidad de carpinchos iniciados 2 - ID proximo carpincho 3
[INFO] 10:36:13:537 MATELIB/(1596:1596): Socket auxiliar funcionando
[INFO] 10:36:13:537 MATELIB/(1596:1596): Puerto recibido
[INFO] 10:36:13:537 MATELIB/(1596:1596): Cantidad de carpinchos iniciados 3 - ID proximo carpincho 4
[INFO] 10:36:16:296 MATELIB/(1596:1596): Socket auxiliar funcionando
[INFO] 10:36:16:297 MATELIB/(1596:1596): Puerto recibido
[INFO] 10:36:16:297 MATELIB/(1596:1596): Cantidad de carpinchos iniciados 1 - ID proximo carpincho 2
[INFO] 10:36:16:625 MATELIB/(1596:1596): Socket auxiliar funcionando
[INFO] 10:36:16:625 MATELIB/(1596:1596): Puerto recibido
[INFO] 10:36:16:625 MATELIB/(1596:1596): Cantidad de carpinchos iniciados 2 - ID proximo carpincho 3
[INFO] 10:36:16:984 MATELIB/(1596:1596): Socket auxiliar funcionando
[INFO] 10:36:16:984 MATELIB/(1596:1596): Puerto recibido
[INFO] 10:36:16:985 MATELIB/(1596:1596): Cantidad de carpinchos iniciados 3 - ID proximo carpincho 4
