[WARNING] 12:21:44:877 COLAS/(7195:7195): Kernel iniciado, comenzando con la planificacion
[INFO] 12:25:14:375 COLAS/(7195:7195):  	Agregado a new el carpincho 0
[INFO] 12:25:14:375 COLAS/(7195:7196):  	   Quitado de new el carpincho 0
[INFO] 12:25:14:375 COLAS/(7195:7196):  	Agregado a ready el carpincho 0
[INFO] 12:25:14:375 COLAS/(7195:7197):  	   Quitado de ready el carpincho 0
[INFO] 12:25:14:375 COLAS/(7195:7197):  	Agregado a running el carpincho 0
[INFO] 12:25:14:375 COLAS/(7195:7199):  	   Quitado de running el carpincho 0
[WARNING] 12:32:56:746 COLAS/(8254:8254): Kernel iniciado, comenzando con la planificacion
[INFO] 12:33:03:243 COLAS/(8254:8254):  	Agregado a new el carpincho 0
[INFO] 12:33:03:243 COLAS/(8254:8255):  	   Quitado de new el carpincho 0
[INFO] 12:33:03:243 COLAS/(8254:8255):  	Agregado a ready el carpincho 0
[INFO] 12:33:03:243 COLAS/(8254:8256):  	   Quitado de ready el carpincho 0
[INFO] 12:33:03:243 COLAS/(8254:8256):  	Agregado a running el carpincho 0
[INFO] 12:33:03:243 COLAS/(8254:8258):  	   Quitado de running el carpincho 0
[WARNING] 12:35:43:958 COLAS/(8305:8305): Kernel iniciado, comenzando con la planificacion
[WARNING] 12:35:58:534 COLAS/(8419:8419): Kernel iniciado, comenzando con la planificacion
[INFO] 12:36:03:399 COLAS/(8419:8419):  	Agregado a new el carpincho 0
[INFO] 12:36:03:400 COLAS/(8419:8420):  	   Quitado de new el carpincho 0
[INFO] 12:36:03:400 COLAS/(8419:8420):  	Agregado a ready el carpincho 0
[INFO] 12:36:03:400 COLAS/(8419:8421):  	   Quitado de ready el carpincho 0
[INFO] 12:36:03:400 COLAS/(8419:8421):  	Agregado a running el carpincho 0
[INFO] 12:36:03:400 COLAS/(8419:8423):  	   Quitado de running el carpincho 0
[WARNING] 12:40:11:690 COLAS/(8705:8705): Kernel iniciado, comenzando con la planificacion
[INFO] 12:40:50:527 COLAS/(8705:8705):  	Agregado a new el carpincho 0
[INFO] 12:40:50:527 COLAS/(8705:8706):  	   Quitado de new el carpincho 0
[INFO] 12:40:50:527 COLAS/(8705:8706):  	Agregado a ready el carpincho 0
[INFO] 12:40:50:527 COLAS/(8705:8707):  	   Quitado de ready el carpincho 0
[INFO] 12:40:50:527 COLAS/(8705:8707):  	Agregado a running el carpincho 0
[INFO] 12:40:50:527 COLAS/(8705:8712):  	   Quitado de running el carpincho 0
[INFO] 12:42:09:850 COLAS/(8705:8705):  	Agregado a new el carpincho 1
[INFO] 12:42:09:850 COLAS/(8705:8706):  	   Quitado de new el carpincho 1
[INFO] 12:42:09:852 COLAS/(8705:8706):  	Agregado a ready el carpincho 1
[INFO] 12:42:09:852 COLAS/(8705:8707):  	   Quitado de ready el carpincho 1
[INFO] 12:42:09:852 COLAS/(8705:8707):  	Agregado a running el carpincho 1
[INFO] 12:42:09:852 COLAS/(8705:8711):  	   Quitado de running el carpincho 1
