[INFO] 18:41:31:140 KERNEL/(25050:25050): Creando el socket...
[INFO] 18:42:02:846 KERNEL/(25164:25164): Creando el socket...
[INFO] 18:42:02:846 KERNEL/(25164:25164): socket creado
[INFO] 18:42:02:846 KERNEL/(25164:25164): Socket funcionando
[INFO] 18:43:47:228 KERNEL/(25422:25422): Creando el socket en la ip (null) con puerto 10216
[INFO] 18:43:47:228 KERNEL/(25422:25422): socket creado
[INFO] 18:43:47:228 KERNEL/(25422:25422): Socket funcionando
[INFO] 18:43:47:228 KERNEL/(25422:25422): Kernel listo
[INFO] 18:45:06:931 KERNEL/(25561:25561): Creando el socket en la ip 127.0.0.1 con puerto 10216
[INFO] 18:45:06:931 KERNEL/(25561:25561): socket creado
[INFO] 18:45:06:931 KERNEL/(25561:25561): Socket funcionando
[INFO] 18:45:06:932 KERNEL/(25561:25561): Kernel listo
[INFO] 18:47:15:359 KERNEL/(25619:25619): Creando el socket en la ip 127.0.0.1 con puerto 10216
[INFO] 18:47:15:359 KERNEL/(25619:25619): socket creado
[INFO] 18:47:15:359 KERNEL/(25619:25619): Socket funcionando
[INFO] 18:47:15:360 KERNEL/(25619:25619): Kernel listo
[INFO] 18:48:19:265 KERNEL/(25756:25756): Creando el socket en la IP 127.0.0.1 con Puerto 10216
[INFO] 18:48:19:265 KERNEL/(25756:25756): Socket funcionando
[INFO] 18:48:19:266 KERNEL/(25756:25756): Kernel listo
[INFO] 18:48:50:861 KERNEL/(25883:25883): Creando el socket en la IP 127.0.0.1 con Puerto 10216
[INFO] 18:48:50:865 KERNEL/(25883:25883): Socket funcionando
[INFO] 18:48:50:865 KERNEL/(25883:25883): Kernel listo
[INFO] 18:48:50:865 KERNEL/(25883:25883): Kernel esperando algun carpincho
[INFO] 18:49:19:973 KERNEL/(26015:26015): Creando el socket en la IP 127.0.0.1 con Puerto 10216
[INFO] 18:49:19:974 KERNEL/(26015:26015): Socket funcionando
[INFO] 18:49:19:974 KERNEL/(26015:26015): Kernel listo
[INFO] 18:49:50:445 KERNEL/(26153:26153): Creando el socket en la IP 127.0.0.1 con Puerto 10216
[INFO] 18:49:50:445 KERNEL/(26153:26153): Socket funcionando
[INFO] 18:49:50:446 KERNEL/(26153:26153): Kernel listo
[INFO] 18:49:50:447 KERNEL/(26153:26153): Kernel esperando algun carpincho
[INFO] 18:50:28:792 KERNEL/(26285:26285): Creando el socket en la IP 127.0.0.1 con Puerto 10216
[INFO] 18:50:28:792 KERNEL/(26285:26285): Socket funcionando
[INFO] 18:50:28:792 KERNEL/(26285:26285): Kernel listo
[INFO] 18:50:28:792 KERNEL/(26285:26285): Kernel esperando algun carpincho
[INFO] 18:50:32:207 KERNEL/(26285:26285): Se ha conectado un carpincho
[ERROR] 18:50:32:207 KERNEL/(26285:26285): Error al crear socket. Fallo al conectarse al servidor
[ERROR] 18:50:32:207 KERNEL/(26285:26285): Error en el socket generado para la memoria
[ERROR] 18:50:32:207 KERNEL/(26285:26285): Error en la recepcion del puerto de la memoria
[INFO] 18:50:32:207 KERNEL/(26285:26285): Kernel esperando algun carpincho
[WARNING] 18:50:32:207 KERNEL/(26285:26289): Ha ocurrido un fallo inesperado en la recepción del mensaje.
[ERROR] 18:50:32:207 KERNEL/(26285:26289): Carpincho desconectado
[INFO] 18:53:42:893 KERNEL/(26456:26456): Creando el socket en la IP 127.0.0.1 con Puerto 10216
[INFO] 18:53:42:894 KERNEL/(26456:26456): Socket funcionando
[INFO] 18:53:42:894 KERNEL/(26456:26456): Kernel listo
[INFO] 18:53:42:894 KERNEL/(26456:26456): Kernel esperando algun carpincho
[INFO] 18:53:48:622 KERNEL/(26456:26456): Se ha conectado un carpincho
[INFO] 18:53:48:622 KERNEL/(26456:26456): Kernel esperando algun carpincho
[WARNING] 18:53:48:622 KERNEL/(26456:26460): Ha ocurrido un fallo inesperado en la recepción del mensaje.
[ERROR] 18:53:48:622 KERNEL/(26456:26460): Carpincho desconectado
[INFO] 18:56:21:943 KERNEL/(26456:26456): Se ha conectado un carpincho
[INFO] 18:56:21:943 KERNEL/(26456:26456): Kernel esperando algun carpincho
[WARNING] 18:56:21:943 KERNEL/(26456:26461): Ha ocurrido un fallo inesperado en la recepción del mensaje.
[ERROR] 18:56:21:943 KERNEL/(26456:26461): Carpincho desconectado
[INFO] 18:59:37:279 KERNEL/(26456:26456): Se ha conectado un carpincho
[INFO] 18:59:37:280 KERNEL/(26456:26456): Kernel esperando algun carpincho
[WARNING] 18:59:37:280 KERNEL/(26456:26462): Ha ocurrido un fallo inesperado en la recepción del mensaje.
[ERROR] 18:59:37:280 KERNEL/(26456:26462): Carpincho desconectado
[INFO] 19:00:01:310 KERNEL/(26456:26456): Se ha conectado un carpincho
[INFO] 19:00:01:310 KERNEL/(26456:26456): Kernel esperando algun carpincho
[WARNING] 19:00:01:310 KERNEL/(26456:26463): Ha ocurrido un fallo inesperado en la recepción del mensaje.
[ERROR] 19:00:01:310 KERNEL/(26456:26463): Carpincho desconectado
[INFO] 19:00:05:584 KERNEL/(26456:26456): Se ha conectado un carpincho
[INFO] 19:00:05:584 KERNEL/(26456:26456): Kernel esperando algun carpincho
[WARNING] 19:00:05:584 KERNEL/(26456:26464): Ha ocurrido un fallo inesperado en la recepción del mensaje.
[ERROR] 19:00:05:584 KERNEL/(26456:26464): Carpincho desconectado
[INFO] 19:00:06:592 KERNEL/(26456:26456): Se ha conectado un carpincho
[INFO] 19:00:06:592 KERNEL/(26456:26456): Kernel esperando algun carpincho
[WARNING] 19:00:06:593 KERNEL/(26456:26465): Ha ocurrido un fallo inesperado en la recepción del mensaje.
[ERROR] 19:00:06:593 KERNEL/(26456:26465): Carpincho desconectado
[INFO] 19:00:07:208 KERNEL/(26456:26456): Se ha conectado un carpincho
[INFO] 19:00:07:209 KERNEL/(26456:26456): Kernel esperando algun carpincho
[WARNING] 19:00:07:209 KERNEL/(26456:26466): Ha ocurrido un fallo inesperado en la recepción del mensaje.
[ERROR] 19:00:07:209 KERNEL/(26456:26466): Carpincho desconectado
[INFO] 19:00:07:801 KERNEL/(26456:26456): Se ha conectado un carpincho
[INFO] 19:00:07:801 KERNEL/(26456:26456): Kernel esperando algun carpincho
[WARNING] 19:00:07:801 KERNEL/(26456:26467): Ha ocurrido un fallo inesperado en la recepción del mensaje.
[ERROR] 19:00:07:801 KERNEL/(26456:26467): Carpincho desconectado
[INFO] 19:00:08:498 KERNEL/(26456:26456): Se ha conectado un carpincho
[INFO] 19:00:08:498 KERNEL/(26456:26456): Kernel esperando algun carpincho
[INFO] 19:00:09:218 KERNEL/(26456:26456): Se ha conectado un carpincho
[INFO] 19:00:09:218 KERNEL/(26456:26456): Kernel esperando algun carpincho
[INFO] 19:00:19:446 KERNEL/(26456:26456): Se ha conectado un carpincho
[INFO] 19:00:19:447 KERNEL/(26456:26456): Kernel esperando algun carpincho
[INFO] 19:00:20:831 KERNEL/(26456:26456): Se ha conectado un carpincho
[INFO] 19:00:20:831 KERNEL/(26456:26456): Kernel esperando algun carpincho
[INFO] 19:00:21:663 KERNEL/(26456:26456): Se ha conectado un carpincho
[INFO] 19:00:21:663 KERNEL/(26456:26456): Kernel esperando algun carpincho
[INFO] 19:00:22:503 KERNEL/(26456:26456): Se ha conectado un carpincho
[INFO] 19:00:22:503 KERNEL/(26456:26456): Kernel esperando algun carpincho
[INFO] 19:00:23:200 KERNEL/(26456:26456): Se ha conectado un carpincho
[INFO] 19:00:23:200 KERNEL/(26456:26456): Kernel esperando algun carpincho
[INFO] 19:00:23:848 KERNEL/(26456:26456): Se ha conectado un carpincho
[INFO] 19:00:23:848 KERNEL/(26456:26456): Kernel esperando algun carpincho
[INFO] 19:00:24:537 KERNEL/(26456:26456): Se ha conectado un carpincho
[INFO] 19:00:24:537 KERNEL/(26456:26456): Kernel esperando algun carpincho
[INFO] 19:00:25:233 KERNEL/(26456:26456): Se ha conectado un carpincho
[INFO] 19:00:25:233 KERNEL/(26456:26456): Kernel esperando algun carpincho
[INFO] 19:00:25:857 KERNEL/(26456:26456): Se ha conectado un carpincho
[INFO] 19:00:25:857 KERNEL/(26456:26456): Kernel esperando algun carpincho
[INFO] 19:02:30:467 KERNEL/(26959:26959): Creando el socket en la IP 127.0.0.1 con Puerto 10216
[INFO] 19:02:30:467 KERNEL/(26959:26959): Socket funcionando
[INFO] 19:02:30:468 KERNEL/(26959:26959): Kernel listo
[INFO] 19:02:30:468 KERNEL/(26959:26959): Kernel esperando algun carpincho
[WARNING] 19:02:32:899 KERNEL/(26959:26959): Se ha conectado un carpincho
[INFO] 19:02:32:899 KERNEL/(26959:26959): Carpincho agregado a new - carpinchos en new 1
[INFO] 19:02:32:899 KERNEL/(26959:26959): Kernel esperando algun carpincho
[WARNING] 19:02:32:899 KERNEL/(26959:26963): Ha ocurrido un fallo inesperado en la recepción del mensaje.
[ERROR] 19:02:32:899 KERNEL/(26959:26963): Carpincho desconectado
[WARNING] 19:02:47:594 KERNEL/(26959:26959): Se ha conectado un carpincho
[INFO] 19:02:47:594 KERNEL/(26959:26959): Carpincho agregado a new - carpinchos en new 1
[INFO] 19:02:47:594 KERNEL/(26959:26959): Kernel esperando algun carpincho
[WARNING] 19:02:47:594 KERNEL/(26959:26964): Ha ocurrido un fallo inesperado en la recepción del mensaje.
[ERROR] 19:02:47:594 KERNEL/(26959:26964): Carpincho desconectado
[WARNING] 19:02:58:010 KERNEL/(26959:26959): Se ha conectado un carpincho
[INFO] 19:02:58:010 KERNEL/(26959:26959): Carpincho agregado a new - carpinchos en new 1
[INFO] 19:02:58:010 KERNEL/(26959:26959): Kernel esperando algun carpincho
[WARNING] 19:02:58:010 KERNEL/(26959:26965): Ha ocurrido un fallo inesperado en la recepción del mensaje.
[ERROR] 19:02:58:010 KERNEL/(26959:26965): Carpincho desconectado
[WARNING] 19:02:58:618 KERNEL/(26959:26959): Se ha conectado un carpincho
[INFO] 19:02:58:618 KERNEL/(26959:26959): Carpincho agregado a new - carpinchos en new 1
[INFO] 19:02:58:618 KERNEL/(26959:26959): Kernel esperando algun carpincho
[WARNING] 19:02:58:618 KERNEL/(26959:26966): Ha ocurrido un fallo inesperado en la recepción del mensaje.
[ERROR] 19:02:58:618 KERNEL/(26959:26966): Carpincho desconectado
[WARNING] 19:02:59:386 KERNEL/(26959:26959): Se ha conectado un carpincho
[INFO] 19:02:59:386 KERNEL/(26959:26959): Carpincho agregado a new - carpinchos en new 1
[INFO] 19:02:59:386 KERNEL/(26959:26959): Kernel esperando algun carpincho
[WARNING] 19:02:59:386 KERNEL/(26959:26967): Ha ocurrido un fallo inesperado en la recepción del mensaje.
[ERROR] 19:02:59:386 KERNEL/(26959:26967): Carpincho desconectado
[WARNING] 19:02:59:882 KERNEL/(26959:26959): Se ha conectado un carpincho
[INFO] 19:02:59:882 KERNEL/(26959:26959): Carpincho agregado a new - carpinchos en new 1
[INFO] 19:02:59:882 KERNEL/(26959:26959): Kernel esperando algun carpincho
[WARNING] 19:02:59:882 KERNEL/(26959:26968): Ha ocurrido un fallo inesperado en la recepción del mensaje.
[ERROR] 19:02:59:882 KERNEL/(26959:26968): Carpincho desconectado
[WARNING] 19:03:00:345 KERNEL/(26959:26959): Se ha conectado un carpincho
[INFO] 19:03:00:345 KERNEL/(26959:26959): Carpincho agregado a new - carpinchos en new 1
[INFO] 19:03:00:345 KERNEL/(26959:26959): Kernel esperando algun carpincho
[WARNING] 19:03:00:345 KERNEL/(26959:26969): Ha ocurrido un fallo inesperado en la recepción del mensaje.
[ERROR] 19:03:00:346 KERNEL/(26959:26969): Carpincho desconectado
[WARNING] 19:03:00:818 KERNEL/(26959:26959): Se ha conectado un carpincho
[INFO] 19:03:00:818 KERNEL/(26959:26959): Carpincho agregado a new - carpinchos en new 1
[INFO] 19:03:00:818 KERNEL/(26959:26959): Kernel esperando algun carpincho
[WARNING] 19:03:00:818 KERNEL/(26959:26970): Ha ocurrido un fallo inesperado en la recepción del mensaje.
[ERROR] 19:03:00:818 KERNEL/(26959:26970): Carpincho desconectado
[WARNING] 19:03:01:282 KERNEL/(26959:26959): Se ha conectado un carpincho
[INFO] 19:03:01:282 KERNEL/(26959:26959): Carpincho agregado a new - carpinchos en new 1
[INFO] 19:03:01:282 KERNEL/(26959:26959): Kernel esperando algun carpincho
[WARNING] 19:03:01:722 KERNEL/(26959:26959): Se ha conectado un carpincho
[INFO] 19:03:01:722 KERNEL/(26959:26959): Carpincho agregado a new - carpinchos en new 1
[INFO] 19:03:01:722 KERNEL/(26959:26959): Kernel esperando algun carpincho
[WARNING] 19:03:02:210 KERNEL/(26959:26959): Se ha conectado un carpincho
[INFO] 19:03:02:210 KERNEL/(26959:26959): Carpincho agregado a new - carpinchos en new 1
[INFO] 19:03:02:210 KERNEL/(26959:26959): Kernel esperando algun carpincho
[WARNING] 19:03:02:674 KERNEL/(26959:26959): Se ha conectado un carpincho
[INFO] 19:03:02:674 KERNEL/(26959:26959): Carpincho agregado a new - carpinchos en new 1
[INFO] 19:03:02:674 KERNEL/(26959:26959): Kernel esperando algun carpincho
[WARNING] 19:03:03:121 KERNEL/(26959:26959): Se ha conectado un carpincho
[INFO] 19:03:03:121 KERNEL/(26959:26959): Carpincho agregado a new - carpinchos en new 1
[INFO] 19:03:03:121 KERNEL/(26959:26959): Kernel esperando algun carpincho
[WARNING] 19:03:03:609 KERNEL/(26959:26959): Se ha conectado un carpincho
[INFO] 19:03:03:609 KERNEL/(26959:26959): Carpincho agregado a new - carpinchos en new 1
[INFO] 19:03:03:609 KERNEL/(26959:26959): Kernel esperando algun carpincho
[WARNING] 19:03:04:073 KERNEL/(26959:26959): Se ha conectado un carpincho
[INFO] 19:03:04:074 KERNEL/(26959:26959): Carpincho agregado a new - carpinchos en new 1
[INFO] 19:03:04:074 KERNEL/(26959:26959): Kernel esperando algun carpincho
[WARNING] 19:03:04:537 KERNEL/(26959:26959): Se ha conectado un carpincho
[INFO] 19:03:04:537 KERNEL/(26959:26959): Carpincho agregado a new - carpinchos en new 0
[INFO] 19:03:04:537 KERNEL/(26959:26959): Kernel esperando algun carpincho
[WARNING] 19:03:04:985 KERNEL/(26959:26959): Se ha conectado un carpincho
[INFO] 19:03:04:986 KERNEL/(26959:26959): Carpincho agregado a new - carpinchos en new 0
[INFO] 19:03:04:986 KERNEL/(26959:26959): Kernel esperando algun carpincho
[WARNING] 19:03:05:417 KERNEL/(26959:26959): Se ha conectado un carpincho
[INFO] 19:03:05:418 KERNEL/(26959:26959): Carpincho agregado a new - carpinchos en new 0
[INFO] 19:03:05:418 KERNEL/(26959:26959): Kernel esperando algun carpincho
[WARNING] 19:03:05:825 KERNEL/(26959:26959): Se ha conectado un carpincho
[INFO] 19:03:05:826 KERNEL/(26959:26959): Carpincho agregado a new - carpinchos en new 0
[INFO] 19:03:05:826 KERNEL/(26959:26959): Kernel esperando algun carpincho
[WARNING] 19:03:07:001 KERNEL/(26959:26959): Se ha conectado un carpincho
[INFO] 19:03:07:002 KERNEL/(26959:26959): Carpincho agregado a new - carpinchos en new 1
[INFO] 19:03:07:002 KERNEL/(26959:26959): Kernel esperando algun carpincho
[WARNING] 19:03:07:577 KERNEL/(26959:26959): Se ha conectado un carpincho
[INFO] 19:03:07:577 KERNEL/(26959:26959): Carpincho agregado a new - carpinchos en new 1
[INFO] 19:03:07:577 KERNEL/(26959:26959): Kernel esperando algun carpincho
[WARNING] 19:03:08:145 KERNEL/(26959:26959): Se ha conectado un carpincho
[INFO] 19:03:08:145 KERNEL/(26959:26959): Carpincho agregado a new - carpinchos en new 2
[INFO] 19:03:08:145 KERNEL/(26959:26959): Kernel esperando algun carpincho
[WARNING] 19:03:08:689 KERNEL/(26959:26959): Se ha conectado un carpincho
[INFO] 19:03:08:689 KERNEL/(26959:26959): Carpincho agregado a new - carpinchos en new 3
[INFO] 19:03:08:689 KERNEL/(26959:26959): Kernel esperando algun carpincho
[WARNING] 19:03:09:153 KERNEL/(26959:26959): Se ha conectado un carpincho
[INFO] 19:03:09:153 KERNEL/(26959:26959): Carpincho agregado a new - carpinchos en new 4
[INFO] 19:03:09:153 KERNEL/(26959:26959): Kernel esperando algun carpincho
[WARNING] 19:03:09:577 KERNEL/(26959:26959): Se ha conectado un carpincho
[INFO] 19:03:09:577 KERNEL/(26959:26959): Carpincho agregado a new - carpinchos en new 5
[INFO] 19:03:09:577 KERNEL/(26959:26959): Kernel esperando algun carpincho
[WARNING] 19:03:10:017 KERNEL/(26959:26959): Se ha conectado un carpincho
[INFO] 19:03:10:017 KERNEL/(26959:26959): Carpincho agregado a new - carpinchos en new 6
[INFO] 19:03:10:017 KERNEL/(26959:26959): Kernel esperando algun carpincho
[WARNING] 19:03:10:434 KERNEL/(26959:26959): Se ha conectado un carpincho
[INFO] 19:03:10:434 KERNEL/(26959:26959): Carpincho agregado a new - carpinchos en new 7
[INFO] 19:03:10:434 KERNEL/(26959:26959): Kernel esperando algun carpincho
[WARNING] 19:03:10:841 KERNEL/(26959:26959): Se ha conectado un carpincho
[INFO] 19:03:10:841 KERNEL/(26959:26959): Carpincho agregado a new - carpinchos en new 8
[INFO] 19:03:10:841 KERNEL/(26959:26959): Kernel esperando algun carpincho
[WARNING] 19:03:11:256 KERNEL/(26959:26959): Se ha conectado un carpincho
[INFO] 19:03:11:257 KERNEL/(26959:26959): Carpincho agregado a new - carpinchos en new 9
[INFO] 19:03:11:257 KERNEL/(26959:26959): Kernel esperando algun carpincho
[WARNING] 19:03:11:713 KERNEL/(26959:26959): Se ha conectado un carpincho
[INFO] 19:03:11:713 KERNEL/(26959:26959): Carpincho agregado a new - carpinchos en new 10
[INFO] 19:03:11:713 KERNEL/(26959:26959): Kernel esperando algun carpincho
[WARNING] 19:03:12:201 KERNEL/(26959:26959): Se ha conectado un carpincho
[INFO] 19:03:12:202 KERNEL/(26959:26959): Carpincho agregado a new - carpinchos en new 11
[INFO] 19:03:12:202 KERNEL/(26959:26959): Kernel esperando algun carpincho
[WARNING] 19:03:12:601 KERNEL/(26959:26959): Se ha conectado un carpincho
[INFO] 19:03:12:601 KERNEL/(26959:26959): Carpincho agregado a new - carpinchos en new 12
[INFO] 19:03:12:601 KERNEL/(26959:26959): Kernel esperando algun carpincho
[WARNING] 19:03:12:969 KERNEL/(26959:26959): Se ha conectado un carpincho
[INFO] 19:03:12:969 KERNEL/(26959:26959): Carpincho agregado a new - carpinchos en new 13
[INFO] 19:03:12:969 KERNEL/(26959:26959): Kernel esperando algun carpincho
[WARNING] 19:03:13:361 KERNEL/(26959:26959): Se ha conectado un carpincho
[INFO] 19:03:13:361 KERNEL/(26959:26959): Carpincho agregado a new - carpinchos en new 14
[INFO] 19:03:13:361 KERNEL/(26959:26959): Kernel esperando algun carpincho
[WARNING] 19:03:13:729 KERNEL/(26959:26959): Se ha conectado un carpincho
[INFO] 19:03:13:729 KERNEL/(26959:26959): Carpincho agregado a new - carpinchos en new 15
[INFO] 19:03:13:729 KERNEL/(26959:26959): Kernel esperando algun carpincho
[WARNING] 19:03:14:089 KERNEL/(26959:26959): Se ha conectado un carpincho
[INFO] 19:03:14:089 KERNEL/(26959:26959): Carpincho agregado a new - carpinchos en new 16
[INFO] 19:03:14:089 KERNEL/(26959:26959): Kernel esperando algun carpincho
[WARNING] 19:03:14:441 KERNEL/(26959:26959): Se ha conectado un carpincho
[INFO] 19:03:14:441 KERNEL/(26959:26959): Carpincho agregado a new - carpinchos en new 17
[INFO] 19:03:14:441 KERNEL/(26959:26959): Kernel esperando algun carpincho
[WARNING] 19:03:14:953 KERNEL/(26959:26959): Se ha conectado un carpincho
[INFO] 19:03:14:953 KERNEL/(26959:26959): Carpincho agregado a new - carpinchos en new 18
[INFO] 19:03:14:953 KERNEL/(26959:26959): Kernel esperando algun carpincho
[WARNING] 19:03:15:409 KERNEL/(26959:26959): Se ha conectado un carpincho
[INFO] 19:03:15:409 KERNEL/(26959:26959): Carpincho agregado a new - carpinchos en new 19
[INFO] 19:03:15:409 KERNEL/(26959:26959): Kernel esperando algun carpincho
[WARNING] 19:03:15:817 KERNEL/(26959:26959): Se ha conectado un carpincho
[INFO] 19:03:15:817 KERNEL/(26959:26959): Carpincho agregado a new - carpinchos en new 20
[INFO] 19:03:15:817 KERNEL/(26959:26959): Kernel esperando algun carpincho
[INFO] 19:09:28:945 KERNEL/(27203:27203): Creando el socket en la IP 127.0.0.1 con Puerto 10216
[INFO] 19:09:28:945 KERNEL/(27203:27203): Socket funcionando
[INFO] 19:09:28:946 KERNEL/(27203:27203): Kernel listo
[INFO] 19:09:28:946 KERNEL/(27203:27203): Kernel esperando algun carpincho
[WARNING] 19:09:30:946 KERNEL/(27203:27203): Se ha conectado un carpincho
[INFO] 19:09:30:946 KERNEL/(27203:27203): Carpincho agregado a new - carpinchos en new 1
[INFO] 19:09:30:946 KERNEL/(27203:27203): Kernel esperando algun carpincho
[INFO] 19:09:30:946 KERNEL/(27203:27204): Carpincho quitado de new - carpinchos en new 0
[INFO] 19:09:30:946 KERNEL/(27203:27204): Carpincho agregado a ready - carpinchos en ready 1
[INFO] 19:09:30:946 KERNEL/(27203:27205): Carpincho quitado de ready - carpinchos en ready 0
[INFO] 19:09:30:946 KERNEL/(27203:27205): Carpincho agregado a running
[WARNING] 19:09:30:946 KERNEL/(27203:27207): Ha ocurrido un fallo inesperado en la recepción del mensaje.
[ERROR] 19:09:30:946 KERNEL/(27203:27207): Carpincho desconectado
[INFO] 19:14:41:620 KERNEL/(27458:27458): Creando el socket en la IP 127.0.0.1 con Puerto 10216
[INFO] 19:14:41:620 KERNEL/(27458:27458): Socket funcionando
[INFO] 19:14:41:620 KERNEL/(27458:27458): Kernel listo
[INFO] 19:14:41:621 KERNEL/(27458:27458): Kernel esperando algun carpincho
[WARNING] 19:14:43:734 KERNEL/(27458:27458): Se ha conectado un carpincho
[INFO] 19:14:43:734 KERNEL/(27458:27458): Carpincho agregado a new - carpinchos en new 1
[INFO] 19:14:43:734 KERNEL/(27458:27458): Kernel esperando algun carpincho
[INFO] 19:14:43:734 KERNEL/(27458:27459): Carpincho quitado de new - carpinchos en new 0
[INFO] 19:14:43:734 KERNEL/(27458:27459): Carpincho agregado a ready - carpinchos en ready 1
[INFO] 19:14:43:734 KERNEL/(27458:27460): Carpincho quitado de ready - carpinchos en ready 0
[INFO] 19:14:43:734 KERNEL/(27458:27460): Carpincho agregado a running
[INFO] 19:14:43:735 KERNEL/(27458:27462): Carpincho empezando a trabajar a la hora 19:14:43:735
[WARNING] 19:14:43:735 KERNEL/(27458:27462): Ha ocurrido un fallo inesperado en la recepción del mensaje.
[ERROR] 19:14:43:735 KERNEL/(27458:27462): Carpincho desconectado
[INFO] 19:16:12:218 KERNEL/(27594:27594): Creando el socket en la IP 127.0.0.1 con Puerto 10216
[INFO] 19:16:12:219 KERNEL/(27594:27594): Socket funcionando
[INFO] 19:16:12:219 KERNEL/(27594:27594): Kernel listo
[INFO] 19:16:12:220 KERNEL/(27594:27594): Kernel esperando algun carpincho
[WARNING] 19:16:14:125 KERNEL/(27594:27594): Se ha conectado un carpincho
[INFO] 19:16:14:125 KERNEL/(27594:27595): Carpincho quitado de new - carpinchos en new 0
[INFO] 19:16:14:125 KERNEL/(27594:27596): Carpincho quitado de ready - carpinchos en ready 0
[INFO] 19:16:14:125 KERNEL/(27594:27596): Carpincho agregado a running
[INFO] 19:16:14:125 KERNEL/(27594:27598): Carpincho empezando a trabajar a la hora 19:16:14:125
[WARNING] 19:16:14:125 KERNEL/(27594:27598): Ha ocurrido un fallo inesperado en la recepción del mensaje.
[ERROR] 19:16:14:125 KERNEL/(27594:27598): Carpincho desconectado :p
[INFO] 19:16:14:125 KERNEL/(27594:27595): Carpincho agregado a ready - carpinchos en ready 1
[INFO] 19:16:14:126 KERNEL/(27594:27594): Carpincho agregado a new - carpinchos en new 0
[INFO] 19:16:14:126 KERNEL/(27594:27594): Kernel esperando algun carpincho
[INFO] 19:20:12:906 KERNEL/(27768:27768): Creando el socket en la IP 127.0.0.1 con Puerto 10216
[INFO] 19:20:12:907 KERNEL/(27768:27768): Socket funcionando
[INFO] 19:20:12:907 KERNEL/(27768:27768): Kernel listo
[INFO] 19:20:12:908 KERNEL/(27768:27768): Kernel esperando algun carpincho
[WARNING] 19:20:15:187 KERNEL/(27768:27768): Se ha conectado un carpincho
[INFO] 19:20:15:187 KERNEL/(27768:27768): Carpincho agregado a new - carpinchos en new 1
[INFO] 19:20:15:187 KERNEL/(27768:27768): Kernel esperando algun carpincho
[INFO] 19:20:15:187 KERNEL/(27768:27769): Carpincho quitado de new - carpinchos en new 0
[INFO] 19:20:15:187 KERNEL/(27768:27769): Carpincho agregado a ready - carpinchos en ready 1
[INFO] 19:20:15:187 KERNEL/(27768:27770): Carpincho quitado de ready - carpinchos en ready 0
[INFO] 19:20:15:187 KERNEL/(27768:27770): Carpincho agregado a running
[INFO] 19:20:15:187 KERNEL/(27768:27772): Carpincho empezando a trabajar a la hora 19:20:15:187
[INFO] 19:20:15:187 KERNEL/(27768:27772): C
[INFO] 19:20:15:187 KERNEL/(27768:27772): C
[WARNING] 19:20:15:187 KERNEL/(27768:27772): Ha ocurrido un fallo inesperado en la recepción del mensaje.
[ERROR] 19:20:15:187 KERNEL/(27768:27772): Carpincho desconectado :p
[INFO] 19:24:27:074 KERNEL/(28075:28075): Creando el socket en la IP 127.0.0.1 con Puerto 10216
[INFO] 19:24:27:074 KERNEL/(28075:28075): Socket funcionando
[INFO] 19:24:27:075 KERNEL/(28075:28075): Kernel listo
[INFO] 19:24:27:075 KERNEL/(28075:28075): Kernel esperando algun carpincho
[WARNING] 19:24:33:138 KERNEL/(28075:28075): Se ha conectado un carpincho
[INFO] 19:24:33:138 KERNEL/(28075:28075): Carpincho agregado a new - carpinchos en new 1
[INFO] 19:24:33:138 KERNEL/(28075:28075): Kernel esperando algun carpincho
[INFO] 19:24:33:138 KERNEL/(28075:28076): Carpincho quitado de new - carpinchos en new 0
[INFO] 19:24:33:138 KERNEL/(28075:28076): Carpincho agregado a ready - carpinchos en ready 1
[INFO] 19:24:33:138 KERNEL/(28075:28077): Carpincho quitado de ready - carpinchos en ready 0
[INFO] 19:24:33:138 KERNEL/(28075:28077): Carpincho agregado a running
[INFO] 19:24:33:138 KERNEL/(28075:28079): Carpincho empezando a trabajar a la hora 19:24:33:138
[WARNING] 19:24:33:138 KERNEL/(28075:28079): Ha ocurrido un fallo inesperado en la recepción del mensaje.
[ERROR] 19:24:33:138 KERNEL/(28075:28079): Carpincho desconectado :p
[WARNING] 19:25:30:727 KERNEL/(28075:28075): Se ha conectado un carpincho
[INFO] 19:25:30:727 KERNEL/(28075:28075): Carpincho agregado a new - carpinchos en new 1
[INFO] 19:25:30:727 KERNEL/(28075:28076): Carpincho quitado de new - carpinchos en new 0
[INFO] 19:25:30:727 KERNEL/(28075:28075): Kernel esperando algun carpincho
[INFO] 19:25:30:727 KERNEL/(28075:28077): Carpincho quitado de ready - carpinchos en ready 0
[INFO] 19:25:30:728 KERNEL/(28075:28077): Carpincho agregado a running
[INFO] 19:25:30:728 KERNEL/(28075:28080): Carpincho empezando a trabajar a la hora 19:25:30:728
[WARNING] 19:25:30:728 KERNEL/(28075:28080): Ha ocurrido un fallo inesperado en la recepción del mensaje.
[ERROR] 19:25:30:728 KERNEL/(28075:28080): Carpincho desconectado :p
[INFO] 19:25:30:727 KERNEL/(28075:28076): Carpincho agregado a ready - carpinchos en ready 1
[INFO] 19:25:40:327 KERNEL/(28210:28210): Creando el socket en la IP 127.0.0.1 con Puerto 10216
[INFO] 19:25:40:327 KERNEL/(28210:28210): Socket funcionando
[INFO] 19:25:40:328 KERNEL/(28210:28210): Kernel listo
[INFO] 19:25:40:328 KERNEL/(28210:28210): Kernel esperando algun carpincho
[WARNING] 19:25:43:343 KERNEL/(28210:28210): Se ha conectado un carpincho
[INFO] 19:25:43:343 KERNEL/(28210:28210): Carpincho agregado a new - carpinchos en new 1
[INFO] 19:25:43:343 KERNEL/(28210:28211): Carpincho quitado de new - carpinchos en new 0
[INFO] 19:25:43:343 KERNEL/(28210:28210): Kernel esperando algun carpincho
[INFO] 19:25:43:343 KERNEL/(28210:28211): Carpincho agregado a ready - carpinchos en ready 1
[INFO] 19:25:43:343 KERNEL/(28210:28212): Carpincho quitado de ready - carpinchos en ready 0
[INFO] 19:25:43:343 KERNEL/(28210:28212): Carpincho agregado a running
[INFO] 19:25:43:343 KERNEL/(28210:28214): Carpincho empezando a trabajar a la hora 19:25:43:343
[WARNING] 19:25:43:344 KERNEL/(28210:28214): Ha ocurrido un fallo inesperado en la recepción del mensaje.
[ERROR] 19:25:43:344 KERNEL/(28210:28214): Carpincho desconectado :p
[INFO] 19:27:46:762 KERNEL/(28341:28341): Creando el socket en la IP 127.0.0.1 con Puerto 10216
[INFO] 19:27:46:762 KERNEL/(28341:28341): Socket funcionando
[INFO] 19:27:46:762 KERNEL/(28341:28341): Kernel listo
[INFO] 19:27:46:762 KERNEL/(28341:28341): Kernel esperando algun carpincho
[WARNING] 19:27:48:481 KERNEL/(28341:28341): Se ha conectado un carpincho
[INFO] 19:27:48:482 KERNEL/(28341:28341): Carpincho agregado a new - carpinchos en new 1
[INFO] 19:27:48:482 KERNEL/(28341:28341): Kernel esperando algun carpincho
[INFO] 19:27:48:482 KERNEL/(28341:28342): Carpincho quitado de new - carpinchos en new 0
[INFO] 19:27:48:482 KERNEL/(28341:28342): Carpincho agregado a ready - carpinchos en ready 1
[INFO] 19:27:48:482 KERNEL/(28341:28343): Carpincho quitado de ready - carpinchos en ready 0
[INFO] 19:27:48:482 KERNEL/(28341:28343): Carpincho agregado a running
[INFO] 19:27:48:482 KERNEL/(28341:28345): Carpincho empezando a trabajar a la hora 19:27:48:482
[WARNING] 19:27:48:482 KERNEL/(28341:28345): Ha ocurrido un fallo inesperado en la recepción del mensaje.
[ERROR] 19:27:48:482 KERNEL/(28341:28345): Carpincho desconectado :p
[WARNING] 19:27:53:625 KERNEL/(28341:28341): Se ha conectado un carpincho
[INFO] 19:27:53:625 KERNEL/(28341:28341): Carpincho agregado a new - carpinchos en new 1
[INFO] 19:27:53:625 KERNEL/(28341:28341): Kernel esperando algun carpincho
[INFO] 19:27:53:626 KERNEL/(28341:28342): Carpincho quitado de new - carpinchos en new 0
[INFO] 19:27:53:626 KERNEL/(28341:28342): Carpincho agregado a ready - carpinchos en ready 1
[INFO] 19:27:53:626 KERNEL/(28341:28343): Carpincho quitado de ready - carpinchos en ready 0
[INFO] 19:27:53:626 KERNEL/(28341:28343): Carpincho agregado a running
[INFO] 19:27:53:626 KERNEL/(28341:28346): Carpincho empezando a trabajar a la hora 19:27:53:626
[WARNING] 19:27:53:626 KERNEL/(28341:28346): Ha ocurrido un fallo inesperado en la recepción del mensaje.
[ERROR] 19:27:53:626 KERNEL/(28341:28346): Carpincho desconectado :p
[WARNING] 19:27:55:793 KERNEL/(28341:28341): Se ha conectado un carpincho
[INFO] 19:27:55:794 KERNEL/(28341:28341): Carpincho agregado a new - carpinchos en new 1
[INFO] 19:27:55:794 KERNEL/(28341:28341): Kernel esperando algun carpincho
[INFO] 19:27:55:794 KERNEL/(28341:28342): Carpincho quitado de new - carpinchos en new 0
[INFO] 19:27:55:794 KERNEL/(28341:28342): Carpincho agregado a ready - carpinchos en ready 1
[INFO] 19:27:55:794 KERNEL/(28341:28343): Carpincho quitado de ready - carpinchos en ready 0
[INFO] 19:27:55:794 KERNEL/(28341:28343): Carpincho agregado a running
[INFO] 19:27:55:794 KERNEL/(28341:28347): Carpincho empezando a trabajar a la hora 19:27:55:794
[WARNING] 19:27:55:794 KERNEL/(28341:28347): Ha ocurrido un fallo inesperado en la recepción del mensaje.
[ERROR] 19:27:55:794 KERNEL/(28341:28347): Carpincho desconectado :p
[INFO] 19:29:22:230 KERNEL/(28491:28491): Creando el socket en la IP 127.0.0.1 con Puerto 10216
[INFO] 19:29:22:230 KERNEL/(28491:28491): Socket funcionando
[INFO] 19:29:22:230 KERNEL/(28491:28491): Kernel listo
[INFO] 19:29:22:230 KERNEL/(28491:28491): Kernel esperando algun carpincho
[WARNING] 19:29:25:590 KERNEL/(28491:28491): Se ha conectado un carpincho
[INFO] 19:29:25:590 KERNEL/(28491:28491): Carpincho agregado a new - carpinchos en new 1
[INFO] 19:29:25:590 KERNEL/(28491:28491): Kernel esperando algun carpincho
[INFO] 19:29:25:590 KERNEL/(28491:28492): Carpincho quitado de new - carpinchos en new 0
[INFO] 19:29:25:590 KERNEL/(28491:28492): Carpincho agregado a ready - carpinchos en ready 1
[INFO] 19:29:25:590 KERNEL/(28491:28493): Carpincho quitado de ready - carpinchos en ready 0
[INFO] 19:29:25:590 KERNEL/(28491:28493): Carpincho agregado a running
[INFO] 19:29:25:590 KERNEL/(28491:28495): Carpincho empezando a trabajar a la hora 19:29:25:590
[WARNING] 19:29:25:591 KERNEL/(28491:28495): Ha ocurrido un fallo inesperado en la recepción del mensaje.
[ERROR] 19:29:25:591 KERNEL/(28491:28495): Carpincho desconectado :p
[INFO] 19:29:25:591 KERNEL/(28491:28495): LLego: 1
[INFO] 19:34:43:735 KERNEL/(28703:28703): Creando el socket en la IP 127.0.0.1 con Puerto 10216
[INFO] 19:34:43:735 KERNEL/(28703:28703): Socket funcionando
[INFO] 19:34:43:736 KERNEL/(28703:28703): Kernel listo
[INFO] 19:34:43:736 KERNEL/(28703:28703): Kernel esperando algun carpincho
[WARNING] 19:34:45:471 KERNEL/(28703:28703): Se ha conectado un carpincho
[WARNING] 19:34:45:471 KERNEL/(28703:28703): Socket generado para el carpincho 6
[INFO] 19:34:45:471 KERNEL/(28703:28703): Carpincho agregado a new - carpinchos en new 1
[INFO] 19:34:45:471 KERNEL/(28703:28703): Kernel esperando algun carpincho
[INFO] 19:34:45:471 KERNEL/(28703:28704): Carpincho quitado de new - carpinchos en new 0
[INFO] 19:34:45:472 KERNEL/(28703:28704): Carpincho agregado a ready - carpinchos en ready 1
[INFO] 19:34:45:472 KERNEL/(28703:28705): Carpincho quitado de ready - carpinchos en ready 0
[INFO] 19:34:45:472 KERNEL/(28703:28705): Carpincho agregado a running
[INFO] 19:34:45:472 KERNEL/(28703:28708): Carpincho empezando a trabajar a la hora 19:34:45:472
[WARNING] 19:34:45:472 KERNEL/(28703:28708): Socket de escucha 6
[WARNING] 19:34:45:472 KERNEL/(28703:28708): Ha ocurrido un fallo inesperado en la recepción del mensaje.
[ERROR] 19:34:45:472 KERNEL/(28703:28708): Carpincho desconectado :p
[INFO] 19:34:45:472 KERNEL/(28703:28708): LLego: 1
[INFO] 19:36:22:107 KERNEL/(28846:28846): Creando el socket en la IP 127.0.0.1 con Puerto 10216
[INFO] 19:36:22:107 KERNEL/(28846:28846): Socket funcionando
[INFO] 19:36:22:108 KERNEL/(28846:28846): Kernel listo
[INFO] 19:36:22:108 KERNEL/(28846:28846): Kernel esperando algun carpincho
[WARNING] 19:36:24:203 KERNEL/(28846:28846): Se ha conectado un carpincho
[WARNING] 19:36:24:203 KERNEL/(28846:28846): Socket generado para el carpincho 6
[INFO] 19:36:24:203 KERNEL/(28846:28846): Kernel esperando algun carpincho
[INFO] 19:36:24:204 KERNEL/(28846:28850): Carpincho empezando a trabajar a la hora 19:36:24:204
[WARNING] 19:36:24:204 KERNEL/(28846:28850): Socket de escucha 6
[WARNING] 19:36:24:204 KERNEL/(28846:28850): Ha ocurrido un fallo inesperado en la recepción del mensaje.
[ERROR] 19:36:24:204 KERNEL/(28846:28850): Carpincho desconectado :p
[INFO] 19:36:24:204 KERNEL/(28846:28850): LLego: 1
[INFO] 19:39:23:540 KERNEL/(29010:29010): Creando el socket en la IP 127.0.0.1 con Puerto 10216
[INFO] 19:39:23:540 KERNEL/(29010:29010): Socket funcionando
[INFO] 19:39:23:540 KERNEL/(29010:29010): Kernel listo
[INFO] 19:39:23:540 KERNEL/(29010:29010): Kernel esperando algun carpincho
[WARNING] 19:39:28:764 KERNEL/(29010:29010): Se ha conectado un carpincho
[WARNING] 19:39:28:764 KERNEL/(29010:29010): Socket generado para el carpincho 6
[INFO] 19:39:28:764 KERNEL/(29010:29010): Kernel esperando algun carpincho
[INFO] 19:39:28:764 KERNEL/(29010:29014): Carpincho empezando a trabajar a la hora 19:39:28:764
[WARNING] 19:39:28:764 KERNEL/(29010:29014): Socket de escucha 6
[WARNING] 19:39:28:765 KERNEL/(29010:29014): Ha ocurrido un fallo inesperado en la recepción del mensaje.
[ERROR] 19:39:28:765 KERNEL/(29010:29014): Carpincho desconectado :p
[INFO] 19:39:28:765 KERNEL/(29010:29014): LLego: 1
[INFO] 19:54:17:697 KERNEL/(29874:29874): Creando el socket en la IP 127.0.0.1 con Puerto 10216
[INFO] 19:54:17:697 KERNEL/(29874:29874): Socket funcionando
[INFO] 19:54:17:699 KERNEL/(29874:29874): Kernel listo
[INFO] 19:54:17:699 KERNEL/(29874:29874): Kernel esperando algun carpincho
[WARNING] 19:54:22:197 KERNEL/(29874:29874): Se ha conectado un carpincho
[WARNING] 19:54:22:197 KERNEL/(29874:29874): Socket generado para el carpincho 6
[INFO] 19:54:22:198 KERNEL/(29874:29874): Kernel esperando algun carpincho
[INFO] 19:54:22:198 KERNEL/(29874:29878): Carpincho empezando a trabajar a la hora 19:54:22:198
[WARNING] 19:54:22:198 KERNEL/(29874:29878): Socket de escucha 5
[INFO] 19:55:10:091 KERNEL/(30002:30002): Creando el socket en la IP 127.0.0.1 con Puerto 10216
[INFO] 19:55:10:091 KERNEL/(30002:30002): Socket funcionando
[INFO] 19:55:10:092 KERNEL/(30002:30002): Kernel listo
[INFO] 19:55:10:092 KERNEL/(30002:30002): Kernel esperando algun carpincho
[WARNING] 19:55:13:381 KERNEL/(30002:30002): Se ha conectado un carpincho
[WARNING] 19:55:13:381 KERNEL/(30002:30002): Socket generado para el carpincho 6
[INFO] 19:55:13:382 KERNEL/(30002:30002): Kernel esperando algun carpincho
[INFO] 19:55:13:382 KERNEL/(30002:30006): Carpincho empezando a trabajar a la hora 19:55:13:382
[WARNING] 19:55:13:382 KERNEL/(30002:30006): Socket de escucha 5
[INFO] 19:55:13:382 KERNEL/(30002:30006): Recibi mensaje
[INFO] 09:48:17:472 KERNEL/(30831:30831): Creando el socket en la IP 127.0.0.1 con Puerto 10216
[INFO] 09:48:17:472 KERNEL/(30831:30831): Socket funcionando
[INFO] 09:48:17:473 KERNEL/(30831:30831): Kernel listo
[INFO] 09:48:17:473 KERNEL/(30831:30831): Kernel esperando algun carpincho
[INFO] 09:48:19:128 KERNEL/(30831:30831): El carpincho tardo en llegar 1655 ms (09:48:17:473 - 09:48:19:128)
[WARNING] 09:48:19:128 KERNEL/(30831:30831): Se ha conectado un carpincho
[INFO] 09:48:19:129 KERNEL/(30831:30831): Kernel esperando algun carpincho
[INFO] 09:48:19:129 KERNEL/(30831:30835): Carpincho empezando a trabajar a la hora 09:48:19:129
[WARNING] 09:48:19:129 KERNEL/(30831:30835): Socket de escucha 7
[INFO] 09:48:19:129 KERNEL/(30831:30835): Recibi mensaje
[INFO] 09:48:28:223 KERNEL/(30831:30831): El carpincho tardo en llegar 9094 ms (09:48:19:129 - 09:48:28:223)
[WARNING] 09:48:28:224 KERNEL/(30831:30831): Se ha conectado un carpincho
[INFO] 09:48:28:224 KERNEL/(30831:30831): Kernel esperando algun carpincho
[INFO] 09:48:28:224 KERNEL/(30831:30836): Carpincho empezando a trabajar a la hora 09:48:28:224
[WARNING] 09:48:28:224 KERNEL/(30831:30836): Socket de escucha 8
[INFO] 09:48:28:224 KERNEL/(30831:30836): Recibi mensaje
[INFO] 09:48:35:360 KERNEL/(30831:30831): El carpincho tardo en llegar 7136 ms (09:48:28:224 - 09:48:35:360)
[WARNING] 09:48:35:360 KERNEL/(30831:30831): Se ha conectado un carpincho
[INFO] 09:48:35:360 KERNEL/(30831:30831): Kernel esperando algun carpincho
[INFO] 09:48:35:360 KERNEL/(30831:30837): Carpincho empezando a trabajar a la hora 09:48:35:360
[WARNING] 09:48:35:360 KERNEL/(30831:30837): Socket de escucha 9
[INFO] 09:48:35:361 KERNEL/(30831:30837): Recibi mensaje
[INFO] 09:48:40:111 KERNEL/(30831:30831): El carpincho tardo en llegar 4751 ms (09:48:35:360 - 09:48:40:111)
[WARNING] 09:48:40:111 KERNEL/(30831:30831): Se ha conectado un carpincho
[INFO] 09:48:40:111 KERNEL/(30831:30831): Kernel esperando algun carpincho
[INFO] 09:48:40:111 KERNEL/(30831:30838): Carpincho empezando a trabajar a la hora 09:48:40:111
[WARNING] 09:48:40:111 KERNEL/(30831:30838): Socket de escucha 10
[INFO] 09:48:40:112 KERNEL/(30831:30838): Recibi mensaje
[INFO] 09:48:40:887 KERNEL/(30831:30831): El carpincho tardo en llegar 776 ms (09:48:40:111 - 09:48:40:887)
[WARNING] 09:48:40:887 KERNEL/(30831:30831): Se ha conectado un carpincho
[INFO] 09:48:40:888 KERNEL/(30831:30831): Kernel esperando algun carpincho
[INFO] 09:48:40:888 KERNEL/(30831:30839): Carpincho empezando a trabajar a la hora 09:48:40:888
[WARNING] 09:48:40:888 KERNEL/(30831:30839): Socket de escucha 11
[INFO] 09:48:40:888 KERNEL/(30831:30839): Recibi mensaje
[INFO] 09:48:41:399 KERNEL/(30831:30831): El carpincho tardo en llegar 511 ms (09:48:40:888 - 09:48:41:399)
[WARNING] 09:48:41:399 KERNEL/(30831:30831): Se ha conectado un carpincho
[INFO] 09:48:41:400 KERNEL/(30831:30831): Kernel esperando algun carpincho
[INFO] 09:48:41:400 KERNEL/(30831:30840): Carpincho empezando a trabajar a la hora 09:48:41:400
[WARNING] 09:48:41:400 KERNEL/(30831:30840): Socket de escucha 12
[INFO] 09:48:41:400 KERNEL/(30831:30840): Recibi mensaje
[INFO] 09:48:41:919 KERNEL/(30831:30831): El carpincho tardo en llegar 519 ms (09:48:41:400 - 09:48:41:919)
[WARNING] 09:48:41:919 KERNEL/(30831:30831): Se ha conectado un carpincho
[INFO] 09:48:41:919 KERNEL/(30831:30831): Kernel esperando algun carpincho
[INFO] 09:48:41:919 KERNEL/(30831:30841): Carpincho empezando a trabajar a la hora 09:48:41:919
[WARNING] 09:48:41:919 KERNEL/(30831:30841): Socket de escucha 13
[INFO] 09:48:41:919 KERNEL/(30831:30841): Recibi mensaje
[INFO] 09:48:52:343 KERNEL/(30831:30831): El carpincho tardo en llegar 10424 ms (09:48:41:919 - 09:48:52:343)
[WARNING] 09:48:52:343 KERNEL/(30831:30831): Se ha conectado un carpincho
[INFO] 09:48:52:343 KERNEL/(30831:30831): Kernel esperando algun carpincho
[INFO] 09:48:52:347 KERNEL/(30831:30842): Carpincho empezando a trabajar a la hora 09:48:52:347
[WARNING] 09:48:52:347 KERNEL/(30831:30842): Socket de escucha 14
[INFO] 09:48:52:347 KERNEL/(30831:30842): Recibi mensaje
[INFO] 09:50:02:732 KERNEL/(30831:30831): El carpincho tardo en llegar 70389 ms (09:48:52:343 - 09:50:02:732)
[WARNING] 09:50:02:732 KERNEL/(30831:30831): Se ha conectado un carpincho
[INFO] 09:50:02:732 KERNEL/(30831:30831): Kernel esperando algun carpincho
[INFO] 10:06:12:861 KERNEL/(31540:31540): Creando el socket en la IP 127.0.0.1 con Puerto 10216
[INFO] 10:06:12:861 KERNEL/(31540:31540): Socket funcionando
[INFO] 10:06:12:862 KERNEL/(31540:31540): Kernel listo
[INFO] 10:06:12:862 KERNEL/(31540:31540): Kernel esperando algun carpincho
[WARNING] 10:06:15:429 KERNEL/(31540:31540): Se ha conectado un carpincho
[INFO] 10:06:15:429 KERNEL/(31540:31540): Kernel esperando algun carpincho
[INFO] 10:06:15:430 KERNEL/(31540:31544): Carpincho empezando a trabajar a la hora 10:06:15:430
[WARNING] 10:06:15:430 KERNEL/(31540:31544): Socket de escucha 7
[INFO] 10:06:15:430 KERNEL/(31540:31544): Recibi mensaje
[WARNING] 10:06:25:316 KERNEL/(31540:31540): Se ha conectado un carpincho
[INFO] 10:06:25:317 KERNEL/(31540:31540): Kernel esperando algun carpincho
[INFO] 10:06:25:317 KERNEL/(31540:31545): Carpincho empezando a trabajar a la hora 10:06:25:317
[WARNING] 10:06:25:317 KERNEL/(31540:31545): Socket de escucha 8
[INFO] 10:06:25:317 KERNEL/(31540:31545): Recibi mensaje
[WARNING] 10:06:27:828 KERNEL/(31540:31540): Se ha conectado un carpincho
[INFO] 10:06:27:829 KERNEL/(31540:31540): Kernel esperando algun carpincho
[INFO] 10:06:27:829 KERNEL/(31540:31546): Carpincho empezando a trabajar a la hora 10:06:27:829
[WARNING] 10:06:27:829 KERNEL/(31540:31546): Socket de escucha 9
[INFO] 10:06:27:829 KERNEL/(31540:31546): Recibi mensaje
[WARNING] 10:06:28:395 KERNEL/(31540:31540): Se ha conectado un carpincho
[INFO] 10:06:28:396 KERNEL/(31540:31540): Kernel esperando algun carpincho
[INFO] 10:06:28:396 KERNEL/(31540:31547): Carpincho empezando a trabajar a la hora 10:06:28:396
[WARNING] 10:06:28:396 KERNEL/(31540:31547): Socket de escucha 10
[INFO] 10:06:28:396 KERNEL/(31540:31547): Recibi mensaje
[WARNING] 10:06:28:804 KERNEL/(31540:31540): Se ha conectado un carpincho
[INFO] 10:06:28:804 KERNEL/(31540:31540): Kernel esperando algun carpincho
[INFO] 10:06:28:804 KERNEL/(31540:31548): Carpincho empezando a trabajar a la hora 10:06:28:804
[WARNING] 10:06:28:804 KERNEL/(31540:31548): Socket de escucha 11
[INFO] 10:06:28:804 KERNEL/(31540:31548): Recibi mensaje
[WARNING] 10:06:29:140 KERNEL/(31540:31540): Se ha conectado un carpincho
[INFO] 10:06:29:141 KERNEL/(31540:31540): Kernel esperando algun carpincho
[INFO] 10:06:29:141 KERNEL/(31540:31549): Carpincho empezando a trabajar a la hora 10:06:29:141
[WARNING] 10:06:29:141 KERNEL/(31540:31549): Socket de escucha 12
[INFO] 10:06:29:141 KERNEL/(31540:31549): Recibi mensaje
[WARNING] 10:06:29:523 KERNEL/(31540:31540): Se ha conectado un carpincho
[INFO] 10:06:29:524 KERNEL/(31540:31540): Kernel esperando algun carpincho
[INFO] 10:06:29:524 KERNEL/(31540:31550): Carpincho empezando a trabajar a la hora 10:06:29:524
[WARNING] 10:06:29:524 KERNEL/(31540:31550): Socket de escucha 13
[INFO] 10:06:29:524 KERNEL/(31540:31550): Recibi mensaje
[WARNING] 10:06:29:876 KERNEL/(31540:31540): Se ha conectado un carpincho
[INFO] 10:06:29:876 KERNEL/(31540:31540): Kernel esperando algun carpincho
[INFO] 10:06:29:877 KERNEL/(31540:31551): Carpincho empezando a trabajar a la hora 10:06:29:877
[WARNING] 10:06:29:877 KERNEL/(31540:31551): Socket de escucha 14
[INFO] 10:06:29:877 KERNEL/(31540:31551): Recibi mensaje
[WARNING] 10:06:30:244 KERNEL/(31540:31540): Se ha conectado un carpincho
[INFO] 10:06:30:244 KERNEL/(31540:31540): Kernel esperando algun carpincho
[WARNING] 10:06:30:547 KERNEL/(31540:31540): Se ha conectado un carpincho
[INFO] 10:06:30:548 KERNEL/(31540:31540): Kernel esperando algun carpincho
[WARNING] 10:06:30:932 KERNEL/(31540:31540): Se ha conectado un carpincho
[INFO] 10:06:30:932 KERNEL/(31540:31540): Kernel esperando algun carpincho
[WARNING] 10:06:31:251 KERNEL/(31540:31540): Se ha conectado un carpincho
[INFO] 10:06:31:252 KERNEL/(31540:31540): Kernel esperando algun carpincho
[WARNING] 10:06:32:250 KERNEL/(31540:31545): Socket de escucha 8
[WARNING] 10:06:32:250 KERNEL/(31540:31545): La conexión remota se ha desconectado.
[ERROR] 10:06:32:250 KERNEL/(31540:31545): Carpincho desconectado :p
[WARNING] 10:06:32:250 KERNEL/(31540:31551): Socket de escucha 14
[WARNING] 10:06:32:250 KERNEL/(31540:31551): La conexión remota se ha desconectado.
[ERROR] 10:06:32:250 KERNEL/(31540:31551): Carpincho desconectado :p
[WARNING] 10:06:32:250 KERNEL/(31540:31550): Socket de escucha 13
[WARNING] 10:06:32:250 KERNEL/(31540:31550): La conexión remota se ha desconectado.
[ERROR] 10:06:32:250 KERNEL/(31540:31550): Carpincho desconectado :p
[WARNING] 10:06:32:250 KERNEL/(31540:31549): Socket de escucha 12
[WARNING] 10:06:32:250 KERNEL/(31540:31549): La conexión remota se ha desconectado.
[ERROR] 10:06:32:250 KERNEL/(31540:31549): Carpincho desconectado :p
[WARNING] 10:06:32:250 KERNEL/(31540:31548): Socket de escucha 11
[WARNING] 10:06:32:250 KERNEL/(31540:31548): La conexión remota se ha desconectado.
[ERROR] 10:06:32:250 KERNEL/(31540:31548): Carpincho desconectado :p
[WARNING] 10:06:32:250 KERNEL/(31540:31547): Socket de escucha 10
[WARNING] 10:06:32:250 KERNEL/(31540:31547): La conexión remota se ha desconectado.
[ERROR] 10:06:32:250 KERNEL/(31540:31547): Carpincho desconectado :p
[WARNING] 10:06:32:250 KERNEL/(31540:31546): Socket de escucha 9
[WARNING] 10:06:32:250 KERNEL/(31540:31546): La conexión remota se ha desconectado.
[ERROR] 10:06:32:251 KERNEL/(31540:31546): Carpincho desconectado :p
[WARNING] 10:06:32:251 KERNEL/(31540:31544): Socket de escucha 7
[WARNING] 10:06:32:251 KERNEL/(31540:31544): La conexión remota se ha desconectado.
[ERROR] 10:06:32:251 KERNEL/(31540:31544): Carpincho desconectado :p
[INFO] 10:07:21:098 KERNEL/(31673:31673): Creando el socket en la IP 127.0.0.1 con Puerto 10216
[INFO] 10:07:21:098 KERNEL/(31673:31673): Socket funcionando
[INFO] 10:07:21:098 KERNEL/(31673:31673): Kernel listo
[INFO] 10:07:21:098 KERNEL/(31673:31673): Kernel esperando algun carpincho
[WARNING] 10:07:23:609 KERNEL/(31673:31673): Se ha conectado un carpincho
[INFO] 10:07:23:610 KERNEL/(31673:31673): Kernel esperando algun carpincho
[INFO] 10:07:23:610 KERNEL/(31673:31677): Carpincho empezando a trabajar a la hora 10:07:23:610
[INFO] 10:07:23:610 KERNEL/(31673:31677): Recibi mensaje
[WARNING] 10:07:35:209 KERNEL/(31673:31673): Se ha conectado un carpincho
[INFO] 10:07:35:210 KERNEL/(31673:31673): Kernel esperando algun carpincho
[INFO] 10:07:35:210 KERNEL/(31673:31678): Carpincho empezando a trabajar a la hora 10:07:35:210
[INFO] 10:07:35:210 KERNEL/(31673:31678): Recibi mensaje
[WARNING] 10:07:46:436 KERNEL/(31673:31678): La conexión remota se ha desconectado.
[ERROR] 10:07:46:436 KERNEL/(31673:31678): Carpincho desconectado :p
[WARNING] 10:07:46:436 KERNEL/(31673:31677): La conexión remota se ha desconectado.
[ERROR] 10:07:46:436 KERNEL/(31673:31677): Carpincho desconectado :p
[INFO] 10:09:39:740 KERNEL/(31825:31825): Creando el socket en la IP 127.0.0.1 con Puerto 10216
[INFO] 10:09:39:740 KERNEL/(31825:31825): Socket funcionando
[INFO] 10:09:39:740 KERNEL/(31825:31825): Kernel listo
[INFO] 10:09:39:740 KERNEL/(31825:31825): Kernel esperando algun carpincho
[WARNING] 10:09:41:684 KERNEL/(31825:31825): Se ha conectado un carpincho
[INFO] 10:09:41:684 KERNEL/(31825:31825): Kernel esperando algun carpincho
[INFO] 10:09:41:685 KERNEL/(31825:31829): Carpincho empezando a trabajar a la hora 10:09:41:685
[WARNING] 10:09:46:216 KERNEL/(31825:31829): La conexión remota se ha desconectado.
[ERROR] 10:09:46:216 KERNEL/(31825:31829): Carpincho desconectado :p
[WARNING] 10:10:47:857 KERNEL/(31825:31825): Se ha conectado un carpincho
[INFO] 10:10:47:858 KERNEL/(31825:31825): Kernel esperando algun carpincho
[INFO] 10:10:47:858 KERNEL/(31825:31830): Carpincho empezando a trabajar a la hora 10:10:47:858
[WARNING] 10:10:50:606 KERNEL/(31825:31830): La conexión remota se ha desconectado.
[ERROR] 10:10:50:606 KERNEL/(31825:31830): Carpincho desconectado :p
[WARNING] 10:10:57:377 KERNEL/(31825:31825): Se ha conectado un carpincho
[INFO] 10:10:57:378 KERNEL/(31825:31825): Kernel esperando algun carpincho
[INFO] 10:10:57:378 KERNEL/(31825:31831): Carpincho empezando a trabajar a la hora 10:10:57:378
[WARNING] 10:11:01:240 KERNEL/(31825:31831): La conexión remota se ha desconectado.
[ERROR] 10:11:01:240 KERNEL/(31825:31831): Carpincho desconectado :p
[WARNING] 10:12:16:310 KERNEL/(31825:31825): Se ha conectado un carpincho
[INFO] 10:12:16:311 KERNEL/(31825:31825): Kernel esperando algun carpincho
[INFO] 10:12:16:311 KERNEL/(31825:31833): Carpincho empezando a trabajar a la hora 10:12:16:311
[WARNING] 10:12:19:243 KERNEL/(31825:31833): La conexión remota se ha desconectado.
[ERROR] 10:12:19:243 KERNEL/(31825:31833): Carpincho desconectado :p
[WARNING] 10:13:20:131 KERNEL/(31825:31825): Se ha conectado un carpincho
[INFO] 10:13:20:132 KERNEL/(31825:31825): Kernel esperando algun carpincho
[INFO] 10:13:20:132 KERNEL/(31825:31832): Carpincho empezando a trabajar a la hora 10:13:20:132
[WARNING] 10:13:24:119 KERNEL/(31825:31832): La conexión remota se ha desconectado.
[ERROR] 10:13:24:119 KERNEL/(31825:31832): Carpincho desconectado :p
[WARNING] 10:14:55:512 KERNEL/(31825:31825): Se ha conectado un carpincho
[INFO] 10:14:55:512 KERNEL/(31825:31825): Kernel esperando algun carpincho
[INFO] 10:14:55:513 KERNEL/(31825:31834): Carpincho empezando a trabajar a la hora 10:14:55:513
[WARNING] 10:14:58:208 KERNEL/(31825:31825): Se ha conectado un carpincho
[INFO] 10:14:58:208 KERNEL/(31825:31836): Carpincho empezando a trabajar a la hora 10:14:58:208
[INFO] 10:14:58:208 KERNEL/(31825:31825): Kernel esperando algun carpincho
[WARNING] 10:14:59:312 KERNEL/(31825:31825): Se ha conectado un carpincho
[INFO] 10:14:59:312 KERNEL/(31825:31825): Kernel esperando algun carpincho
[INFO] 10:14:59:312 KERNEL/(31825:31835): Carpincho empezando a trabajar a la hora 10:14:59:312
[WARNING] 10:15:00:151 KERNEL/(31825:31825): Se ha conectado un carpincho
[INFO] 10:15:00:152 KERNEL/(31825:31825): Kernel esperando algun carpincho
[WARNING] 10:15:00:975 KERNEL/(31825:31825): Se ha conectado un carpincho
[INFO] 10:15:00:976 KERNEL/(31825:31825): Kernel esperando algun carpincho
[WARNING] 10:15:01:831 KERNEL/(31825:31825): Se ha conectado un carpincho
[INFO] 10:15:01:831 KERNEL/(31825:31825): Kernel esperando algun carpincho
[WARNING] 10:15:02:736 KERNEL/(31825:31825): Se ha conectado un carpincho
[INFO] 10:15:02:736 KERNEL/(31825:31825): Kernel esperando algun carpincho
[WARNING] 10:15:03:431 KERNEL/(31825:31825): Se ha conectado un carpincho
[INFO] 10:15:03:431 KERNEL/(31825:31825): Kernel esperando algun carpincho
[WARNING] 10:15:04:239 KERNEL/(31825:31825): Se ha conectado un carpincho
[INFO] 10:15:04:240 KERNEL/(31825:31825): Kernel esperando algun carpincho
[WARNING] 10:15:05:023 KERNEL/(31825:31825): Se ha conectado un carpincho
[INFO] 10:15:05:024 KERNEL/(31825:31825): Kernel esperando algun carpincho
[WARNING] 10:15:07:640 KERNEL/(31825:31834): La conexión remota se ha desconectado.
[WARNING] 10:15:07:640 KERNEL/(31825:31835): La conexión remota se ha desconectado.
[ERROR] 10:15:07:640 KERNEL/(31825:31834): Carpincho desconectado :p
[ERROR] 10:15:07:640 KERNEL/(31825:31835): Carpincho desconectado :p
[WARNING] 10:15:07:640 KERNEL/(31825:31836): La conexión remota se ha desconectado.
[ERROR] 10:15:07:640 KERNEL/(31825:31836): Carpincho desconectado :p
[WARNING] 10:15:47:702 KERNEL/(31825:31825): Se ha conectado un carpincho
[INFO] 10:15:47:702 KERNEL/(31825:31825): Kernel esperando algun carpincho
[WARNING] 10:15:56:173 KERNEL/(31825:31825): Se ha conectado un carpincho
[INFO] 10:15:56:174 KERNEL/(31825:31825): Kernel esperando algun carpincho
[WARNING] 10:15:57:045 KERNEL/(31825:31825): Se ha conectado un carpincho
[INFO] 10:15:57:046 KERNEL/(31825:31825): Kernel esperando algun carpincho
[WARNING] 10:15:58:509 KERNEL/(31825:31825): Se ha conectado un carpincho
[INFO] 10:15:58:510 KERNEL/(31825:31825): Kernel esperando algun carpincho
[INFO] 10:17:25:177 KERNEL/(32515:32515): Creando el socket en la IP 127.0.0.1 con Puerto 10216
[INFO] 10:17:25:178 KERNEL/(32515:32515): Socket funcionando
[INFO] 10:17:25:178 KERNEL/(32515:32515): Kernel listo
[INFO] 10:17:25:178 KERNEL/(32515:32515): Kernel esperando algun carpincho
[WARNING] 10:17:26:985 KERNEL/(32515:32515): Se ha conectado un carpincho
[INFO] 10:17:26:987 KERNEL/(32515:32515): Kernel esperando algun carpincho
[INFO] 10:17:26:987 KERNEL/(32515:32519): Carpincho empezando a trabajar a la hora 10:17:26:987
[WARNING] 10:17:31:736 KERNEL/(32515:32519): La conexión remota se ha desconectado.
[ERROR] 10:17:31:736 KERNEL/(32515:32519): Carpincho desconectado :p
[INFO] 10:18:07:848 KERNEL/(32649:32649): Creando el socket en la IP 127.0.0.1 con Puerto 10216
[INFO] 10:18:07:848 KERNEL/(32649:32649): Socket funcionando
[INFO] 10:18:07:848 KERNEL/(32649:32649): Kernel listo
[INFO] 10:18:07:848 KERNEL/(32649:32649): Kernel esperando algun carpincho
[WARNING] 10:18:10:288 KERNEL/(32649:32649): Se ha conectado un carpincho
[INFO] 10:18:10:288 KERNEL/(32649:32649): Kernel esperando algun carpincho
[INFO] 10:18:10:289 KERNEL/(32649:32653): Carpincho empezando a trabajar a la hora 10:18:10:289
[INFO] 10:18:15:104 KERNEL/(32649:32653): Recibi mensaje
[INFO] 10:18:18:783 KERNEL/(32649:32653): Recibi mensaje
[INFO] 10:18:22:416 KERNEL/(32649:32653): Recibi mensaje
[INFO] 10:18:25:552 KERNEL/(32649:32653): Recibi mensaje
[WARNING] 10:19:02:389 KERNEL/(32649:32649): Se ha conectado un carpincho
[INFO] 10:19:02:390 KERNEL/(32649:32649): Kernel esperando algun carpincho
[INFO] 10:19:02:390 KERNEL/(32649:32654): Carpincho empezando a trabajar a la hora 10:19:02:390
[INFO] 10:19:05:374 KERNEL/(32649:32653): Recibi mensaje
[INFO] 10:19:08:254 KERNEL/(32649:32654): Recibi mensaje
[INFO] 10:19:11:494 KERNEL/(32649:32653): Recibi mensaje
[INFO] 10:19:15:285 KERNEL/(32649:32654): Recibi mensaje
[WARNING] 10:19:15:759 KERNEL/(32649:32654): La conexión remota se ha desconectado.
[ERROR] 10:19:15:759 KERNEL/(32649:32654): Carpincho desconectado :p
[WARNING] 10:19:15:759 KERNEL/(32649:32653): La conexión remota se ha desconectado.
[ERROR] 10:19:15:759 KERNEL/(32649:32653): Carpincho desconectado :p
[INFO] 10:19:20:325 KERNEL/(32677:32677): Creando el socket en la IP 127.0.0.1 con Puerto 10216
[INFO] 10:19:20:325 KERNEL/(32677:32677): Socket funcionando
[INFO] 10:19:20:326 KERNEL/(32677:32677): Kernel listo
[INFO] 10:19:20:326 KERNEL/(32677:32677): Kernel esperando algun carpincho
[WARNING] 10:19:24:605 KERNEL/(32677:32677): Se ha conectado un carpincho
[INFO] 10:19:24:605 KERNEL/(32677:32677): Kernel esperando algun carpincho
[INFO] 10:19:24:605 KERNEL/(32677:32684): Carpincho empezando a trabajar a la hora 10:19:24:605
[WARNING] 10:19:26:117 KERNEL/(32677:32677): Se ha conectado un carpincho
[INFO] 10:19:26:117 KERNEL/(32677:32677): Kernel esperando algun carpincho
[INFO] 10:19:26:118 KERNEL/(32677:32683): Carpincho empezando a trabajar a la hora 10:19:26:118
[WARNING] 10:19:26:830 KERNEL/(32677:32677): Se ha conectado un carpincho
[INFO] 10:19:26:830 KERNEL/(32677:32677): Kernel esperando algun carpincho
[INFO] 10:19:26:830 KERNEL/(32677:32682): Carpincho empezando a trabajar a la hora 10:19:26:830
[WARNING] 10:19:28:069 KERNEL/(32677:32677): Se ha conectado un carpincho
[INFO] 10:19:28:069 KERNEL/(32677:32677): Kernel esperando algun carpincho
[INFO] 10:19:28:069 KERNEL/(32677:32681): Carpincho empezando a trabajar a la hora 10:19:28:069
[WARNING] 10:19:29:045 KERNEL/(32677:32677): Se ha conectado un carpincho
[INFO] 10:19:29:045 KERNEL/(32677:32677): Kernel esperando algun carpincho
[INFO] 10:19:29:045 KERNEL/(32677:32685): Carpincho empezando a trabajar a la hora 10:19:29:045
[WARNING] 10:19:30:124 KERNEL/(32677:32677): Se ha conectado un carpincho
[INFO] 10:19:30:125 KERNEL/(32677:32677): Kernel esperando algun carpincho
[INFO] 10:19:30:125 KERNEL/(32677:32686): Carpincho empezando a trabajar a la hora 10:19:30:125
[WARNING] 10:19:30:997 KERNEL/(32677:32677): Se ha conectado un carpincho
[INFO] 10:19:30:997 KERNEL/(32677:32677): Kernel esperando algun carpincho
[INFO] 10:19:30:997 KERNEL/(32677:32687): Carpincho empezando a trabajar a la hora 10:19:30:997
[WARNING] 10:19:32:029 KERNEL/(32677:32677): Se ha conectado un carpincho
[INFO] 10:19:32:029 KERNEL/(32677:32677): Kernel esperando algun carpincho
[INFO] 10:19:32:029 KERNEL/(32677:32688): Carpincho empezando a trabajar a la hora 10:19:32:029
[WARNING] 10:19:33:061 KERNEL/(32677:32677): Se ha conectado un carpincho
[INFO] 10:19:33:061 KERNEL/(32677:32677): Kernel esperando algun carpincho
[WARNING] 10:19:36:637 KERNEL/(32677:32677): Se ha conectado un carpincho
[INFO] 10:19:36:637 KERNEL/(32677:32677): Kernel esperando algun carpincho
[WARNING] 10:19:37:396 KERNEL/(32677:32677): Se ha conectado un carpincho
[INFO] 10:19:37:397 KERNEL/(32677:32677): Kernel esperando algun carpincho
[INFO] 10:19:41:180 KERNEL/(32677:32684): Recibi mensaje
[INFO] 10:19:44:036 KERNEL/(32677:32683): Recibi mensaje
[INFO] 10:19:45:764 KERNEL/(32677:32682): Recibi mensaje
[INFO] 10:19:47:525 KERNEL/(32677:32681): Recibi mensaje
[INFO] 10:19:49:492 KERNEL/(32677:32685): Recibi mensaje
[INFO] 10:19:51:355 KERNEL/(32677:32686): Recibi mensaje
[INFO] 10:19:53:444 KERNEL/(32677:32687): Recibi mensaje
[INFO] 10:19:55:588 KERNEL/(32677:32688): Recibi mensaje
[WARNING] 10:21:01:216 KERNEL/(32677:32685): La conexión remota se ha desconectado.
[WARNING] 10:21:01:216 KERNEL/(32677:32681): La conexión remota se ha desconectado.
[WARNING] 10:21:01:216 KERNEL/(32677:32686): La conexión remota se ha desconectado.
[WARNING] 10:21:01:216 KERNEL/(32677:32682): La conexión remota se ha desconectado.
[WARNING] 10:21:01:216 KERNEL/(32677:32687): La conexión remota se ha desconectado.
[WARNING] 10:21:01:216 KERNEL/(32677:32683): La conexión remota se ha desconectado.
[WARNING] 10:21:01:216 KERNEL/(32677:32688): La conexión remota se ha desconectado.
[WARNING] 10:21:01:216 KERNEL/(32677:32684): La conexión remota se ha desconectado.
[ERROR] 10:21:01:216 KERNEL/(32677:32684): Carpincho desconectado :p
[ERROR] 10:21:01:216 KERNEL/(32677:32681): Carpincho desconectado :p
[ERROR] 10:21:01:216 KERNEL/(32677:32686): Carpincho desconectado :p
[ERROR] 10:21:01:217 KERNEL/(32677:32685): Carpincho desconectado :p
[ERROR] 10:21:01:217 KERNEL/(32677:32682): Carpincho desconectado :p
[ERROR] 10:21:01:217 KERNEL/(32677:32687): Carpincho desconectado :p
[ERROR] 10:21:01:217 KERNEL/(32677:32683): Carpincho desconectado :p
[ERROR] 10:21:01:218 KERNEL/(32677:32688): Carpincho desconectado :p
[INFO] 10:24:17:243 KERNEL/(442:442): Creando el socket en la IP 127.0.0.1 con Puerto 10216
[INFO] 10:24:17:243 KERNEL/(442:442): Socket funcionando
[INFO] 10:24:17:244 KERNEL/(442:442): Kernel listo
[INFO] 10:24:17:244 KERNEL/(442:442): Kernel esperando algun carpincho
[WARNING] 10:24:20:410 KERNEL/(442:442): Se ha conectado un carpincho
[INFO] 10:24:20:410 KERNEL/(442:442): Kernel esperando algun carpincho
[INFO] 10:24:20:411 KERNEL/(442:446): Carpincho empezando a trabajar a la hora 10:24:20:411
[WARNING] 10:24:21:122 KERNEL/(442:442): Se ha conectado un carpincho
[INFO] 10:24:21:123 KERNEL/(442:442): Kernel esperando algun carpincho
[INFO] 10:24:21:123 KERNEL/(442:447): Carpincho empezando a trabajar a la hora 10:24:21:123
[WARNING] 10:24:21:953 KERNEL/(442:442): Se ha conectado un carpincho
[INFO] 10:24:21:954 KERNEL/(442:442): Kernel esperando algun carpincho
[INFO] 10:24:21:954 KERNEL/(442:448): Carpincho empezando a trabajar a la hora 10:24:21:954
[WARNING] 10:24:22:642 KERNEL/(442:442): Se ha conectado un carpincho
[INFO] 10:24:22:643 KERNEL/(442:442): Kernel esperando algun carpincho
[INFO] 10:24:22:643 KERNEL/(442:449): Carpincho empezando a trabajar a la hora 10:24:22:643
[WARNING] 10:24:23:282 KERNEL/(442:442): Se ha conectado un carpincho
[INFO] 10:24:23:282 KERNEL/(442:442): Kernel esperando algun carpincho
[INFO] 10:24:23:282 KERNEL/(442:450): Carpincho empezando a trabajar a la hora 10:24:23:282
[WARNING] 10:24:24:122 KERNEL/(442:442): Se ha conectado un carpincho
[INFO] 10:24:24:122 KERNEL/(442:442): Kernel esperando algun carpincho
[INFO] 10:24:24:122 KERNEL/(442:451): Carpincho empezando a trabajar a la hora 10:24:24:122
[WARNING] 10:24:24:786 KERNEL/(442:442): Se ha conectado un carpincho
[INFO] 10:24:24:786 KERNEL/(442:442): Kernel esperando algun carpincho
[INFO] 10:24:24:787 KERNEL/(442:452): Carpincho empezando a trabajar a la hora 10:24:24:786
[WARNING] 10:24:25:426 KERNEL/(442:442): Se ha conectado un carpincho
[INFO] 10:24:25:426 KERNEL/(442:442): Kernel esperando algun carpincho
[INFO] 10:24:25:426 KERNEL/(442:453): Carpincho empezando a trabajar a la hora 10:24:25:426
[WARNING] 10:24:26:306 KERNEL/(442:442): Se ha conectado un carpincho
[INFO] 10:24:26:306 KERNEL/(442:442): Kernel esperando algun carpincho
[WARNING] 10:24:28:074 KERNEL/(442:442): Se ha conectado un carpincho
[INFO] 10:24:28:074 KERNEL/(442:442): Kernel esperando algun carpincho
[INFO] 10:24:31:481 KERNEL/(442:446): Recibi mensaje de salida
[INFO] 10:24:31:482 KERNEL/(442:446): Carpincho empezando a trabajar a la hora 10:24:31:482
[INFO] 10:24:40:729 KERNEL/(442:447): Recibi mensaje de salida
[INFO] 10:24:40:729 KERNEL/(442:447): Carpincho empezando a trabajar a la hora 10:24:40:729
[INFO] 10:24:44:746 KERNEL/(442:448): Recibi mensaje de salida
[INFO] 10:24:44:746 KERNEL/(442:448): Carpincho empezando a trabajar a la hora 10:24:44:746
[INFO] 10:24:48:114 KERNEL/(442:449): Recibi mensaje de salida
[INFO] 10:24:48:114 KERNEL/(442:449): Carpincho empezando a trabajar a la hora 10:24:48:114
[INFO] 10:24:50:866 KERNEL/(442:450): Recibi mensaje de salida
[INFO] 10:24:50:866 KERNEL/(442:450): Carpincho empezando a trabajar a la hora 10:24:50:866
[INFO] 10:24:53:929 KERNEL/(442:451): Recibi mensaje de salida
[INFO] 10:24:53:929 KERNEL/(442:451): Carpincho empezando a trabajar a la hora 10:24:53:929
[INFO] 10:24:56:017 KERNEL/(442:452): Recibi mensaje de salida
[INFO] 10:24:56:017 KERNEL/(442:452): Carpincho empezando a trabajar a la hora 10:24:56:017
[INFO] 10:24:58:201 KERNEL/(442:453): Recibi mensaje de salida
[INFO] 10:24:58:201 KERNEL/(442:453): Carpincho empezando a trabajar a la hora 10:24:58:201
[INFO] 10:30:46:454 KERNEL/(871:871): Creando el socket en la IP 127.0.0.1 con Puerto 10216
[INFO] 10:30:46:454 KERNEL/(871:871): Socket funcionando
[INFO] 10:30:46:455 KERNEL/(871:871): Kernel listo
[INFO] 10:30:46:455 KERNEL/(871:871): Kernel esperando algun carpincho
[WARNING] 10:30:51:748 KERNEL/(871:871): Se ha conectado un carpincho
[INFO] 10:30:51:749 KERNEL/(871:871): Kernel esperando algun carpincho
[INFO] 10:30:51:749 KERNEL/(871:875): Carpincho 0 empezando a trabajar a la hora 10:30:51:749
[WARNING] 10:30:52:064 KERNEL/(871:875): La conexión remota se ha desconectado.
[ERROR] 10:30:52:064 KERNEL/(871:875): Carpincho 0 desconectado :p
[INFO] 10:30:52:066 KERNEL/(871:876): Carpincho 0 empezando a trabajar a la hora 10:30:52:066
[WARNING] 10:30:52:066 KERNEL/(871:876): La conexión remota se ha desconectado.
[ERROR] 10:30:52:066 KERNEL/(871:876): Carpincho 0 desconectado :p
[INFO] 10:30:52:066 KERNEL/(871:877): Carpincho 0 empezando a trabajar a la hora 10:30:52:066
[WARNING] 10:30:52:066 KERNEL/(871:877): La conexión remota se ha desconectado.
[ERROR] 10:30:52:066 KERNEL/(871:877): Carpincho 0 desconectado :p
[INFO] 10:30:52:066 KERNEL/(871:878): Carpincho 0 empezando a trabajar a la hora 10:30:52:066
[WARNING] 10:30:52:066 KERNEL/(871:878): La conexión remota se ha desconectado.
[ERROR] 10:30:52:067 KERNEL/(871:878): Carpincho 0 desconectado :p
[INFO] 10:30:52:067 KERNEL/(871:879): Carpincho 0 empezando a trabajar a la hora 10:30:52:067
[WARNING] 10:30:52:067 KERNEL/(871:879): La conexión remota se ha desconectado.
[ERROR] 10:30:52:067 KERNEL/(871:879): Carpincho 0 desconectado :p
[INFO] 10:30:52:067 KERNEL/(871:880): Carpincho 0 empezando a trabajar a la hora 10:30:52:067
[WARNING] 10:30:52:067 KERNEL/(871:880): La conexión remota se ha desconectado.
[ERROR] 10:30:52:067 KERNEL/(871:880): Carpincho 0 desconectado :p
[INFO] 10:30:52:067 KERNEL/(871:881): Carpincho 0 empezando a trabajar a la hora 10:30:52:067
[WARNING] 10:30:52:067 KERNEL/(871:881): La conexión remota se ha desconectado.
[ERROR] 10:30:52:067 KERNEL/(871:881): Carpincho 0 desconectado :p
[INFO] 10:30:52:067 KERNEL/(871:882): Carpincho 0 empezando a trabajar a la hora 10:30:52:067
[WARNING] 10:30:52:067 KERNEL/(871:882): La conexión remota se ha desconectado.
[ERROR] 10:30:52:067 KERNEL/(871:882): Carpincho 0 desconectado :p
[INFO] 10:30:52:067 KERNEL/(871:875): Carpincho 0 empezando a trabajar a la hora 10:30:52:067
[WARNING] 10:30:52:067 KERNEL/(871:875): La conexión remota se ha desconectado.
[ERROR] 10:30:52:068 KERNEL/(871:875): Carpincho 0 desconectado :p
[INFO] 10:30:52:068 KERNEL/(871:876): Carpincho 0 empezando a trabajar a la hora 10:30:52:068
[WARNING] 10:30:52:068 KERNEL/(871:876): La conexión remota se ha desconectado.
[ERROR] 10:30:52:068 KERNEL/(871:876): Carpincho 0 desconectado :p
[INFO] 10:30:52:068 KERNEL/(871:877): Carpincho 0 empezando a trabajar a la hora 10:30:52:068
[WARNING] 10:30:52:068 KERNEL/(871:877): La conexión remota se ha desconectado.
[ERROR] 10:30:52:068 KERNEL/(871:877): Carpincho 0 desconectado :p
[INFO] 10:30:52:068 KERNEL/(871:878): Carpincho 0 empezando a trabajar a la hora 10:30:52:068
[WARNING] 10:30:52:068 KERNEL/(871:878): La conexión remota se ha desconectado.
[ERROR] 10:30:52:068 KERNEL/(871:878): Carpincho 0 desconectado :p
[INFO] 10:30:52:068 KERNEL/(871:879): Carpincho 0 empezando a trabajar a la hora 10:30:52:068
[WARNING] 10:30:52:068 KERNEL/(871:879): La conexión remota se ha desconectado.
[ERROR] 10:30:52:068 KERNEL/(871:879): Carpincho 0 desconectado :p
[INFO] 10:30:52:068 KERNEL/(871:880): Carpincho 0 empezando a trabajar a la hora 10:30:52:068
[WARNING] 10:30:52:068 KERNEL/(871:880): La conexión remota se ha desconectado.
[ERROR] 10:30:52:068 KERNEL/(871:880): Carpincho 0 desconectado :p
[INFO] 10:30:52:068 KERNEL/(871:881): Carpincho 0 empezando a trabajar a la hora 10:30:52:068
[WARNING] 10:30:52:068 KERNEL/(871:881): La conexión remota se ha desconectado.
[ERROR] 10:30:52:069 KERNEL/(871:881): Carpincho 0 desconectado :p
[INFO] 10:30:52:069 KERNEL/(871:882): Carpincho 0 empezando a trabajar a la hora 10:30:52:069
[WARNING] 10:30:52:069 KERNEL/(871:882): La conexión remota se ha desconectado.
[ERROR] 10:30:52:069 KERNEL/(871:882): Carpincho 0 desconectado :p
[INFO] 10:30:52:069 KERNEL/(871:875): Carpincho 0 empezando a trabajar a la hora 10:30:52:069
[WARNING] 10:30:52:069 KERNEL/(871:875): La conexión remota se ha desconectado.
[ERROR] 10:30:52:069 KERNEL/(871:875): Carpincho 0 desconectado :p
[INFO] 10:30:52:069 KERNEL/(871:876): Carpincho 0 empezando a trabajar a la hora 10:30:52:069
[WARNING] 10:30:52:069 KERNEL/(871:876): La conexión remota se ha desconectado.
[ERROR] 10:30:52:069 KERNEL/(871:876): Carpincho 0 desconectado :p
[INFO] 10:30:52:069 KERNEL/(871:877): Carpincho 0 empezando a trabajar a la hora 10:30:52:069
[WARNING] 10:30:52:069 KERNEL/(871:877): La conexión remota se ha desconectado.
[ERROR] 10:30:52:069 KERNEL/(871:877): Carpincho 0 desconectado :p
[INFO] 10:30:52:070 KERNEL/(871:878): Carpincho 0 empezando a trabajar a la hora 10:30:52:070
[WARNING] 10:30:52:070 KERNEL/(871:878): La conexión remota se ha desconectado.
[ERROR] 10:30:52:070 KERNEL/(871:878): Carpincho 0 desconectado :p
[WARNING] 10:31:33:811 KERNEL/(871:871): Se ha conectado un carpincho
[INFO] 10:31:33:811 KERNEL/(871:871): Kernel esperando algun carpincho
[WARNING] 10:32:13:953 KERNEL/(871:871): Se ha conectado un carpincho
[INFO] 10:32:13:954 KERNEL/(871:871): Kernel esperando algun carpincho
[WARNING] 10:32:16:033 KERNEL/(871:871): Se ha conectado un carpincho
[INFO] 10:32:16:034 KERNEL/(871:871): Kernel esperando algun carpincho
[WARNING] 10:32:16:929 KERNEL/(871:871): Se ha conectado un carpincho
[INFO] 10:32:16:929 KERNEL/(871:871): Kernel esperando algun carpincho
[INFO] 10:32:46:208 KERNEL/(1257:1257): Creando el socket en la IP 127.0.0.1 con Puerto 10216
[INFO] 10:32:46:208 KERNEL/(1257:1257): Socket funcionando
[INFO] 10:32:46:209 KERNEL/(1257:1257): Kernel listo
[INFO] 10:32:46:209 KERNEL/(1257:1257): Kernel esperando algun carpincho
[WARNING] 10:32:52:024 KERNEL/(1257:1257): Se ha conectado un carpincho
[INFO] 10:32:52:024 KERNEL/(1257:1257): Kernel esperando algun carpincho
[INFO] 10:32:52:024 KERNEL/(1257:1261): Carpincho 0 empezando a trabajar a la hora 10:32:52:024
[WARNING] 10:32:54:592 KERNEL/(1257:1257): Se ha conectado un carpincho
[INFO] 10:32:54:592 KERNEL/(1257:1257): Kernel esperando algun carpincho
[INFO] 10:32:54:592 KERNEL/(1257:1262): Carpincho 1 empezando a trabajar a la hora 10:32:54:592
[WARNING] 10:32:56:648 KERNEL/(1257:1257): Se ha conectado un carpincho
[INFO] 10:32:56:648 KERNEL/(1257:1257): Kernel esperando algun carpincho
[INFO] 10:32:56:648 KERNEL/(1257:1263): Carpincho 2 empezando a trabajar a la hora 10:32:56:648
[INFO] 10:33:00:664 KERNEL/(1257:1261): Recibi mensaje del carpincho &d solicitando salida
[INFO] 10:33:00:664 KERNEL/(1257:1264): Carpincho 0 empezando a trabajar a la hora 10:33:00:664
[INFO] 10:33:06:424 KERNEL/(1257:1264): Recibi mensaje del carpincho &d solicitando salida
[INFO] 10:33:06:424 KERNEL/(1257:1265): Carpincho 0 empezando a trabajar a la hora 10:33:06:424
[INFO] 10:33:09:944 KERNEL/(1257:1262): Recibi mensaje del carpincho &d solicitando salida
[INFO] 10:33:09:944 KERNEL/(1257:1266): Carpincho 1 empezando a trabajar a la hora 10:33:09:944
[INFO] 10:33:13:063 KERNEL/(1257:1266): Recibi mensaje del carpincho &d solicitando salida
[INFO] 10:33:13:063 KERNEL/(1257:1267): Carpincho 1 empezando a trabajar a la hora 10:33:13:063
[INFO] 10:33:18:007 KERNEL/(1257:1263): Recibi mensaje del carpincho &d solicitando salida
[INFO] 10:33:18:007 KERNEL/(1257:1268): Carpincho 2 empezando a trabajar a la hora 10:33:18:007
[WARNING] 10:33:29:351 KERNEL/(1257:1257): Se ha conectado un carpincho
[INFO] 10:33:29:351 KERNEL/(1257:1257): Kernel esperando algun carpincho
[INFO] 10:33:29:351 KERNEL/(1257:1261): Carpincho 3 empezando a trabajar a la hora 10:33:29:351
[WARNING] 10:33:36:085 KERNEL/(1257:1261): La conexión remota se ha desconectado.
[WARNING] 10:33:36:085 KERNEL/(1257:1268): La conexión remota se ha desconectado.
[WARNING] 10:33:36:085 KERNEL/(1257:1267): La conexión remota se ha desconectado.
[WARNING] 10:33:36:085 KERNEL/(1257:1265): La conexión remota se ha desconectado.
[ERROR] 10:33:36:086 KERNEL/(1257:1261): Carpincho 3 desconectado :p
[INFO] 10:33:36:086 KERNEL/(1257:1264): Carpincho 3 empezando a trabajar a la hora 10:33:36:086
[WARNING] 10:33:36:086 KERNEL/(1257:1264): La conexión remota se ha desconectado.
[ERROR] 10:33:36:086 KERNEL/(1257:1264): Carpincho 3 desconectado :p
[ERROR] 10:33:36:086 KERNEL/(1257:1265): Carpincho 0 desconectado :p
[INFO] 10:33:36:086 KERNEL/(1257:1265): Carpincho 3 empezando a trabajar a la hora 10:33:36:086
[INFO] 10:33:36:086 KERNEL/(1257:1266): Carpincho 0 empezando a trabajar a la hora 10:33:36:086
[WARNING] 10:33:36:086 KERNEL/(1257:1265): La conexión remota se ha desconectado.
[ERROR] 10:33:36:086 KERNEL/(1257:1265): Carpincho 3 desconectado :p
[INFO] 10:33:36:086 KERNEL/(1257:1263): Carpincho 3 empezando a trabajar a la hora 10:33:36:086
[WARNING] 10:33:36:086 KERNEL/(1257:1263): La conexión remota se ha desconectado.
[ERROR] 10:33:36:086 KERNEL/(1257:1263): Carpincho 3 desconectado :p
[ERROR] 10:33:36:086 KERNEL/(1257:1267): Carpincho 1 desconectado :p
[INFO] 10:33:36:086 KERNEL/(1257:1267): Carpincho 3 empezando a trabajar a la hora 10:33:36:086
[INFO] 10:33:36:087 KERNEL/(1257:1264): Carpincho 1 empezando a trabajar a la hora 10:33:36:087
[WARNING] 10:33:36:087 KERNEL/(1257:1267): La conexión remota se ha desconectado.
[ERROR] 10:33:36:087 KERNEL/(1257:1267): Carpincho 3 desconectado :p
[INFO] 10:33:36:087 KERNEL/(1257:1262): Carpincho 3 empezando a trabajar a la hora 10:33:36:087
[WARNING] 10:33:36:087 KERNEL/(1257:1264): La conexión remota se ha desconectado.
[WARNING] 10:33:36:087 KERNEL/(1257:1262): La conexión remota se ha desconectado.
[ERROR] 10:33:36:087 KERNEL/(1257:1264): Carpincho 1 desconectado :p
[WARNING] 10:33:36:087 KERNEL/(1257:1266): La conexión remota se ha desconectado.
[ERROR] 10:33:36:087 KERNEL/(1257:1268): Carpincho 2 desconectado :p
[INFO] 10:33:36:087 KERNEL/(1257:1268): Carpincho 1 empezando a trabajar a la hora 10:33:36:087
[ERROR] 10:33:36:087 KERNEL/(1257:1262): Carpincho 3 desconectado :p
[ERROR] 10:33:36:087 KERNEL/(1257:1266): Carpincho 0 desconectado :p
[WARNING] 10:33:36:087 KERNEL/(1257:1268): La conexión remota se ha desconectado.
[INFO] 10:33:36:087 KERNEL/(1257:1265): Carpincho 3 empezando a trabajar a la hora 10:33:36:087
[INFO] 10:33:36:087 KERNEL/(1257:1261): Carpincho 2 empezando a trabajar a la hora 10:33:36:087
[ERROR] 10:33:36:088 KERNEL/(1257:1268): Carpincho 1 desconectado :p
[WARNING] 10:33:36:088 KERNEL/(1257:1265): La conexión remota se ha desconectado.
[INFO] 10:33:36:088 KERNEL/(1257:1267): Carpincho 0 empezando a trabajar a la hora 10:33:36:088
[WARNING] 10:33:36:088 KERNEL/(1257:1261): La conexión remota se ha desconectado.
[ERROR] 10:33:36:088 KERNEL/(1257:1265): Carpincho 3 desconectado :p
[WARNING] 10:33:36:088 KERNEL/(1257:1267): La conexión remota se ha desconectado.
[ERROR] 10:33:36:088 KERNEL/(1257:1267): Carpincho 0 desconectado :p
[ERROR] 10:33:36:088 KERNEL/(1257:1261): Carpincho 2 desconectado :p
[INFO] 10:35:13:571 KERNEL/(1470:1470): Creando el socket en la IP 127.0.0.1 con Puerto 10216
[INFO] 10:35:13:571 KERNEL/(1470:1470): Socket funcionando
[INFO] 10:35:13:571 KERNEL/(1470:1470): Kernel listo
[INFO] 10:35:13:571 KERNEL/(1470:1470): Kernel esperando algun carpincho
[WARNING] 10:35:15:059 KERNEL/(1470:1470): Se ha conectado un carpincho
[INFO] 10:35:15:059 KERNEL/(1470:1470): Kernel esperando algun carpincho
[INFO] 10:35:15:059 KERNEL/(1470:1474): Carpincho 0 empezando a trabajar a la hora 10:35:15:059
[WARNING] 10:35:15:619 KERNEL/(1470:1470): Se ha conectado un carpincho
[INFO] 10:35:15:619 KERNEL/(1470:1470): Kernel esperando algun carpincho
[INFO] 10:35:15:619 KERNEL/(1470:1475): Carpincho 1 empezando a trabajar a la hora 10:35:15:619
[WARNING] 10:35:16:123 KERNEL/(1470:1470): Se ha conectado un carpincho
[INFO] 10:35:16:123 KERNEL/(1470:1470): Kernel esperando algun carpincho
[INFO] 10:35:16:123 KERNEL/(1470:1476): Carpincho 2 empezando a trabajar a la hora 10:35:16:123
[WARNING] 10:35:17:178 KERNEL/(1470:1474): La conexión remota se ha desconectado.
[WARNING] 10:35:17:178 KERNEL/(1470:1476): La conexión remota se ha desconectado.
[ERROR] 10:35:17:178 KERNEL/(1470:1474): Carpincho 0 desconectado :p
[WARNING] 10:35:17:178 KERNEL/(1470:1475): La conexión remota se ha desconectado.
[ERROR] 10:35:17:179 KERNEL/(1470:1476): Carpincho 2 desconectado :p
[ERROR] 10:35:17:182 KERNEL/(1470:1475): Carpincho 1 desconectado :p
[INFO] 10:35:17:182 KERNEL/(1470:1477): Carpincho 2 empezando a trabajar a la hora 10:35:17:182
[INFO] 10:35:17:182 KERNEL/(1470:1474): Carpincho 0 empezando a trabajar a la hora 10:35:17:182
[INFO] 10:35:17:182 KERNEL/(1470:1478): Carpincho 1 empezando a trabajar a la hora 10:35:17:182
[WARNING] 10:35:17:182 KERNEL/(1470:1478): La conexión remota se ha desconectado.
[ERROR] 10:35:17:182 KERNEL/(1470:1478): Carpincho 1 desconectado :p
[WARNING] 10:35:17:182 KERNEL/(1470:1477): La conexión remota se ha desconectado.
[WARNING] 10:35:17:182 KERNEL/(1470:1474): La conexión remota se ha desconectado.
[INFO] 10:35:17:183 KERNEL/(1470:1480): Carpincho 1 empezando a trabajar a la hora 10:35:17:183
[WARNING] 10:35:17:183 KERNEL/(1470:1480): La conexión remota se ha desconectado.
[ERROR] 10:35:17:183 KERNEL/(1470:1480): Carpincho 1 desconectado :p
[INFO] 10:35:17:183 KERNEL/(1470:1481): Carpincho 1 empezando a trabajar a la hora 10:35:17:183
[WARNING] 10:35:17:183 KERNEL/(1470:1481): La conexión remota se ha desconectado.
[ERROR] 10:35:17:183 KERNEL/(1470:1481): Carpincho 1 desconectado :p
[ERROR] 10:35:17:183 KERNEL/(1470:1477): Carpincho 2 desconectado :p
[INFO] 10:35:17:183 KERNEL/(1470:1475): Carpincho 1 empezando a trabajar a la hora 10:35:17:183
[WARNING] 10:35:17:183 KERNEL/(1470:1475): La conexión remota se ha desconectado.
[ERROR] 10:35:17:183 KERNEL/(1470:1475): Carpincho 1 desconectado :p
[INFO] 10:35:17:183 KERNEL/(1470:1475): Carpincho 2 empezando a trabajar a la hora 10:35:17:183
[WARNING] 10:35:17:183 KERNEL/(1470:1475): La conexión remota se ha desconectado.
[ERROR] 10:35:17:183 KERNEL/(1470:1475): Carpincho 2 desconectado :p
[INFO] 10:35:17:183 KERNEL/(1470:1479): Carpincho 1 empezando a trabajar a la hora 10:35:17:183
[WARNING] 10:35:17:184 KERNEL/(1470:1479): La conexión remota se ha desconectado.
[ERROR] 10:35:17:183 KERNEL/(1470:1474): Carpincho 0 desconectado :p
[ERROR] 10:35:17:184 KERNEL/(1470:1479): Carpincho 1 desconectado :p
[INFO] 10:35:17:184 KERNEL/(1470:1479): Carpincho 2 empezando a trabajar a la hora 10:35:17:184
[INFO] 10:35:17:184 KERNEL/(1470:1480): Carpincho 1 empezando a trabajar a la hora 10:35:17:184
[INFO] 10:35:17:184 KERNEL/(1470:1474): Carpincho 0 empezando a trabajar a la hora 10:35:17:184
[WARNING] 10:35:17:184 KERNEL/(1470:1480): La conexión remota se ha desconectado.
[ERROR] 10:35:17:184 KERNEL/(1470:1480): Carpincho 1 desconectado :p
[WARNING] 10:35:17:184 KERNEL/(1470:1474): La conexión remota se ha desconectado.
[INFO] 10:35:17:184 KERNEL/(1470:1477): Carpincho 1 empezando a trabajar a la hora 10:35:17:184
[ERROR] 10:35:17:184 KERNEL/(1470:1474): Carpincho 0 desconectado :p
[INFO] 10:35:17:184 KERNEL/(1470:1475): Carpincho 0 empezando a trabajar a la hora 10:35:17:184
[WARNING] 10:35:17:184 KERNEL/(1470:1475): La conexión remota se ha desconectado.
[WARNING] 10:35:17:184 KERNEL/(1470:1479): La conexión remota se ha desconectado.
[WARNING] 10:35:17:184 KERNEL/(1470:1477): La conexión remota se ha desconectado.
[ERROR] 10:35:17:184 KERNEL/(1470:1475): Carpincho 0 desconectado :p
[ERROR] 10:35:17:184 KERNEL/(1470:1479): Carpincho 2 desconectado :p
[ERROR] 10:35:17:185 KERNEL/(1470:1477): Carpincho 1 desconectado :p
[INFO] 10:35:17:185 KERNEL/(1470:1476): Carpincho 0 empezando a trabajar a la hora 10:35:17:184
[INFO] 10:35:17:185 KERNEL/(1470:1478): Carpincho 2 empezando a trabajar a la hora 10:35:17:185
[WARNING] 10:35:17:185 KERNEL/(1470:1476): La conexión remota se ha desconectado.
[ERROR] 10:35:17:185 KERNEL/(1470:1476): Carpincho 0 desconectado :p
[INFO] 10:35:17:185 KERNEL/(1470:1481): Carpincho 1 empezando a trabajar a la hora 10:35:17:185
[WARNING] 10:35:17:185 KERNEL/(1470:1481): La conexión remota se ha desconectado.
[INFO] 10:35:17:185 KERNEL/(1470:1480): Carpincho 0 empezando a trabajar a la hora 10:35:17:185
[ERROR] 10:35:17:185 KERNEL/(1470:1481): Carpincho 1 desconectado :p
[WARNING] 10:35:17:185 KERNEL/(1470:1480): La conexión remota se ha desconectado.
[WARNING] 10:35:17:185 KERNEL/(1470:1478): La conexión remota se ha desconectado.
[ERROR] 10:35:17:185 KERNEL/(1470:1480): Carpincho 0 desconectado :p
[ERROR] 10:35:17:185 KERNEL/(1470:1478): Carpincho 2 desconectado :p
[INFO] 10:35:51:953 KERNEL/(1597:1597): Creando el socket en la IP 127.0.0.1 con Puerto 10216
[INFO] 10:35:51:953 KERNEL/(1597:1597): Socket funcionando
[INFO] 10:35:51:954 KERNEL/(1597:1597): Kernel listo
[INFO] 10:35:51:954 KERNEL/(1597:1597): Kernel esperando algun carpincho
[WARNING] 10:35:54:137 KERNEL/(1597:1597): Se ha conectado un carpincho
[INFO] 10:35:54:138 KERNEL/(1597:1597): Kernel esperando algun carpincho
[INFO] 10:35:54:138 KERNEL/(1597:1601): Carpincho 0 empezando a trabajar a la hora 10:35:54:138
[WARNING] 10:35:54:473 KERNEL/(1597:1597): Se ha conectado un carpincho
[INFO] 10:35:54:473 KERNEL/(1597:1597): Kernel esperando algun carpincho
[INFO] 10:35:54:473 KERNEL/(1597:1602): Carpincho 1 empezando a trabajar a la hora 10:35:54:473
[WARNING] 10:35:54:833 KERNEL/(1597:1597): Se ha conectado un carpincho
[INFO] 10:35:54:834 KERNEL/(1597:1597): Kernel esperando algun carpincho
[INFO] 10:35:54:834 KERNEL/(1597:1603): Carpincho 2 empezando a trabajar a la hora 10:35:54:834
[WARNING] 10:35:55:857 KERNEL/(1597:1601): La conexión remota se ha desconectado.
[WARNING] 10:35:55:857 KERNEL/(1597:1602): La conexión remota se ha desconectado.
[ERROR] 10:35:55:858 KERNEL/(1597:1602): Carpincho 1 desconectado :p
[ERROR] 10:35:55:857 KERNEL/(1597:1601): Carpincho 0 desconectado :p
[WARNING] 10:35:55:858 KERNEL/(1597:1603): La conexión remota se ha desconectado.
[INFO] 10:35:55:858 KERNEL/(1597:1604): Carpincho 1 empezando a trabajar a la hora 10:35:55:858
[WARNING] 10:35:55:858 KERNEL/(1597:1604): La conexión remota se ha desconectado.
[ERROR] 10:35:55:858 KERNEL/(1597:1604): Carpincho 1 desconectado :p
[INFO] 10:35:55:858 KERNEL/(1597:1605): Carpincho 0 empezando a trabajar a la hora 10:35:55:858
[WARNING] 10:35:55:858 KERNEL/(1597:1605): La conexión remota se ha desconectado.
[ERROR] 10:35:55:858 KERNEL/(1597:1605): Carpincho 0 desconectado :p
[INFO] 10:35:55:858 KERNEL/(1597:1606): Carpincho 1 empezando a trabajar a la hora 10:35:55:858
[WARNING] 10:35:55:858 KERNEL/(1597:1606): La conexión remota se ha desconectado.
[ERROR] 10:35:55:858 KERNEL/(1597:1606): Carpincho 1 desconectado :p
[ERROR] 10:35:55:858 KERNEL/(1597:1603): Carpincho 2 desconectado :p
[INFO] 10:35:55:859 KERNEL/(1597:1603): Carpincho 0 empezando a trabajar a la hora 10:35:55:859
[WARNING] 10:35:55:859 KERNEL/(1597:1603): La conexión remota se ha desconectado.
[ERROR] 10:35:55:859 KERNEL/(1597:1603): Carpincho 0 desconectado :p
[INFO] 10:35:55:859 KERNEL/(1597:1602): Carpincho 1 empezando a trabajar a la hora 10:35:55:859
[INFO] 10:35:55:859 KERNEL/(1597:1608): Carpincho 2 empezando a trabajar a la hora 10:35:55:859
[WARNING] 10:35:55:859 KERNEL/(1597:1602): La conexión remota se ha desconectado.
[WARNING] 10:35:55:859 KERNEL/(1597:1608): La conexión remota se ha desconectado.
[INFO] 10:35:55:859 KERNEL/(1597:1601): Carpincho 0 empezando a trabajar a la hora 10:35:55:859
[ERROR] 10:35:55:859 KERNEL/(1597:1608): Carpincho 2 desconectado :p
[INFO] 10:35:55:859 KERNEL/(1597:1604): Carpincho 2 empezando a trabajar a la hora 10:35:55:859
[WARNING] 10:35:55:859 KERNEL/(1597:1604): La conexión remota se ha desconectado.
[ERROR] 10:35:55:859 KERNEL/(1597:1604): Carpincho 2 desconectado :p
[ERROR] 10:35:55:859 KERNEL/(1597:1602): Carpincho 1 desconectado :p
[WARNING] 10:35:55:859 KERNEL/(1597:1601): La conexión remota se ha desconectado.
[INFO] 10:35:55:859 KERNEL/(1597:1605): Carpincho 2 empezando a trabajar a la hora 10:35:55:859
[ERROR] 10:35:55:859 KERNEL/(1597:1601): Carpincho 0 desconectado :p
[INFO] 10:35:55:860 KERNEL/(1597:1606): Carpincho 1 empezando a trabajar a la hora 10:35:55:860
[WARNING] 10:35:55:860 KERNEL/(1597:1606): La conexión remota se ha desconectado.
[ERROR] 10:35:55:860 KERNEL/(1597:1606): Carpincho 1 desconectado :p
[WARNING] 10:35:55:860 KERNEL/(1597:1605): La conexión remota se ha desconectado.
[ERROR] 10:35:55:860 KERNEL/(1597:1605): Carpincho 2 desconectado :p
[INFO] 10:35:55:860 KERNEL/(1597:1605): Carpincho 0 empezando a trabajar a la hora 10:35:55:860
[WARNING] 10:35:55:860 KERNEL/(1597:1605): La conexión remota se ha desconectado.
[ERROR] 10:35:55:860 KERNEL/(1597:1605): Carpincho 0 desconectado :p
[INFO] 10:35:55:860 KERNEL/(1597:1604): Carpincho 1 empezando a trabajar a la hora 10:35:55:860
[INFO] 10:35:55:860 KERNEL/(1597:1608): Carpincho 2 empezando a trabajar a la hora 10:35:55:860
[WARNING] 10:35:55:860 KERNEL/(1597:1604): La conexión remota se ha desconectado.
[INFO] 10:35:55:860 KERNEL/(1597:1603): Carpincho 0 empezando a trabajar a la hora 10:35:55:860
[WARNING] 10:35:55:860 KERNEL/(1597:1608): La conexión remota se ha desconectado.
[WARNING] 10:35:55:860 KERNEL/(1597:1603): La conexión remota se ha desconectado.
[ERROR] 10:35:55:860 KERNEL/(1597:1608): Carpincho 2 desconectado :p
[ERROR] 10:35:55:860 KERNEL/(1597:1603): Carpincho 0 desconectado :p
[ERROR] 10:35:55:860 KERNEL/(1597:1604): Carpincho 1 desconectado :p
[INFO] 10:35:55:861 KERNEL/(1597:1602): Carpincho 0 empezando a trabajar a la hora 10:35:55:861
[WARNING] 10:35:55:861 KERNEL/(1597:1602): La conexión remota se ha desconectado.
[ERROR] 10:35:55:861 KERNEL/(1597:1602): Carpincho 0 desconectado :p
[INFO] 10:35:55:861 KERNEL/(1597:1606): Carpincho 1 empezando a trabajar a la hora 10:35:55:861
[INFO] 10:35:55:861 KERNEL/(1597:1601): Carpincho 2 empezando a trabajar a la hora 10:35:55:861
[WARNING] 10:35:55:861 KERNEL/(1597:1606): La conexión remota se ha desconectado.
[WARNING] 10:35:55:861 KERNEL/(1597:1601): La conexión remota se ha desconectado.
[ERROR] 10:35:55:861 KERNEL/(1597:1601): Carpincho 2 desconectado :p
[ERROR] 10:35:55:861 KERNEL/(1597:1606): Carpincho 1 desconectado :p
[WARNING] 10:35:59:745 KERNEL/(1597:1597): Se ha conectado un carpincho
[INFO] 10:35:59:746 KERNEL/(1597:1597): Kernel esperando algun carpincho
[WARNING] 10:36:00:105 KERNEL/(1597:1597): Se ha conectado un carpincho
[INFO] 10:36:00:105 KERNEL/(1597:1597): Kernel esperando algun carpincho
[WARNING] 10:36:00:553 KERNEL/(1597:1597): Se ha conectado un carpincho
[INFO] 10:36:00:554 KERNEL/(1597:1597): Kernel esperando algun carpincho
[WARNING] 10:36:08:905 KERNEL/(1597:1597): Se ha conectado un carpincho
[INFO] 10:36:08:905 KERNEL/(1597:1597): Kernel esperando algun carpincho
[WARNING] 10:36:09:345 KERNEL/(1597:1597): Se ha conectado un carpincho
[INFO] 10:36:09:346 KERNEL/(1597:1597): Kernel esperando algun carpincho
[WARNING] 10:36:10:049 KERNEL/(1597:1597): Se ha conectado un carpincho
[INFO] 10:36:10:049 KERNEL/(1597:1597): Kernel esperando algun carpincho
[WARNING] 10:36:12:753 KERNEL/(1597:1597): Se ha conectado un carpincho
[INFO] 10:36:12:753 KERNEL/(1597:1597): Kernel esperando algun carpincho
[WARNING] 10:36:13:129 KERNEL/(1597:1597): Se ha conectado un carpincho
[INFO] 10:36:13:129 KERNEL/(1597:1597): Kernel esperando algun carpincho
[WARNING] 10:36:13:537 KERNEL/(1597:1597): Se ha conectado un carpincho
[INFO] 10:36:13:537 KERNEL/(1597:1597): Kernel esperando algun carpincho
[WARNING] 10:36:16:296 KERNEL/(1597:1597): Se ha conectado un carpincho
[INFO] 10:36:16:297 KERNEL/(1597:1597): Kernel esperando algun carpincho
[WARNING] 10:36:16:625 KERNEL/(1597:1597): Se ha conectado un carpincho
[INFO] 10:36:16:625 KERNEL/(1597:1597): Kernel esperando algun carpincho
[WARNING] 10:36:16:984 KERNEL/(1597:1597): Se ha conectado un carpincho
[INFO] 10:36:16:985 KERNEL/(1597:1597): Kernel esperando algun carpincho
[INFO] 11:11:44:151 KERNEL/(2579:2579): Creando el socket en la IP 127.0.0.1 con Puerto 10216
[INFO] 11:11:44:151 KERNEL/(2579:2579): Socket funcionando
[INFO] 11:11:44:152 KERNEL/(2579:2579): Kernel listo
[INFO] 11:11:44:152 KERNEL/(2579:2579): Kernel esperando algun carpincho
[WARNING] 11:11:50:095 KERNEL/(2579:2579): Se ha conectado un carpincho
[INFO] 11:11:50:095 KERNEL/(2579:2579): Kernel esperando algun carpincho
[INFO] 11:11:50:095 KERNEL/(2579:2583): Carpincho 0 empezando a trabajar a la hora 11:11:50:095
[WARNING] 11:11:51:143 KERNEL/(2579:2583): La conexión remota se ha desconectado.
[ERROR] 11:11:51:143 KERNEL/(2579:2583): Carpincho 0 desconectado :p
[INFO] 11:11:51:143 KERNEL/(2579:2584): Carpincho 0 empezando a trabajar a la hora 11:11:51:143
[WARNING] 11:11:51:143 KERNEL/(2579:2584): La conexión remota se ha desconectado.
[ERROR] 11:11:51:143 KERNEL/(2579:2584): Carpincho 0 desconectado :p
[INFO] 11:11:51:143 KERNEL/(2579:2585): Carpincho 0 empezando a trabajar a la hora 11:11:51:143
[WARNING] 11:11:51:143 KERNEL/(2579:2585): La conexión remota se ha desconectado.
[ERROR] 11:11:51:143 KERNEL/(2579:2585): Carpincho 0 desconectado :p
[INFO] 11:11:51:143 KERNEL/(2579:2586): Carpincho 0 empezando a trabajar a la hora 11:11:51:143
[WARNING] 11:11:51:143 KERNEL/(2579:2586): La conexión remota se ha desconectado.
[ERROR] 11:11:51:143 KERNEL/(2579:2586): Carpincho 0 desconectado :p
[INFO] 11:11:51:144 KERNEL/(2579:2589): Carpincho 0 empezando a trabajar a la hora 11:11:51:144
[WARNING] 11:11:51:144 KERNEL/(2579:2589): La conexión remota se ha desconectado.
[ERROR] 11:11:51:144 KERNEL/(2579:2589): Carpincho 0 desconectado :p
[INFO] 11:11:51:144 KERNEL/(2579:2588): Carpincho 0 empezando a trabajar a la hora 11:11:51:144
[WARNING] 11:11:51:144 KERNEL/(2579:2588): La conexión remota se ha desconectado.
[ERROR] 11:11:51:144 KERNEL/(2579:2588): Carpincho 0 desconectado :p
[INFO] 11:11:51:144 KERNEL/(2579:2587): Carpincho 0 empezando a trabajar a la hora 11:11:51:144
[WARNING] 11:11:51:144 KERNEL/(2579:2587): La conexión remota se ha desconectado.
[ERROR] 11:11:51:144 KERNEL/(2579:2587): Carpincho 0 desconectado :p
[INFO] 11:11:51:144 KERNEL/(2579:2590): Carpincho 0 empezando a trabajar a la hora 11:11:51:144
[WARNING] 11:11:51:144 KERNEL/(2579:2590): La conexión remota se ha desconectado.
[ERROR] 11:11:51:144 KERNEL/(2579:2590): Carpincho 0 desconectado :p
[INFO] 11:11:51:144 KERNEL/(2579:2583): Carpincho 0 empezando a trabajar a la hora 11:11:51:144
[WARNING] 11:11:51:144 KERNEL/(2579:2583): La conexión remota se ha desconectado.
[ERROR] 11:11:51:144 KERNEL/(2579:2583): Carpincho 0 desconectado :p
[INFO] 11:11:51:144 KERNEL/(2579:2584): Carpincho 0 empezando a trabajar a la hora 11:11:51:144
[WARNING] 11:11:51:144 KERNEL/(2579:2584): La conexión remota se ha desconectado.
[ERROR] 11:11:51:144 KERNEL/(2579:2584): Carpincho 0 desconectado :p
[INFO] 11:11:51:144 KERNEL/(2579:2585): Carpincho 0 empezando a trabajar a la hora 11:11:51:144
[WARNING] 11:11:51:145 KERNEL/(2579:2585): La conexión remota se ha desconectado.
[ERROR] 11:11:51:145 KERNEL/(2579:2585): Carpincho 0 desconectado :p
[INFO] 11:11:51:145 KERNEL/(2579:2586): Carpincho 0 empezando a trabajar a la hora 11:11:51:145
[WARNING] 11:11:51:145 KERNEL/(2579:2586): La conexión remota se ha desconectado.
[ERROR] 11:11:51:145 KERNEL/(2579:2586): Carpincho 0 desconectado :p
[INFO] 11:11:51:145 KERNEL/(2579:2589): Carpincho 0 empezando a trabajar a la hora 11:11:51:145
[WARNING] 11:11:51:145 KERNEL/(2579:2589): La conexión remota se ha desconectado.
[ERROR] 11:11:51:145 KERNEL/(2579:2589): Carpincho 0 desconectado :p
[INFO] 11:11:51:145 KERNEL/(2579:2588): Carpincho 0 empezando a trabajar a la hora 11:11:51:145
[WARNING] 11:11:51:145 KERNEL/(2579:2588): La conexión remota se ha desconectado.
[ERROR] 11:11:51:145 KERNEL/(2579:2588): Carpincho 0 desconectado :p
[INFO] 11:11:51:145 KERNEL/(2579:2587): Carpincho 0 empezando a trabajar a la hora 11:11:51:145
[WARNING] 11:11:51:145 KERNEL/(2579:2587): La conexión remota se ha desconectado.
[ERROR] 11:11:51:145 KERNEL/(2579:2587): Carpincho 0 desconectado :p
[INFO] 11:11:51:145 KERNEL/(2579:2590): Carpincho 0 empezando a trabajar a la hora 11:11:51:145
[WARNING] 11:11:51:145 KERNEL/(2579:2590): La conexión remota se ha desconectado.
[ERROR] 11:11:51:145 KERNEL/(2579:2590): Carpincho 0 desconectado :p
[INFO] 11:11:51:145 KERNEL/(2579:2583): Carpincho 0 empezando a trabajar a la hora 11:11:51:145
[WARNING] 11:11:51:146 KERNEL/(2579:2583): La conexión remota se ha desconectado.
[ERROR] 11:11:51:146 KERNEL/(2579:2583): Carpincho 0 desconectado :p
[INFO] 11:11:51:146 KERNEL/(2579:2584): Carpincho 0 empezando a trabajar a la hora 11:11:51:146
[WARNING] 11:11:51:146 KERNEL/(2579:2584): La conexión remota se ha desconectado.
[ERROR] 11:11:51:146 KERNEL/(2579:2584): Carpincho 0 desconectado :p
[INFO] 11:11:51:146 KERNEL/(2579:2585): Carpincho 0 empezando a trabajar a la hora 11:11:51:146
[WARNING] 11:11:51:146 KERNEL/(2579:2585): La conexión remota se ha desconectado.
[ERROR] 11:11:51:146 KERNEL/(2579:2585): Carpincho 0 desconectado :p
[INFO] 11:11:51:146 KERNEL/(2579:2586): Carpincho 0 empezando a trabajar a la hora 11:11:51:146
[WARNING] 11:11:51:146 KERNEL/(2579:2586): La conexión remota se ha desconectado.
[ERROR] 11:11:51:146 KERNEL/(2579:2586): Carpincho 0 desconectado :p
[WARNING] 11:11:57:599 KERNEL/(2579:2579): Se ha conectado un carpincho
[INFO] 11:11:57:599 KERNEL/(2579:2579): Kernel esperando algun carpincho
[WARNING] 11:12:00:455 KERNEL/(2579:2579): Se ha conectado un carpincho
[INFO] 11:12:00:455 KERNEL/(2579:2579): Kernel esperando algun carpincho
[ERROR] 12:21:44:878 KERNEL/(7195:7195): error al crear hilo de deteccion de deadlock
[INFO] 12:21:44:878 KERNEL/(7195:7195): Kernel esperando algun carpincho
[WARNING] 12:25:14:373 KERNEL/(7195:7195): Se ha conectado un carpincho
[ERROR] 12:25:14:375 KERNEL/(7195:7195): Error en la recepcion del puerto de la memoria
[INFO] 12:25:14:375 KERNEL/(7195:7195): Kernel esperando algun carpincho
[INFO] 12:25:14:376 KERNEL/(7195:7199): Carpincho 0 empezando a trabajar en el instante 12:25:14:375
[INFO] 12:25:14:376 KERNEL/(7195:7199): Carpincho 0 devolviendo un TODOOK luego de ser bloqueado
[WARNING] 12:27:52:931 KERNEL/(7195:7199): Carpincho 0 envio un MEM_ALLOC
[WARNING] 12:28:57:626 KERNEL/(7195:7199): Carpincho 0 envio un MEM_ALLOC
[WARNING] 12:29:02:522 KERNEL/(7195:7199): Carpincho 0 envio un MEM_ALLOC
[WARNING] 12:29:29:007 KERNEL/(7195:7199): Carpincho 0 envio un MEM_ALLOC
[WARNING] 12:31:28:837 KERNEL/(7195:7199): Ha ocurrido un fallo inesperado en la recepción del mensaje.
[ERROR] 12:31:28:837 KERNEL/(7195:7199): Carpincho 0 desconectado :p
[INFO] 12:31:28:837 KERNEL/(7195:7199): Carpincho 0 termino de trabajar en el instante 12:31:28:837
[ERROR] 12:32:56:747 KERNEL/(8254:8254): error al crear hilo de deteccion de deadlock
[INFO] 12:32:56:747 KERNEL/(8254:8254): Kernel esperando algun carpincho
[WARNING] 12:33:03:242 KERNEL/(8254:8254): Se ha conectado un carpincho
[ERROR] 12:33:03:242 KERNEL/(8254:8254): Error en la recepcion del puerto de la memoria
[INFO] 12:33:03:243 KERNEL/(8254:8254): Kernel esperando algun carpincho
[INFO] 12:33:03:243 KERNEL/(8254:8258): Carpincho 0 empezando a trabajar en el instante 12:33:03:243
[WARNING] 12:33:25:600 KERNEL/(8254:8258): Carpincho 0 envio un MEM_ALLOC
[ERROR] 12:35:43:959 KERNEL/(8305:8305): error al crear hilo de deteccion de deadlock
[INFO] 12:35:43:959 KERNEL/(8305:8305): Kernel esperando algun carpincho
[ERROR] 12:35:58:535 KERNEL/(8419:8419): error al crear hilo de deteccion de deadlock
[INFO] 12:35:58:535 KERNEL/(8419:8419): Kernel esperando algun carpincho
[WARNING] 12:36:03:399 KERNEL/(8419:8419): Se ha conectado un carpincho
[ERROR] 12:36:03:399 KERNEL/(8419:8419): Error en la recepcion del puerto de la memoria
[INFO] 12:36:03:400 KERNEL/(8419:8419): Kernel esperando algun carpincho
[INFO] 12:36:03:400 KERNEL/(8419:8423): Carpincho 0 empezando a trabajar en el instante 12:36:03:400
[WARNING] 12:36:10:814 KERNEL/(8419:8423): Carpincho 0 envio un MEM_ALLOC
[INFO] 12:36:10:814 KERNEL/(8419:8423): Carpincho 0 entrando a la comunicacion con la memoria
[ERROR] 12:40:11:690 KERNEL/(8705:8705): error al crear hilo de deteccion de deadlock
[INFO] 12:40:11:690 KERNEL/(8705:8705): Kernel esperando algun carpincho
[WARNING] 12:40:50:526 KERNEL/(8705:8705): Se ha conectado un carpincho
[ERROR] 12:40:50:527 KERNEL/(8705:8705): Error en la recepcion del puerto de la memoria
[INFO] 12:40:50:527 KERNEL/(8705:8705): Kernel esperando algun carpincho
[INFO] 12:40:50:527 KERNEL/(8705:8712): Carpincho 0 empezando a trabajar en el instante 12:40:50:527
[WARNING] 12:41:00:038 KERNEL/(8705:8712): Carpincho 0 envio un MEM_ALLOC
[INFO] 12:41:00:038 KERNEL/(8705:8712): Carpincho 0 entrando a la comunicacion con la memoria
[INFO] 12:41:00:038 KERNEL/(8705:8712): Carpincho 0 creo el mensaje MEM_ALLOC y le agrego el parametro 3
[WARNING] 12:42:09:850 KERNEL/(8705:8705): Se ha conectado un carpincho
[ERROR] 12:42:09:850 KERNEL/(8705:8705): Error en la recepcion del puerto de la memoria
[INFO] 12:42:09:850 KERNEL/(8705:8705): Kernel esperando algun carpincho
[INFO] 12:42:09:852 KERNEL/(8705:8711): Carpincho 1 empezando a trabajar en el instante 12:42:09:852
[WARNING] 12:42:33:041 KERNEL/(8705:8711): Carpincho 1 envio un MEM_ALLOC
[INFO] 12:42:33:041 KERNEL/(8705:8711): Carpincho 1 entrando a la comunicacion con la memoria
[INFO] 12:42:33:041 KERNEL/(8705:8711): Carpincho 1 creo el mensaje MEM_ALLOC y le agrego el parametro 3
