[INFO] 13:56:53:380 client/(7675:7675): Soy un Log
[INFO] 13:56:53:380 client/(7675:7675): Soy un Log
[INFO] 13:59:26:711 client/(7787:7787): Soy un Log
[INFO] 20:47:56:625 client/(4342:4342): Soy un Log
[INFO] 20:47:56:626 client/(4342:4342): 123
[INFO] 20:47:58:992 client/(4342:4342): gh
[INFO] 20:47:59:903 client/(4342:4342): gh
[INFO] 20:48:01:950 client/(4342:4342): v
[INFO] 21:25:54:135 client/(5946:5946): Soy un Log
[INFO] 21:25:54:136 client/(5946:5946): 123
[INFO] 21:27:35:523 client/(6028:6028): Soy un Log
[INFO] 21:27:35:524 client/(6028:6028): 123
[INFO] 21:27:35:524 client/(6028:6028): 127.0.0.1
[INFO] 21:27:35:524 client/(6028:6028): 4444
[INFO] 21:31:40:065 client/(6028:6028): gfh fghfgh
[INFO] 21:39:29:892 client/(6328:6328): Soy un Log
[INFO] 21:39:29:896 client/(6328:6328): 123
[INFO] 21:39:29:896 client/(6328:6328): 127.0.0.1
[INFO] 21:39:29:896 client/(6328:6328): 4444
[INFO] 21:44:33:888 client/(6502:6502): Soy un Log
[INFO] 21:44:33:889 client/(6502:6502): 123
[INFO] 21:44:33:889 client/(6502:6502): 127.0.0.1
[INFO] 21:44:33:889 client/(6502:6502): 4444
[INFO] 21:45:40:660 client/(6574:6574): Soy un Log
[INFO] 21:45:40:661 client/(6574:6574): 123
[INFO] 21:45:40:661 client/(6574:6574): 127.0.0.1
[INFO] 21:45:40:661 client/(6574:6574): 4444
[INFO] 21:45:47:888 client/(6574:6574): s
[INFO] 21:46:38:023 client/(6636:6636): Soy un Log
[INFO] 21:46:38:024 client/(6636:6636): 123
[INFO] 21:46:38:024 client/(6636:6636): 127.0.0.1
[INFO] 21:46:38:024 client/(6636:6636): 4444
[INFO] 21:48:02:778 client/(6742:6742): Soy un Log
[INFO] 21:48:02:779 client/(6742:6742): 123
[INFO] 21:48:02:779 client/(6742:6742): 127.0.0.1
[INFO] 21:48:02:779 client/(6742:6742): 4444
[INFO] 21:48:02:779 client/(6742:6742): 1
[INFO] 21:51:20:958 client/(6866:6866): Soy un Log
[INFO] 21:51:20:959 client/(6866:6866): 123
[INFO] 21:51:20:959 client/(6866:6866): 127.0.0.1
[INFO] 21:51:20:959 client/(6866:6866): 4444
[INFO] 21:51:56:322 client/(6910:6910): Soy un Log
[INFO] 21:51:56:323 client/(6910:6910): 123
[INFO] 21:51:56:323 client/(6910:6910): 127.0.0.1
[INFO] 21:51:56:323 client/(6910:6910): 4444
[INFO] 21:52:05:241 client/(6932:6932): Soy un Log
[INFO] 21:52:05:241 client/(6932:6932): 123
[INFO] 21:52:05:241 client/(6932:6932): 127.0.0.1
[INFO] 21:52:05:242 client/(6932:6932): 4444
[INFO] 21:52:28:408 client/(6966:6966): Soy un Log
[INFO] 21:52:28:414 client/(6966:6966): 123
[INFO] 21:52:28:414 client/(6966:6966): 127.0.0.1
[INFO] 21:52:28:414 client/(6966:6966): 4444
[INFO] 21:53:06:670 client/(6982:6982): Soy un Log
[INFO] 21:53:06:671 client/(6982:6982): 123
[INFO] 21:53:06:671 client/(6982:6982): 127.0.0.1
[INFO] 21:53:06:671 client/(6982:6982): 4444
[INFO] 21:53:11:183 client/(6982:6982): s
[INFO] 22:03:38:198 client/(7247:7247): Soy un Log
[INFO] 22:03:38:199 client/(7247:7247): 123
[INFO] 22:03:38:199 client/(7247:7247): 127.0.0.1
[INFO] 22:03:38:200 client/(7247:7247): 4444
[INFO] 22:04:19:291 client/(7300:7300): Soy un Log
[INFO] 22:04:19:292 client/(7300:7300): 123
[INFO] 22:04:19:292 client/(7300:7300): 127.0.0.1
[INFO] 22:04:19:292 client/(7300:7300): 4444
[INFO] 22:05:44:329 client/(7370:7370): Soy un Log
[INFO] 22:05:44:334 client/(7370:7370): 123
[INFO] 22:05:44:334 client/(7370:7370): 127.0.0.1
[INFO] 22:05:44:335 client/(7370:7370): 4444
[INFO] 22:09:39:069 client/(7525:7525): Soy un Log
[INFO] 22:09:39:071 client/(7525:7525): 123
[INFO] 22:09:39:071 client/(7525:7525): 127.0.0.1
[INFO] 22:09:39:071 client/(7525:7525): 4444
[INFO] 22:10:10:793 client/(7560:7560): Soy un Log
[INFO] 22:10:10:794 client/(7560:7560): 123
[INFO] 22:10:10:797 client/(7560:7560): 127.0.0.1
[INFO] 22:10:10:797 client/(7560:7560): 4444
[INFO] 22:10:29:886 client/(7582:7582): Soy un Log
[INFO] 22:10:29:897 client/(7582:7582): 123
[INFO] 22:10:29:897 client/(7582:7582): 127.0.0.1
[INFO] 22:10:29:897 client/(7582:7582): 4444
[INFO] 22:14:43:677 client/(7683:7683): Soy un Log
[INFO] 22:14:43:678 client/(7683:7683): 123
[INFO] 22:14:43:678 client/(7683:7683): 127.0.0.1
[INFO] 22:14:43:680 client/(7683:7683): 4444
[INFO] 22:15:29:914 client/(7722:7722): Soy un Log
[INFO] 22:15:29:915 client/(7722:7722): 123
[INFO] 22:15:29:915 client/(7722:7722): 127.0.0.1
[INFO] 22:15:29:915 client/(7722:7722): 4444
[INFO] 22:16:03:097 client/(7765:7765): Soy un Log
[INFO] 22:16:03:098 client/(7765:7765): 123
[INFO] 22:16:03:101 client/(7765:7765): 127.0.0.1
[INFO] 22:16:03:101 client/(7765:7765): 4444
[INFO] 22:17:55:957 client/(7801:7801): Soy un Log
[INFO] 22:17:55:958 client/(7801:7801): 123
[INFO] 22:17:55:958 client/(7801:7801): 127.0.0.1
[INFO] 22:17:55:958 client/(7801:7801): 4444
[INFO] 22:19:22:280 client/(7876:7876): Soy un Log
[INFO] 22:19:22:280 client/(7876:7876): 123
[INFO] 22:19:22:280 client/(7876:7876): 127.0.0.1
[INFO] 22:19:22:280 client/(7876:7876): 4444
[INFO] 22:19:37:805 client/(7889:7889): Soy un Log
[INFO] 22:19:37:806 client/(7889:7889): 123
[INFO] 22:19:37:806 client/(7889:7889): 127.0.0.1
[INFO] 22:19:37:806 client/(7889:7889): 4444
[INFO] 22:19:47:061 client/(7901:7901): Soy un Log
[INFO] 22:19:47:061 client/(7901:7901): 123
[INFO] 22:19:47:061 client/(7901:7901): 127.0.0.1
[INFO] 22:19:47:061 client/(7901:7901): 4444
[INFO] 22:20:15:271 client/(7950:7950): Soy un Log
[INFO] 22:20:15:271 client/(7950:7950): 123
[INFO] 22:20:15:271 client/(7950:7950): 127.0.0.1
[INFO] 22:20:15:271 client/(7950:7950): 4444
[INFO] 22:20:27:314 client/(7962:7962): Soy un Log
[INFO] 22:20:27:314 client/(7962:7962): 123
[INFO] 22:20:27:314 client/(7962:7962): 127.0.0.1
[INFO] 22:20:27:314 client/(7962:7962): 4444
[INFO] 22:20:41:371 client/(7975:7975): Soy un Log
[INFO] 22:20:41:371 client/(7975:7975): 123
[INFO] 22:20:41:371 client/(7975:7975): 127.0.0.1
[INFO] 22:20:41:371 client/(7975:7975): 4444
[INFO] 22:21:11:819 client/(7998:7998): Soy un Log
[INFO] 22:21:11:820 client/(7998:7998): 123
[INFO] 22:21:11:820 client/(7998:7998): 127.0.0.1
[INFO] 22:21:11:820 client/(7998:7998): 4444
[INFO] 22:24:06:291 client/(8092:8092): Soy un Log
[INFO] 22:24:06:297 client/(8092:8092): 123
[INFO] 22:24:06:297 client/(8092:8092): 127.0.0.1
[INFO] 22:24:06:297 client/(8092:8092): 4444
[INFO] 22:24:21:194 client/(8107:8107): Soy un Log
[INFO] 22:24:21:196 client/(8107:8107): 123
[INFO] 22:24:21:196 client/(8107:8107): 127.0.0.1
[INFO] 22:24:21:196 client/(8107:8107): 4444
[INFO] 22:25:09:253 client/(8158:8158): Soy un Log
[INFO] 22:25:09:254 client/(8158:8158): 123
[INFO] 22:25:09:254 client/(8158:8158): 127.0.0.1
[INFO] 22:25:09:254 client/(8158:8158): 4444
[INFO] 22:25:32:867 client/(8176:8176): Soy un Log
[INFO] 22:25:32:867 client/(8176:8176): 123
[INFO] 22:25:32:870 client/(8176:8176): 127.0.0.1
[INFO] 22:25:32:870 client/(8176:8176): 4444
[INFO] 22:25:52:549 client/(8235:8235): Soy un Log
[INFO] 22:25:52:558 client/(8235:8235): 123
[INFO] 22:25:52:558 client/(8235:8235): 127.0.0.1
[INFO] 22:25:52:558 client/(8235:8235): 4444
[INFO] 22:26:03:407 client/(8247:8247): Soy un Log
[INFO] 22:26:03:410 client/(8247:8247): 123
[INFO] 22:26:03:410 client/(8247:8247): 127.0.0.1
[INFO] 22:26:03:410 client/(8247:8247): 4444
[INFO] 22:30:44:494 client/(8361:8361): Soy un Log
[INFO] 22:31:16:393 client/(8411:8411): Soy un Log
[INFO] 22:32:02:929 client/(8457:8457): Soy un Log
[INFO] 22:32:25:575 client/(8488:8488): Soy un Log
[INFO] 22:33:09:294 client/(8516:8516): Soy un Log
[INFO] 22:35:22:121 client/(8656:8656): Soy un Log
[INFO] 22:35:22:122 client/(8656:8656): 123
[INFO] 22:35:22:123 client/(8656:8656): 127.0.0.1
[INFO] 22:35:22:123 client/(8656:8656): 4444
[INFO] 22:36:10:210 client/(8698:8698): Soy un Log
[INFO] 22:36:23:464 client/(8730:8730): Soy un Log
[INFO] 22:36:44:044 client/(8778:8778): Soy un Log
[INFO] 22:37:03:910 client/(8809:8809): Soy un Log
[INFO] 22:37:40:229 client/(8848:8848): Soy un Log
[INFO] 17:11:15:245 client/(4464:4464): Soy un Log
[INFO] 17:30:52:924 client/(5463:5463): Soy un Log
[INFO] 17:31:15:614 client/(5505:5505): Soy un Log
[INFO] 17:31:31:646 client/(5522:5522): Soy un Log
[INFO] 17:31:58:463 client/(5540:5540): Soy un Log
[INFO] 17:34:31:422 client/(5651:5651): Soy un Log
[INFO] 17:35:04:363 client/(5684:5684): Soy un Log
[INFO] 17:41:38:371 client/(6003:6003): Soy un Log
[INFO] 17:44:04:518 client/(6075:6075): Soy un Log
[INFO] 17:44:10:302 client/(6075:6075): g
[INFO] 17:44:13:396 client/(6075:6075): ss
[INFO] 17:44:36:340 client/(6117:6117): Soy un Log
[INFO] 17:48:57:811 client/(6287:6287): Soy un Log
[INFO] 17:49:01:798 client/(6287:6287): d
[INFO] 17:49:03:831 client/(6287:6287): u
[INFO] 17:58:32:745 client/(6583:6583): Soy un Log
[INFO] 17:58:36:737 client/(6583:6583): f
[INFO] 17:59:10:121 client/(6633:6633): Soy un Log
[INFO] 18:00:02:912 client/(6689:6689): Soy un Log
[INFO] 18:00:46:626 client/(6713:6713): Soy un Log
[INFO] 18:01:14:623 client/(6739:6739): Soy un Log
[INFO] 18:04:35:754 client/(6846:6846): Soy un Log
[INFO] 18:05:22:453 client/(6874:6874): Soy un Log
[INFO] 18:07:20:289 client/(7030:7030): Soy un Log
[INFO] 18:07:51:274 client/(7224:7224): Soy un Log
[INFO] 18:10:30:646 client/(7379:7379): Soy un Log
[INFO] 18:13:51:352 client/(7560:7560): Soy un Log
[INFO] 18:14:04:341 client/(7597:7597): Soy un Log
[INFO] 18:14:26:074 client/(7619:7619): Soy un Log
[INFO] 18:14:46:035 client/(7635:7635): Soy un Log
[INFO] 18:19:17:856 client/(7799:7799): Soy un Log
[INFO] 18:25:47:051 client/(8027:8027): Soy un Log
[INFO] 18:30:08:673 client/(8206:8206): Soy un Log
